[2021-12-23T14:32:33,678][INFO ][o.e.n.Node               ] [] initializing ...
[2021-12-23T14:32:34,262][INFO ][o.e.e.NodeEnvironment    ] [q9Ljii_] using [1] data paths, mounts [[Data (D:)]], net usable_space [29.2gb], net total_space [275.6gb], types [NTFS]
[2021-12-23T14:32:34,263][INFO ][o.e.e.NodeEnvironment    ] [q9Ljii_] heap size [989.8mb], compressed ordinary object pointers [true]
[2021-12-23T14:32:34,265][INFO ][o.e.n.Node               ] [q9Ljii_] node name derived from node ID [q9Ljii_WSHWWamI_vjpBuQ]; set [node.name] to override
[2021-12-23T14:32:34,265][INFO ][o.e.n.Node               ] [q9Ljii_] version[6.4.3], pid[27852], build[default/zip/fe40335/2018-10-30T23:17:19.084789Z], OS[Windows 10/10.0/amd64], JVM[Oracle Corporation/Java HotSpot(TM) 64-Bit Server VM/11/11+28]
[2021-12-23T14:32:34,265][INFO ][o.e.n.Node               ] [q9Ljii_] JVM arguments [-Xms1g, -Xmx1g, -XX:+UseConcMarkSweepGC, -XX:CMSInitiatingOccupancyFraction=75, -XX:+UseCMSInitiatingOccupancyOnly, -XX:+AlwaysPreTouch, -Xss1m, -Djava.awt.headless=true, -Dfile.encoding=UTF-8, -Djna.nosys=true, -XX:-OmitStackTraceInFastThrow, -Dio.netty.noUnsafe=true, -Dio.netty.noKeySetOptimization=true, -Dio.netty.recycler.maxCapacityPerThread=0, -Dlog4j.shutdownHookEnabled=false, -Dlog4j2.disable.jmx=true, -Djava.io.tmpdir=C:\Users\Real\AppData\Local\Temp\elasticsearch, -XX:+HeapDumpOnOutOfMemoryError, -XX:HeapDumpPath=data, -XX:ErrorFile=logs/hs_err_pid%p.log, -Xlog:gc*,gc+age=trace,safepoint:file=logs/gc.log:utctime,pid,tags:filecount=32,filesize=64m, -Djava.locale.providers=COMPAT, -XX:UseAVX=2, -Delasticsearch, -Des.path.home=D:\Java\elasticsearch-6.4.3, -Des.path.conf=D:\Java\elasticsearch-6.4.3\config, -Des.distribution.flavor=default, -Des.distribution.type=zip]
[2021-12-23T14:32:35,366][INFO ][o.e.p.PluginsService     ] [q9Ljii_] loaded module [aggs-matrix-stats]
[2021-12-23T14:32:35,367][INFO ][o.e.p.PluginsService     ] [q9Ljii_] loaded module [analysis-common]
[2021-12-23T14:32:35,367][INFO ][o.e.p.PluginsService     ] [q9Ljii_] loaded module [ingest-common]
[2021-12-23T14:32:35,367][INFO ][o.e.p.PluginsService     ] [q9Ljii_] loaded module [lang-expression]
[2021-12-23T14:32:35,367][INFO ][o.e.p.PluginsService     ] [q9Ljii_] loaded module [lang-mustache]
[2021-12-23T14:32:35,367][INFO ][o.e.p.PluginsService     ] [q9Ljii_] loaded module [lang-painless]
[2021-12-23T14:32:35,368][INFO ][o.e.p.PluginsService     ] [q9Ljii_] loaded module [mapper-extras]
[2021-12-23T14:32:35,368][INFO ][o.e.p.PluginsService     ] [q9Ljii_] loaded module [parent-join]
[2021-12-23T14:32:35,368][INFO ][o.e.p.PluginsService     ] [q9Ljii_] loaded module [percolator]
[2021-12-23T14:32:35,368][INFO ][o.e.p.PluginsService     ] [q9Ljii_] loaded module [rank-eval]
[2021-12-23T14:32:35,369][INFO ][o.e.p.PluginsService     ] [q9Ljii_] loaded module [reindex]
[2021-12-23T14:32:35,370][INFO ][o.e.p.PluginsService     ] [q9Ljii_] loaded module [repository-url]
[2021-12-23T14:32:35,371][INFO ][o.e.p.PluginsService     ] [q9Ljii_] loaded module [transport-netty4]
[2021-12-23T14:32:35,371][INFO ][o.e.p.PluginsService     ] [q9Ljii_] loaded module [tribe]
[2021-12-23T14:32:35,373][INFO ][o.e.p.PluginsService     ] [q9Ljii_] loaded module [x-pack-core]
[2021-12-23T14:32:35,374][INFO ][o.e.p.PluginsService     ] [q9Ljii_] loaded module [x-pack-deprecation]
[2021-12-23T14:32:35,374][INFO ][o.e.p.PluginsService     ] [q9Ljii_] loaded module [x-pack-graph]
[2021-12-23T14:32:35,375][INFO ][o.e.p.PluginsService     ] [q9Ljii_] loaded module [x-pack-logstash]
[2021-12-23T14:32:35,375][INFO ][o.e.p.PluginsService     ] [q9Ljii_] loaded module [x-pack-ml]
[2021-12-23T14:32:35,375][INFO ][o.e.p.PluginsService     ] [q9Ljii_] loaded module [x-pack-monitoring]
[2021-12-23T14:32:35,376][INFO ][o.e.p.PluginsService     ] [q9Ljii_] loaded module [x-pack-rollup]
[2021-12-23T14:32:35,376][INFO ][o.e.p.PluginsService     ] [q9Ljii_] loaded module [x-pack-security]
[2021-12-23T14:32:35,377][INFO ][o.e.p.PluginsService     ] [q9Ljii_] loaded module [x-pack-sql]
[2021-12-23T14:32:35,379][INFO ][o.e.p.PluginsService     ] [q9Ljii_] loaded module [x-pack-upgrade]
[2021-12-23T14:32:35,379][INFO ][o.e.p.PluginsService     ] [q9Ljii_] loaded module [x-pack-watcher]
[2021-12-23T14:32:35,380][INFO ][o.e.p.PluginsService     ] [q9Ljii_] loaded plugin [analysis-ik]
[2021-12-23T14:32:37,674][INFO ][o.e.x.s.a.s.FileRolesStore] [q9Ljii_] parsed [0] roles from file [D:\Java\elasticsearch-6.4.3\config\roles.yml]
[2021-12-23T14:32:38,082][INFO ][o.e.x.m.j.p.l.CppLogMessageHandler] [controller/17172] [Main.cc@109] controller (64 bit): Version 6.4.3 (Build 7a0781676dd492) Copyright (c) 2018 Elasticsearch BV
[2021-12-23T14:32:38,298][DEBUG][o.e.a.ActionModule       ] Using REST wrapper from plugin org.elasticsearch.xpack.security.Security
[2021-12-23T14:32:38,424][INFO ][o.e.d.DiscoveryModule    ] [q9Ljii_] using discovery type [zen]
[2021-12-23T14:32:38,877][INFO ][o.e.n.Node               ] [q9Ljii_] initialized
[2021-12-23T14:32:38,877][INFO ][o.e.n.Node               ] [q9Ljii_] starting ...
[2021-12-23T14:32:40,360][INFO ][o.e.t.TransportService   ] [q9Ljii_] publish_address {127.0.0.1:9300}, bound_addresses {127.0.0.1:9300}, {[::1]:9300}
[2021-12-23T14:32:43,396][INFO ][o.e.c.s.MasterService    ] [q9Ljii_] zen-disco-elected-as-master ([0] nodes joined)[, ], reason: new_master {q9Ljii_}{q9Ljii_WSHWWamI_vjpBuQ}{yYSJsErvS0Og5NhiDFVXZQ}{127.0.0.1}{127.0.0.1:9300}{ml.machine_memory=16498810880, xpack.installed=true, ml.max_open_jobs=20, ml.enabled=true}
[2021-12-23T14:32:43,400][INFO ][o.e.c.s.ClusterApplierService] [q9Ljii_] new_master {q9Ljii_}{q9Ljii_WSHWWamI_vjpBuQ}{yYSJsErvS0Og5NhiDFVXZQ}{127.0.0.1}{127.0.0.1:9300}{ml.machine_memory=16498810880, xpack.installed=true, ml.max_open_jobs=20, ml.enabled=true}, reason: apply cluster state (from master [master {q9Ljii_}{q9Ljii_WSHWWamI_vjpBuQ}{yYSJsErvS0Og5NhiDFVXZQ}{127.0.0.1}{127.0.0.1:9300}{ml.machine_memory=16498810880, xpack.installed=true, ml.max_open_jobs=20, ml.enabled=true} committed version [1] source [zen-disco-elected-as-master ([0] nodes joined)[, ]]])
[2021-12-23T14:32:43,426][WARN ][o.e.x.s.a.s.m.NativeRoleMappingStore] [q9Ljii_] Failed to clear cache for realms [[]]
[2021-12-23T14:32:43,463][INFO ][o.e.g.GatewayService     ] [q9Ljii_] recovered [0] indices into cluster_state
[2021-12-23T14:32:43,505][INFO ][o.w.a.d.Monitor          ] try load config from D:\Java\elasticsearch-6.4.3\config\analysis-ik\IKAnalyzer.cfg.xml
[2021-12-23T14:32:43,507][INFO ][o.w.a.d.Monitor          ] try load config from D:\Java\elasticsearch-6.4.3\plugins\ik\config\IKAnalyzer.cfg.xml
[2021-12-23T14:32:43,753][INFO ][o.e.c.m.MetaDataIndexTemplateService] [q9Ljii_] adding template [.watches] for index patterns [.watches*]
[2021-12-23T14:32:43,790][INFO ][o.e.c.m.MetaDataIndexTemplateService] [q9Ljii_] adding template [.watch-history-9] for index patterns [.watcher-history-9*]
[2021-12-23T14:32:43,811][INFO ][o.e.c.m.MetaDataIndexTemplateService] [q9Ljii_] adding template [.triggered_watches] for index patterns [.triggered_watches*]
[2021-12-23T14:32:43,835][INFO ][o.e.c.m.MetaDataIndexTemplateService] [q9Ljii_] adding template [.monitoring-logstash] for index patterns [.monitoring-logstash-6-*]
[2021-12-23T14:32:43,864][INFO ][o.e.c.m.MetaDataIndexTemplateService] [q9Ljii_] adding template [.monitoring-es] for index patterns [.monitoring-es-6-*]
[2021-12-23T14:32:43,889][INFO ][o.e.c.m.MetaDataIndexTemplateService] [q9Ljii_] adding template [.monitoring-alerts] for index patterns [.monitoring-alerts-6]
[2021-12-23T14:32:43,913][INFO ][o.e.c.m.MetaDataIndexTemplateService] [q9Ljii_] adding template [.monitoring-beats] for index patterns [.monitoring-beats-6-*]
[2021-12-23T14:32:43,937][INFO ][o.e.c.m.MetaDataIndexTemplateService] [q9Ljii_] adding template [.monitoring-kibana] for index patterns [.monitoring-kibana-6-*]
[2021-12-23T14:32:43,998][INFO ][o.e.l.LicenseService     ] [q9Ljii_] license [a8363c11-7d1b-423a-8817-8b438181d9b0] mode [basic] - valid
[2021-12-23T14:32:44,473][INFO ][o.e.x.s.t.n.SecurityNetty4HttpServerTransport] [q9Ljii_] publish_address {127.0.0.1:9200}, bound_addresses {127.0.0.1:9200}, {[::1]:9200}
[2021-12-23T14:32:44,474][INFO ][o.e.n.Node               ] [q9Ljii_] started
[2021-12-23T14:33:13,410][INFO ][o.e.c.r.a.DiskThresholdMonitor] [q9Ljii_] low disk watermark [85%] exceeded on [q9Ljii_WSHWWamI_vjpBuQ][q9Ljii_][D:\Java\IdeaProjects\community\log\Elaticsearch-6.4.3\data\nodes\0] free: 29.1gb[10.5%], replicas will not be assigned to this node
[2021-12-23T14:33:22,747][INFO ][o.e.c.m.MetaDataCreateIndexService] [q9Ljii_] [discusspost] creating index, cause [api], templates [], shards [6]/[3], mappings []
[2021-12-23T14:33:23,107][INFO ][o.e.c.m.MetaDataMappingService] [q9Ljii_] [discusspost/Zy4AH4qOSsKgxcxmkfu1Wg] create_mapping [_doc]
[2021-12-23T14:33:43,428][INFO ][o.e.c.r.a.DiskThresholdMonitor] [q9Ljii_] low disk watermark [85%] exceeded on [q9Ljii_WSHWWamI_vjpBuQ][q9Ljii_][D:\Java\IdeaProjects\community\log\Elaticsearch-6.4.3\data\nodes\0] free: 28gb[10.1%], replicas will not be assigned to this node
[2021-12-23T14:34:13,445][INFO ][o.e.c.r.a.DiskThresholdMonitor] [q9Ljii_] low disk watermark [85%] exceeded on [q9Ljii_WSHWWamI_vjpBuQ][q9Ljii_][D:\Java\IdeaProjects\community\log\Elaticsearch-6.4.3\data\nodes\0] free: 28gb[10.1%], replicas will not be assigned to this node
[2021-12-23T14:34:43,462][INFO ][o.e.c.r.a.DiskThresholdMonitor] [q9Ljii_] low disk watermark [85%] exceeded on [q9Ljii_WSHWWamI_vjpBuQ][q9Ljii_][D:\Java\IdeaProjects\community\log\Elaticsearch-6.4.3\data\nodes\0] free: 28gb[10.1%], replicas will not be assigned to this node
[2021-12-23T14:35:07,532][INFO ][o.e.c.m.MetaDataMappingService] [q9Ljii_] [discusspost/Zy4AH4qOSsKgxcxmkfu1Wg] update_mapping [_doc]
[2021-12-23T14:35:13,469][INFO ][o.e.c.r.a.DiskThresholdMonitor] [q9Ljii_] low disk watermark [85%] exceeded on [q9Ljii_WSHWWamI_vjpBuQ][q9Ljii_][D:\Java\IdeaProjects\community\log\Elaticsearch-6.4.3\data\nodes\0] free: 28gb[10.1%], replicas will not be assigned to this node
[2021-12-23T14:35:43,473][INFO ][o.e.c.r.a.DiskThresholdMonitor] [q9Ljii_] low disk watermark [85%] exceeded on [q9Ljii_WSHWWamI_vjpBuQ][q9Ljii_][D:\Java\IdeaProjects\community\log\Elaticsearch-6.4.3\data\nodes\0] free: 28gb[10.1%], replicas will not be assigned to this node
[2021-12-23T14:36:13,483][INFO ][o.e.c.r.a.DiskThresholdMonitor] [q9Ljii_] low disk watermark [85%] exceeded on [q9Ljii_WSHWWamI_vjpBuQ][q9Ljii_][D:\Java\IdeaProjects\community\log\Elaticsearch-6.4.3\data\nodes\0] free: 28gb[10.1%], replicas will not be assigned to this node
[2021-12-23T14:36:43,491][INFO ][o.e.c.r.a.DiskThresholdMonitor] [q9Ljii_] low disk watermark [85%] exceeded on [q9Ljii_WSHWWamI_vjpBuQ][q9Ljii_][D:\Java\IdeaProjects\community\log\Elaticsearch-6.4.3\data\nodes\0] free: 28gb[10.1%], replicas will not be assigned to this node
[2021-12-23T14:37:13,499][INFO ][o.e.c.r.a.DiskThresholdMonitor] [q9Ljii_] low disk watermark [85%] exceeded on [q9Ljii_WSHWWamI_vjpBuQ][q9Ljii_][D:\Java\IdeaProjects\community\log\Elaticsearch-6.4.3\data\nodes\0] free: 28gb[10.1%], replicas will not be assigned to this node
[2021-12-23T14:37:43,505][INFO ][o.e.c.r.a.DiskThresholdMonitor] [q9Ljii_] low disk watermark [85%] exceeded on [q9Ljii_WSHWWamI_vjpBuQ][q9Ljii_][D:\Java\IdeaProjects\community\log\Elaticsearch-6.4.3\data\nodes\0] free: 28gb[10.1%], replicas will not be assigned to this node
[2021-12-23T14:38:13,516][INFO ][o.e.c.r.a.DiskThresholdMonitor] [q9Ljii_] low disk watermark [85%] exceeded on [q9Ljii_WSHWWamI_vjpBuQ][q9Ljii_][D:\Java\IdeaProjects\community\log\Elaticsearch-6.4.3\data\nodes\0] free: 28gb[10.1%], replicas will not be assigned to this node
[2021-12-23T14:38:43,518][INFO ][o.e.c.r.a.DiskThresholdMonitor] [q9Ljii_] low disk watermark [85%] exceeded on [q9Ljii_WSHWWamI_vjpBuQ][q9Ljii_][D:\Java\IdeaProjects\community\log\Elaticsearch-6.4.3\data\nodes\0] free: 28gb[10.1%], replicas will not be assigned to this node
[2021-12-23T14:39:13,530][INFO ][o.e.c.r.a.DiskThresholdMonitor] [q9Ljii_] low disk watermark [85%] exceeded on [q9Ljii_WSHWWamI_vjpBuQ][q9Ljii_][D:\Java\IdeaProjects\community\log\Elaticsearch-6.4.3\data\nodes\0] free: 28gb[10.1%], replicas will not be assigned to this node
[2021-12-23T14:39:43,534][INFO ][o.e.c.r.a.DiskThresholdMonitor] [q9Ljii_] low disk watermark [85%] exceeded on [q9Ljii_WSHWWamI_vjpBuQ][q9Ljii_][D:\Java\IdeaProjects\community\log\Elaticsearch-6.4.3\data\nodes\0] free: 28gb[10.1%], replicas will not be assigned to this node
[2021-12-23T14:40:13,548][INFO ][o.e.c.r.a.DiskThresholdMonitor] [q9Ljii_] low disk watermark [85%] exceeded on [q9Ljii_WSHWWamI_vjpBuQ][q9Ljii_][D:\Java\IdeaProjects\community\log\Elaticsearch-6.4.3\data\nodes\0] free: 28gb[10.1%], replicas will not be assigned to this node
[2021-12-23T14:40:43,566][INFO ][o.e.c.r.a.DiskThresholdMonitor] [q9Ljii_] low disk watermark [85%] exceeded on [q9Ljii_WSHWWamI_vjpBuQ][q9Ljii_][D:\Java\IdeaProjects\community\log\Elaticsearch-6.4.3\data\nodes\0] free: 28gb[10.1%], replicas will not be assigned to this node
[2021-12-23T14:41:13,573][INFO ][o.e.c.r.a.DiskThresholdMonitor] [q9Ljii_] low disk watermark [85%] exceeded on [q9Ljii_WSHWWamI_vjpBuQ][q9Ljii_][D:\Java\IdeaProjects\community\log\Elaticsearch-6.4.3\data\nodes\0] free: 28gb[10.1%], replicas will not be assigned to this node
[2021-12-23T14:41:43,582][INFO ][o.e.c.r.a.DiskThresholdMonitor] [q9Ljii_] low disk watermark [85%] exceeded on [q9Ljii_WSHWWamI_vjpBuQ][q9Ljii_][D:\Java\IdeaProjects\community\log\Elaticsearch-6.4.3\data\nodes\0] free: 28gb[10.1%], replicas will not be assigned to this node
[2021-12-23T14:42:13,590][INFO ][o.e.c.r.a.DiskThresholdMonitor] [q9Ljii_] low disk watermark [85%] exceeded on [q9Ljii_WSHWWamI_vjpBuQ][q9Ljii_][D:\Java\IdeaProjects\community\log\Elaticsearch-6.4.3\data\nodes\0] free: 28gb[10.1%], replicas will not be assigned to this node
[2021-12-23T14:42:43,593][INFO ][o.e.c.r.a.DiskThresholdMonitor] [q9Ljii_] low disk watermark [85%] exceeded on [q9Ljii_WSHWWamI_vjpBuQ][q9Ljii_][D:\Java\IdeaProjects\community\log\Elaticsearch-6.4.3\data\nodes\0] free: 28gb[10.1%], replicas will not be assigned to this node
[2021-12-23T14:42:55,928][WARN ][o.e.x.s.t.n.SecurityNetty4ServerTransport] [q9Ljii_] exception caught on transport layer [NettyTcpChannel{localAddress=/127.0.0.1:9300, remoteAddress=/127.0.0.1:58689}], closing connection
java.io.IOException: 远程主机强迫关闭了一个现有的连接。
	at sun.nio.ch.SocketDispatcher.read0(Native Method) ~[?:?]
	at sun.nio.ch.SocketDispatcher.read(SocketDispatcher.java:43) ~[?:?]
	at sun.nio.ch.IOUtil.readIntoNativeBuffer(IOUtil.java:276) ~[?:?]
	at sun.nio.ch.IOUtil.read(IOUtil.java:245) ~[?:?]
	at sun.nio.ch.IOUtil.read(IOUtil.java:223) ~[?:?]
	at sun.nio.ch.SocketChannelImpl.read(SocketChannelImpl.java:358) ~[?:?]
	at io.netty.buffer.PooledHeapByteBuf.setBytes(PooledHeapByteBuf.java:261) ~[netty-buffer-4.1.16.Final.jar:4.1.16.Final]
	at io.netty.buffer.AbstractByteBuf.writeBytes(AbstractByteBuf.java:1106) ~[netty-buffer-4.1.16.Final.jar:4.1.16.Final]
	at io.netty.channel.socket.nio.NioSocketChannel.doReadBytes(NioSocketChannel.java:343) ~[netty-transport-4.1.16.Final.jar:4.1.16.Final]
	at io.netty.channel.nio.AbstractNioByteChannel$NioByteUnsafe.read(AbstractNioByteChannel.java:123) [netty-transport-4.1.16.Final.jar:4.1.16.Final]
	at io.netty.channel.nio.NioEventLoop.processSelectedKey(NioEventLoop.java:645) [netty-transport-4.1.16.Final.jar:4.1.16.Final]
	at io.netty.channel.nio.NioEventLoop.processSelectedKeysPlain(NioEventLoop.java:545) [netty-transport-4.1.16.Final.jar:4.1.16.Final]
	at io.netty.channel.nio.NioEventLoop.processSelectedKeys(NioEventLoop.java:499) [netty-transport-4.1.16.Final.jar:4.1.16.Final]
	at io.netty.channel.nio.NioEventLoop.run(NioEventLoop.java:459) [netty-transport-4.1.16.Final.jar:4.1.16.Final]
	at io.netty.util.concurrent.SingleThreadEventExecutor$5.run(SingleThreadEventExecutor.java:858) [netty-common-4.1.16.Final.jar:4.1.16.Final]
	at java.lang.Thread.run(Thread.java:834) [?:?]
[2021-12-23T14:42:55,934][WARN ][o.e.x.s.t.n.SecurityNetty4HttpServerTransport] [q9Ljii_] caught exception while handling client http traffic, closing connection [id: 0x3cf73969, L:/127.0.0.1:9200 - R:/127.0.0.1:58793]
java.io.IOException: 远程主机强迫关闭了一个现有的连接。
	at sun.nio.ch.SocketDispatcher.read0(Native Method) ~[?:?]
	at sun.nio.ch.SocketDispatcher.read(SocketDispatcher.java:43) ~[?:?]
	at sun.nio.ch.IOUtil.readIntoNativeBuffer(IOUtil.java:276) ~[?:?]
	at sun.nio.ch.IOUtil.read(IOUtil.java:245) ~[?:?]
	at sun.nio.ch.IOUtil.read(IOUtil.java:223) ~[?:?]
	at sun.nio.ch.SocketChannelImpl.read(SocketChannelImpl.java:358) ~[?:?]
	at io.netty.buffer.PooledHeapByteBuf.setBytes(PooledHeapByteBuf.java:261) ~[netty-buffer-4.1.16.Final.jar:4.1.16.Final]
	at io.netty.buffer.AbstractByteBuf.writeBytes(AbstractByteBuf.java:1106) ~[netty-buffer-4.1.16.Final.jar:4.1.16.Final]
	at io.netty.channel.socket.nio.NioSocketChannel.doReadBytes(NioSocketChannel.java:343) ~[netty-transport-4.1.16.Final.jar:4.1.16.Final]
	at io.netty.channel.nio.AbstractNioByteChannel$NioByteUnsafe.read(AbstractNioByteChannel.java:123) [netty-transport-4.1.16.Final.jar:4.1.16.Final]
	at io.netty.channel.nio.NioEventLoop.processSelectedKey(NioEventLoop.java:645) [netty-transport-4.1.16.Final.jar:4.1.16.Final]
	at io.netty.channel.nio.NioEventLoop.processSelectedKeysPlain(NioEventLoop.java:545) [netty-transport-4.1.16.Final.jar:4.1.16.Final]
	at io.netty.channel.nio.NioEventLoop.processSelectedKeys(NioEventLoop.java:499) [netty-transport-4.1.16.Final.jar:4.1.16.Final]
	at io.netty.channel.nio.NioEventLoop.run(NioEventLoop.java:459) [netty-transport-4.1.16.Final.jar:4.1.16.Final]
	at io.netty.util.concurrent.SingleThreadEventExecutor$5.run(SingleThreadEventExecutor.java:858) [netty-common-4.1.16.Final.jar:4.1.16.Final]
	at java.lang.Thread.run(Thread.java:834) [?:?]
[2021-12-23T14:42:55,928][WARN ][o.e.x.s.t.n.SecurityNetty4ServerTransport] [q9Ljii_] exception caught on transport layer [NettyTcpChannel{localAddress=/127.0.0.1:9300, remoteAddress=/127.0.0.1:58701}], closing connection
java.io.IOException: 远程主机强迫关闭了一个现有的连接。
	at sun.nio.ch.SocketDispatcher.read0(Native Method) ~[?:?]
	at sun.nio.ch.SocketDispatcher.read(SocketDispatcher.java:43) ~[?:?]
	at sun.nio.ch.IOUtil.readIntoNativeBuffer(IOUtil.java:276) ~[?:?]
	at sun.nio.ch.IOUtil.read(IOUtil.java:245) ~[?:?]
	at sun.nio.ch.IOUtil.read(IOUtil.java:223) ~[?:?]
	at sun.nio.ch.SocketChannelImpl.read(SocketChannelImpl.java:358) ~[?:?]
	at io.netty.buffer.PooledHeapByteBuf.setBytes(PooledHeapByteBuf.java:261) ~[netty-buffer-4.1.16.Final.jar:4.1.16.Final]
	at io.netty.buffer.AbstractByteBuf.writeBytes(AbstractByteBuf.java:1106) ~[netty-buffer-4.1.16.Final.jar:4.1.16.Final]
	at io.netty.channel.socket.nio.NioSocketChannel.doReadBytes(NioSocketChannel.java:343) ~[netty-transport-4.1.16.Final.jar:4.1.16.Final]
	at io.netty.channel.nio.AbstractNioByteChannel$NioByteUnsafe.read(AbstractNioByteChannel.java:123) [netty-transport-4.1.16.Final.jar:4.1.16.Final]
	at io.netty.channel.nio.NioEventLoop.processSelectedKey(NioEventLoop.java:645) [netty-transport-4.1.16.Final.jar:4.1.16.Final]
	at io.netty.channel.nio.NioEventLoop.processSelectedKeysPlain(NioEventLoop.java:545) [netty-transport-4.1.16.Final.jar:4.1.16.Final]
	at io.netty.channel.nio.NioEventLoop.processSelectedKeys(NioEventLoop.java:499) [netty-transport-4.1.16.Final.jar:4.1.16.Final]
	at io.netty.channel.nio.NioEventLoop.run(NioEventLoop.java:459) [netty-transport-4.1.16.Final.jar:4.1.16.Final]
	at io.netty.util.concurrent.SingleThreadEventExecutor$5.run(SingleThreadEventExecutor.java:858) [netty-common-4.1.16.Final.jar:4.1.16.Final]
	at java.lang.Thread.run(Thread.java:834) [?:?]
[2021-12-23T14:42:55,928][WARN ][o.e.x.s.t.n.SecurityNetty4ServerTransport] [q9Ljii_] exception caught on transport layer [NettyTcpChannel{localAddress=/127.0.0.1:9300, remoteAddress=/127.0.0.1:58696}], closing connection
java.io.IOException: 远程主机强迫关闭了一个现有的连接。
	at sun.nio.ch.SocketDispatcher.read0(Native Method) ~[?:?]
	at sun.nio.ch.SocketDispatcher.read(SocketDispatcher.java:43) ~[?:?]
	at sun.nio.ch.IOUtil.readIntoNativeBuffer(IOUtil.java:276) ~[?:?]
	at sun.nio.ch.IOUtil.read(IOUtil.java:245) ~[?:?]
	at sun.nio.ch.IOUtil.read(IOUtil.java:223) ~[?:?]
	at sun.nio.ch.SocketChannelImpl.read(SocketChannelImpl.java:358) ~[?:?]
	at io.netty.buffer.PooledHeapByteBuf.setBytes(PooledHeapByteBuf.java:261) ~[netty-buffer-4.1.16.Final.jar:4.1.16.Final]
	at io.netty.buffer.AbstractByteBuf.writeBytes(AbstractByteBuf.java:1106) ~[netty-buffer-4.1.16.Final.jar:4.1.16.Final]
	at io.netty.channel.socket.nio.NioSocketChannel.doReadBytes(NioSocketChannel.java:343) ~[netty-transport-4.1.16.Final.jar:4.1.16.Final]
	at io.netty.channel.nio.AbstractNioByteChannel$NioByteUnsafe.read(AbstractNioByteChannel.java:123) [netty-transport-4.1.16.Final.jar:4.1.16.Final]
	at io.netty.channel.nio.NioEventLoop.processSelectedKey(NioEventLoop.java:645) [netty-transport-4.1.16.Final.jar:4.1.16.Final]
	at io.netty.channel.nio.NioEventLoop.processSelectedKeysPlain(NioEventLoop.java:545) [netty-transport-4.1.16.Final.jar:4.1.16.Final]
	at io.netty.channel.nio.NioEventLoop.processSelectedKeys(NioEventLoop.java:499) [netty-transport-4.1.16.Final.jar:4.1.16.Final]
	at io.netty.channel.nio.NioEventLoop.run(NioEventLoop.java:459) [netty-transport-4.1.16.Final.jar:4.1.16.Final]
	at io.netty.util.concurrent.SingleThreadEventExecutor$5.run(SingleThreadEventExecutor.java:858) [netty-common-4.1.16.Final.jar:4.1.16.Final]
	at java.lang.Thread.run(Thread.java:834) [?:?]
[2021-12-23T14:42:55,928][WARN ][o.e.x.s.t.n.SecurityNetty4ServerTransport] [q9Ljii_] exception caught on transport layer [NettyTcpChannel{localAddress=/127.0.0.1:9300, remoteAddress=/127.0.0.1:58691}], closing connection
java.io.IOException: 远程主机强迫关闭了一个现有的连接。
	at sun.nio.ch.SocketDispatcher.read0(Native Method) ~[?:?]
	at sun.nio.ch.SocketDispatcher.read(SocketDispatcher.java:43) ~[?:?]
	at sun.nio.ch.IOUtil.readIntoNativeBuffer(IOUtil.java:276) ~[?:?]
	at sun.nio.ch.IOUtil.read(IOUtil.java:245) ~[?:?]
	at sun.nio.ch.IOUtil.read(IOUtil.java:223) ~[?:?]
	at sun.nio.ch.SocketChannelImpl.read(SocketChannelImpl.java:358) ~[?:?]
	at io.netty.buffer.PooledHeapByteBuf.setBytes(PooledHeapByteBuf.java:261) ~[netty-buffer-4.1.16.Final.jar:4.1.16.Final]
	at io.netty.buffer.AbstractByteBuf.writeBytes(AbstractByteBuf.java:1106) ~[netty-buffer-4.1.16.Final.jar:4.1.16.Final]
	at io.netty.channel.socket.nio.NioSocketChannel.doReadBytes(NioSocketChannel.java:343) ~[netty-transport-4.1.16.Final.jar:4.1.16.Final]
	at io.netty.channel.nio.AbstractNioByteChannel$NioByteUnsafe.read(AbstractNioByteChannel.java:123) [netty-transport-4.1.16.Final.jar:4.1.16.Final]
	at io.netty.channel.nio.NioEventLoop.processSelectedKey(NioEventLoop.java:645) [netty-transport-4.1.16.Final.jar:4.1.16.Final]
	at io.netty.channel.nio.NioEventLoop.processSelectedKeysPlain(NioEventLoop.java:545) [netty-transport-4.1.16.Final.jar:4.1.16.Final]
	at io.netty.channel.nio.NioEventLoop.processSelectedKeys(NioEventLoop.java:499) [netty-transport-4.1.16.Final.jar:4.1.16.Final]
	at io.netty.channel.nio.NioEventLoop.run(NioEventLoop.java:459) [netty-transport-4.1.16.Final.jar:4.1.16.Final]
	at io.netty.util.concurrent.SingleThreadEventExecutor$5.run(SingleThreadEventExecutor.java:858) [netty-common-4.1.16.Final.jar:4.1.16.Final]
	at java.lang.Thread.run(Thread.java:834) [?:?]
[2021-12-23T14:42:55,928][WARN ][o.e.x.s.t.n.SecurityNetty4ServerTransport] [q9Ljii_] exception caught on transport layer [NettyTcpChannel{localAddress=/127.0.0.1:9300, remoteAddress=/127.0.0.1:58690}], closing connection
java.io.IOException: 远程主机强迫关闭了一个现有的连接。
	at sun.nio.ch.SocketDispatcher.read0(Native Method) ~[?:?]
	at sun.nio.ch.SocketDispatcher.read(SocketDispatcher.java:43) ~[?:?]
	at sun.nio.ch.IOUtil.readIntoNativeBuffer(IOUtil.java:276) ~[?:?]
	at sun.nio.ch.IOUtil.read(IOUtil.java:245) ~[?:?]
	at sun.nio.ch.IOUtil.read(IOUtil.java:223) ~[?:?]
	at sun.nio.ch.SocketChannelImpl.read(SocketChannelImpl.java:358) ~[?:?]
	at io.netty.buffer.PooledHeapByteBuf.setBytes(PooledHeapByteBuf.java:261) ~[netty-buffer-4.1.16.Final.jar:4.1.16.Final]
	at io.netty.buffer.AbstractByteBuf.writeBytes(AbstractByteBuf.java:1106) ~[netty-buffer-4.1.16.Final.jar:4.1.16.Final]
	at io.netty.channel.socket.nio.NioSocketChannel.doReadBytes(NioSocketChannel.java:343) ~[netty-transport-4.1.16.Final.jar:4.1.16.Final]
	at io.netty.channel.nio.AbstractNioByteChannel$NioByteUnsafe.read(AbstractNioByteChannel.java:123) [netty-transport-4.1.16.Final.jar:4.1.16.Final]
	at io.netty.channel.nio.NioEventLoop.processSelectedKey(NioEventLoop.java:645) [netty-transport-4.1.16.Final.jar:4.1.16.Final]
	at io.netty.channel.nio.NioEventLoop.processSelectedKeysPlain(NioEventLoop.java:545) [netty-transport-4.1.16.Final.jar:4.1.16.Final]
	at io.netty.channel.nio.NioEventLoop.processSelectedKeys(NioEventLoop.java:499) [netty-transport-4.1.16.Final.jar:4.1.16.Final]
	at io.netty.channel.nio.NioEventLoop.run(NioEventLoop.java:459) [netty-transport-4.1.16.Final.jar:4.1.16.Final]
	at io.netty.util.concurrent.SingleThreadEventExecutor$5.run(SingleThreadEventExecutor.java:858) [netty-common-4.1.16.Final.jar:4.1.16.Final]
	at java.lang.Thread.run(Thread.java:834) [?:?]
[2021-12-23T14:42:55,928][WARN ][o.e.x.s.t.n.SecurityNetty4ServerTransport] [q9Ljii_] exception caught on transport layer [NettyTcpChannel{localAddress=/127.0.0.1:9300, remoteAddress=/127.0.0.1:58698}], closing connection
java.io.IOException: 远程主机强迫关闭了一个现有的连接。
	at sun.nio.ch.SocketDispatcher.read0(Native Method) ~[?:?]
	at sun.nio.ch.SocketDispatcher.read(SocketDispatcher.java:43) ~[?:?]
	at sun.nio.ch.IOUtil.readIntoNativeBuffer(IOUtil.java:276) ~[?:?]
	at sun.nio.ch.IOUtil.read(IOUtil.java:245) ~[?:?]
	at sun.nio.ch.IOUtil.read(IOUtil.java:223) ~[?:?]
	at sun.nio.ch.SocketChannelImpl.read(SocketChannelImpl.java:358) ~[?:?]
	at io.netty.buffer.PooledHeapByteBuf.setBytes(PooledHeapByteBuf.java:261) ~[netty-buffer-4.1.16.Final.jar:4.1.16.Final]
	at io.netty.buffer.AbstractByteBuf.writeBytes(AbstractByteBuf.java:1106) ~[netty-buffer-4.1.16.Final.jar:4.1.16.Final]
	at io.netty.channel.socket.nio.NioSocketChannel.doReadBytes(NioSocketChannel.java:343) ~[netty-transport-4.1.16.Final.jar:4.1.16.Final]
	at io.netty.channel.nio.AbstractNioByteChannel$NioByteUnsafe.read(AbstractNioByteChannel.java:123) [netty-transport-4.1.16.Final.jar:4.1.16.Final]
	at io.netty.channel.nio.NioEventLoop.processSelectedKey(NioEventLoop.java:645) [netty-transport-4.1.16.Final.jar:4.1.16.Final]
	at io.netty.channel.nio.NioEventLoop.processSelectedKeysPlain(NioEventLoop.java:545) [netty-transport-4.1.16.Final.jar:4.1.16.Final]
	at io.netty.channel.nio.NioEventLoop.processSelectedKeys(NioEventLoop.java:499) [netty-transport-4.1.16.Final.jar:4.1.16.Final]
	at io.netty.channel.nio.NioEventLoop.run(NioEventLoop.java:459) [netty-transport-4.1.16.Final.jar:4.1.16.Final]
	at io.netty.util.concurrent.SingleThreadEventExecutor$5.run(SingleThreadEventExecutor.java:858) [netty-common-4.1.16.Final.jar:4.1.16.Final]
	at java.lang.Thread.run(Thread.java:834) [?:?]
[2021-12-23T14:42:55,928][WARN ][o.e.x.s.t.n.SecurityNetty4ServerTransport] [q9Ljii_] exception caught on transport layer [NettyTcpChannel{localAddress=/127.0.0.1:9300, remoteAddress=/127.0.0.1:58693}], closing connection
java.io.IOException: 远程主机强迫关闭了一个现有的连接。
	at sun.nio.ch.SocketDispatcher.read0(Native Method) ~[?:?]
	at sun.nio.ch.SocketDispatcher.read(SocketDispatcher.java:43) ~[?:?]
	at sun.nio.ch.IOUtil.readIntoNativeBuffer(IOUtil.java:276) ~[?:?]
	at sun.nio.ch.IOUtil.read(IOUtil.java:245) ~[?:?]
	at sun.nio.ch.IOUtil.read(IOUtil.java:223) ~[?:?]
	at sun.nio.ch.SocketChannelImpl.read(SocketChannelImpl.java:358) ~[?:?]
	at io.netty.buffer.PooledHeapByteBuf.setBytes(PooledHeapByteBuf.java:261) ~[netty-buffer-4.1.16.Final.jar:4.1.16.Final]
	at io.netty.buffer.AbstractByteBuf.writeBytes(AbstractByteBuf.java:1106) ~[netty-buffer-4.1.16.Final.jar:4.1.16.Final]
	at io.netty.channel.socket.nio.NioSocketChannel.doReadBytes(NioSocketChannel.java:343) ~[netty-transport-4.1.16.Final.jar:4.1.16.Final]
	at io.netty.channel.nio.AbstractNioByteChannel$NioByteUnsafe.read(AbstractNioByteChannel.java:123) [netty-transport-4.1.16.Final.jar:4.1.16.Final]
	at io.netty.channel.nio.NioEventLoop.processSelectedKey(NioEventLoop.java:645) [netty-transport-4.1.16.Final.jar:4.1.16.Final]
	at io.netty.channel.nio.NioEventLoop.processSelectedKeysPlain(NioEventLoop.java:545) [netty-transport-4.1.16.Final.jar:4.1.16.Final]
	at io.netty.channel.nio.NioEventLoop.processSelectedKeys(NioEventLoop.java:499) [netty-transport-4.1.16.Final.jar:4.1.16.Final]
	at io.netty.channel.nio.NioEventLoop.run(NioEventLoop.java:459) [netty-transport-4.1.16.Final.jar:4.1.16.Final]
	at io.netty.util.concurrent.SingleThreadEventExecutor$5.run(SingleThreadEventExecutor.java:858) [netty-common-4.1.16.Final.jar:4.1.16.Final]
	at java.lang.Thread.run(Thread.java:834) [?:?]
[2021-12-23T14:42:55,928][WARN ][o.e.x.s.t.n.SecurityNetty4ServerTransport] [q9Ljii_] exception caught on transport layer [NettyTcpChannel{localAddress=/127.0.0.1:9300, remoteAddress=/127.0.0.1:58695}], closing connection
java.io.IOException: 远程主机强迫关闭了一个现有的连接。
	at sun.nio.ch.SocketDispatcher.read0(Native Method) ~[?:?]
	at sun.nio.ch.SocketDispatcher.read(SocketDispatcher.java:43) ~[?:?]
	at sun.nio.ch.IOUtil.readIntoNativeBuffer(IOUtil.java:276) ~[?:?]
	at sun.nio.ch.IOUtil.read(IOUtil.java:245) ~[?:?]
	at sun.nio.ch.IOUtil.read(IOUtil.java:223) ~[?:?]
	at sun.nio.ch.SocketChannelImpl.read(SocketChannelImpl.java:358) ~[?:?]
	at io.netty.buffer.PooledHeapByteBuf.setBytes(PooledHeapByteBuf.java:261) ~[netty-buffer-4.1.16.Final.jar:4.1.16.Final]
	at io.netty.buffer.AbstractByteBuf.writeBytes(AbstractByteBuf.java:1106) ~[netty-buffer-4.1.16.Final.jar:4.1.16.Final]
	at io.netty.channel.socket.nio.NioSocketChannel.doReadBytes(NioSocketChannel.java:343) ~[netty-transport-4.1.16.Final.jar:4.1.16.Final]
	at io.netty.channel.nio.AbstractNioByteChannel$NioByteUnsafe.read(AbstractNioByteChannel.java:123) [netty-transport-4.1.16.Final.jar:4.1.16.Final]
	at io.netty.channel.nio.NioEventLoop.processSelectedKey(NioEventLoop.java:645) [netty-transport-4.1.16.Final.jar:4.1.16.Final]
	at io.netty.channel.nio.NioEventLoop.processSelectedKeysPlain(NioEventLoop.java:545) [netty-transport-4.1.16.Final.jar:4.1.16.Final]
	at io.netty.channel.nio.NioEventLoop.processSelectedKeys(NioEventLoop.java:499) [netty-transport-4.1.16.Final.jar:4.1.16.Final]
	at io.netty.channel.nio.NioEventLoop.run(NioEventLoop.java:459) [netty-transport-4.1.16.Final.jar:4.1.16.Final]
	at io.netty.util.concurrent.SingleThreadEventExecutor$5.run(SingleThreadEventExecutor.java:858) [netty-common-4.1.16.Final.jar:4.1.16.Final]
	at java.lang.Thread.run(Thread.java:834) [?:?]
[2021-12-23T14:42:55,928][WARN ][o.e.x.s.t.n.SecurityNetty4ServerTransport] [q9Ljii_] exception caught on transport layer [NettyTcpChannel{localAddress=/127.0.0.1:9300, remoteAddress=/127.0.0.1:58697}], closing connection
java.io.IOException: 远程主机强迫关闭了一个现有的连接。
	at sun.nio.ch.SocketDispatcher.read0(Native Method) ~[?:?]
	at sun.nio.ch.SocketDispatcher.read(SocketDispatcher.java:43) ~[?:?]
	at sun.nio.ch.IOUtil.readIntoNativeBuffer(IOUtil.java:276) ~[?:?]
	at sun.nio.ch.IOUtil.read(IOUtil.java:245) ~[?:?]
	at sun.nio.ch.IOUtil.read(IOUtil.java:223) ~[?:?]
	at sun.nio.ch.SocketChannelImpl.read(SocketChannelImpl.java:358) ~[?:?]
	at io.netty.buffer.PooledHeapByteBuf.setBytes(PooledHeapByteBuf.java:261) ~[netty-buffer-4.1.16.Final.jar:4.1.16.Final]
	at io.netty.buffer.AbstractByteBuf.writeBytes(AbstractByteBuf.java:1106) ~[netty-buffer-4.1.16.Final.jar:4.1.16.Final]
	at io.netty.channel.socket.nio.NioSocketChannel.doReadBytes(NioSocketChannel.java:343) ~[netty-transport-4.1.16.Final.jar:4.1.16.Final]
	at io.netty.channel.nio.AbstractNioByteChannel$NioByteUnsafe.read(AbstractNioByteChannel.java:123) [netty-transport-4.1.16.Final.jar:4.1.16.Final]
	at io.netty.channel.nio.NioEventLoop.processSelectedKey(NioEventLoop.java:645) [netty-transport-4.1.16.Final.jar:4.1.16.Final]
	at io.netty.channel.nio.NioEventLoop.processSelectedKeysPlain(NioEventLoop.java:545) [netty-transport-4.1.16.Final.jar:4.1.16.Final]
	at io.netty.channel.nio.NioEventLoop.processSelectedKeys(NioEventLoop.java:499) [netty-transport-4.1.16.Final.jar:4.1.16.Final]
	at io.netty.channel.nio.NioEventLoop.run(NioEventLoop.java:459) [netty-transport-4.1.16.Final.jar:4.1.16.Final]
	at io.netty.util.concurrent.SingleThreadEventExecutor$5.run(SingleThreadEventExecutor.java:858) [netty-common-4.1.16.Final.jar:4.1.16.Final]
	at java.lang.Thread.run(Thread.java:834) [?:?]
[2021-12-23T14:42:55,928][WARN ][o.e.x.s.t.n.SecurityNetty4ServerTransport] [q9Ljii_] exception caught on transport layer [NettyTcpChannel{localAddress=/127.0.0.1:9300, remoteAddress=/127.0.0.1:58700}], closing connection
java.io.IOException: 远程主机强迫关闭了一个现有的连接。
	at sun.nio.ch.SocketDispatcher.read0(Native Method) ~[?:?]
	at sun.nio.ch.SocketDispatcher.read(SocketDispatcher.java:43) ~[?:?]
	at sun.nio.ch.IOUtil.readIntoNativeBuffer(IOUtil.java:276) ~[?:?]
	at sun.nio.ch.IOUtil.read(IOUtil.java:245) ~[?:?]
	at sun.nio.ch.IOUtil.read(IOUtil.java:223) ~[?:?]
	at sun.nio.ch.SocketChannelImpl.read(SocketChannelImpl.java:358) ~[?:?]
	at io.netty.buffer.PooledHeapByteBuf.setBytes(PooledHeapByteBuf.java:261) ~[netty-buffer-4.1.16.Final.jar:4.1.16.Final]
	at io.netty.buffer.AbstractByteBuf.writeBytes(AbstractByteBuf.java:1106) ~[netty-buffer-4.1.16.Final.jar:4.1.16.Final]
	at io.netty.channel.socket.nio.NioSocketChannel.doReadBytes(NioSocketChannel.java:343) ~[netty-transport-4.1.16.Final.jar:4.1.16.Final]
	at io.netty.channel.nio.AbstractNioByteChannel$NioByteUnsafe.read(AbstractNioByteChannel.java:123) [netty-transport-4.1.16.Final.jar:4.1.16.Final]
	at io.netty.channel.nio.NioEventLoop.processSelectedKey(NioEventLoop.java:645) [netty-transport-4.1.16.Final.jar:4.1.16.Final]
	at io.netty.channel.nio.NioEventLoop.processSelectedKeysPlain(NioEventLoop.java:545) [netty-transport-4.1.16.Final.jar:4.1.16.Final]
	at io.netty.channel.nio.NioEventLoop.processSelectedKeys(NioEventLoop.java:499) [netty-transport-4.1.16.Final.jar:4.1.16.Final]
	at io.netty.channel.nio.NioEventLoop.run(NioEventLoop.java:459) [netty-transport-4.1.16.Final.jar:4.1.16.Final]
	at io.netty.util.concurrent.SingleThreadEventExecutor$5.run(SingleThreadEventExecutor.java:858) [netty-common-4.1.16.Final.jar:4.1.16.Final]
	at java.lang.Thread.run(Thread.java:834) [?:?]
[2021-12-23T14:42:55,928][WARN ][o.e.x.s.t.n.SecurityNetty4ServerTransport] [q9Ljii_] exception caught on transport layer [NettyTcpChannel{localAddress=/127.0.0.1:9300, remoteAddress=/127.0.0.1:58692}], closing connection
java.io.IOException: 远程主机强迫关闭了一个现有的连接。
	at sun.nio.ch.SocketDispatcher.read0(Native Method) ~[?:?]
	at sun.nio.ch.SocketDispatcher.read(SocketDispatcher.java:43) ~[?:?]
	at sun.nio.ch.IOUtil.readIntoNativeBuffer(IOUtil.java:276) ~[?:?]
	at sun.nio.ch.IOUtil.read(IOUtil.java:245) ~[?:?]
	at sun.nio.ch.IOUtil.read(IOUtil.java:223) ~[?:?]
	at sun.nio.ch.SocketChannelImpl.read(SocketChannelImpl.java:358) ~[?:?]
	at io.netty.buffer.PooledHeapByteBuf.setBytes(PooledHeapByteBuf.java:261) ~[netty-buffer-4.1.16.Final.jar:4.1.16.Final]
	at io.netty.buffer.AbstractByteBuf.writeBytes(AbstractByteBuf.java:1106) ~[netty-buffer-4.1.16.Final.jar:4.1.16.Final]
	at io.netty.channel.socket.nio.NioSocketChannel.doReadBytes(NioSocketChannel.java:343) ~[netty-transport-4.1.16.Final.jar:4.1.16.Final]
	at io.netty.channel.nio.AbstractNioByteChannel$NioByteUnsafe.read(AbstractNioByteChannel.java:123) [netty-transport-4.1.16.Final.jar:4.1.16.Final]
	at io.netty.channel.nio.NioEventLoop.processSelectedKey(NioEventLoop.java:645) [netty-transport-4.1.16.Final.jar:4.1.16.Final]
	at io.netty.channel.nio.NioEventLoop.processSelectedKeysPlain(NioEventLoop.java:545) [netty-transport-4.1.16.Final.jar:4.1.16.Final]
	at io.netty.channel.nio.NioEventLoop.processSelectedKeys(NioEventLoop.java:499) [netty-transport-4.1.16.Final.jar:4.1.16.Final]
	at io.netty.channel.nio.NioEventLoop.run(NioEventLoop.java:459) [netty-transport-4.1.16.Final.jar:4.1.16.Final]
	at io.netty.util.concurrent.SingleThreadEventExecutor$5.run(SingleThreadEventExecutor.java:858) [netty-common-4.1.16.Final.jar:4.1.16.Final]
	at java.lang.Thread.run(Thread.java:834) [?:?]
[2021-12-23T14:42:55,928][WARN ][o.e.x.s.t.n.SecurityNetty4ServerTransport] [q9Ljii_] exception caught on transport layer [NettyTcpChannel{localAddress=/127.0.0.1:9300, remoteAddress=/127.0.0.1:58699}], closing connection
java.io.IOException: 远程主机强迫关闭了一个现有的连接。
	at sun.nio.ch.SocketDispatcher.read0(Native Method) ~[?:?]
	at sun.nio.ch.SocketDispatcher.read(SocketDispatcher.java:43) ~[?:?]
	at sun.nio.ch.IOUtil.readIntoNativeBuffer(IOUtil.java:276) ~[?:?]
	at sun.nio.ch.IOUtil.read(IOUtil.java:245) ~[?:?]
	at sun.nio.ch.IOUtil.read(IOUtil.java:223) ~[?:?]
	at sun.nio.ch.SocketChannelImpl.read(SocketChannelImpl.java:358) ~[?:?]
	at io.netty.buffer.PooledHeapByteBuf.setBytes(PooledHeapByteBuf.java:261) ~[netty-buffer-4.1.16.Final.jar:4.1.16.Final]
	at io.netty.buffer.AbstractByteBuf.writeBytes(AbstractByteBuf.java:1106) ~[netty-buffer-4.1.16.Final.jar:4.1.16.Final]
	at io.netty.channel.socket.nio.NioSocketChannel.doReadBytes(NioSocketChannel.java:343) ~[netty-transport-4.1.16.Final.jar:4.1.16.Final]
	at io.netty.channel.nio.AbstractNioByteChannel$NioByteUnsafe.read(AbstractNioByteChannel.java:123) [netty-transport-4.1.16.Final.jar:4.1.16.Final]
	at io.netty.channel.nio.NioEventLoop.processSelectedKey(NioEventLoop.java:645) [netty-transport-4.1.16.Final.jar:4.1.16.Final]
	at io.netty.channel.nio.NioEventLoop.processSelectedKeysPlain(NioEventLoop.java:545) [netty-transport-4.1.16.Final.jar:4.1.16.Final]
	at io.netty.channel.nio.NioEventLoop.processSelectedKeys(NioEventLoop.java:499) [netty-transport-4.1.16.Final.jar:4.1.16.Final]
	at io.netty.channel.nio.NioEventLoop.run(NioEventLoop.java:459) [netty-transport-4.1.16.Final.jar:4.1.16.Final]
	at io.netty.util.concurrent.SingleThreadEventExecutor$5.run(SingleThreadEventExecutor.java:858) [netty-common-4.1.16.Final.jar:4.1.16.Final]
	at java.lang.Thread.run(Thread.java:834) [?:?]
[2021-12-23T14:42:55,928][WARN ][o.e.x.s.t.n.SecurityNetty4ServerTransport] [q9Ljii_] exception caught on transport layer [NettyTcpChannel{localAddress=/127.0.0.1:9300, remoteAddress=/127.0.0.1:58694}], closing connection
java.io.IOException: 远程主机强迫关闭了一个现有的连接。
	at sun.nio.ch.SocketDispatcher.read0(Native Method) ~[?:?]
	at sun.nio.ch.SocketDispatcher.read(SocketDispatcher.java:43) ~[?:?]
	at sun.nio.ch.IOUtil.readIntoNativeBuffer(IOUtil.java:276) ~[?:?]
	at sun.nio.ch.IOUtil.read(IOUtil.java:245) ~[?:?]
	at sun.nio.ch.IOUtil.read(IOUtil.java:223) ~[?:?]
	at sun.nio.ch.SocketChannelImpl.read(SocketChannelImpl.java:358) ~[?:?]
	at io.netty.buffer.PooledHeapByteBuf.setBytes(PooledHeapByteBuf.java:261) ~[netty-buffer-4.1.16.Final.jar:4.1.16.Final]
	at io.netty.buffer.AbstractByteBuf.writeBytes(AbstractByteBuf.java:1106) ~[netty-buffer-4.1.16.Final.jar:4.1.16.Final]
	at io.netty.channel.socket.nio.NioSocketChannel.doReadBytes(NioSocketChannel.java:343) ~[netty-transport-4.1.16.Final.jar:4.1.16.Final]
	at io.netty.channel.nio.AbstractNioByteChannel$NioByteUnsafe.read(AbstractNioByteChannel.java:123) [netty-transport-4.1.16.Final.jar:4.1.16.Final]
	at io.netty.channel.nio.NioEventLoop.processSelectedKey(NioEventLoop.java:645) [netty-transport-4.1.16.Final.jar:4.1.16.Final]
	at io.netty.channel.nio.NioEventLoop.processSelectedKeysPlain(NioEventLoop.java:545) [netty-transport-4.1.16.Final.jar:4.1.16.Final]
	at io.netty.channel.nio.NioEventLoop.processSelectedKeys(NioEventLoop.java:499) [netty-transport-4.1.16.Final.jar:4.1.16.Final]
	at io.netty.channel.nio.NioEventLoop.run(NioEventLoop.java:459) [netty-transport-4.1.16.Final.jar:4.1.16.Final]
	at io.netty.util.concurrent.SingleThreadEventExecutor$5.run(SingleThreadEventExecutor.java:858) [netty-common-4.1.16.Final.jar:4.1.16.Final]
	at java.lang.Thread.run(Thread.java:834) [?:?]
[2021-12-23T14:43:13,599][INFO ][o.e.c.r.a.DiskThresholdMonitor] [q9Ljii_] low disk watermark [85%] exceeded on [q9Ljii_WSHWWamI_vjpBuQ][q9Ljii_][D:\Java\IdeaProjects\community\log\Elaticsearch-6.4.3\data\nodes\0] free: 28gb[10.1%], replicas will not be assigned to this node
[2021-12-23T14:43:43,615][INFO ][o.e.c.r.a.DiskThresholdMonitor] [q9Ljii_] low disk watermark [85%] exceeded on [q9Ljii_WSHWWamI_vjpBuQ][q9Ljii_][D:\Java\IdeaProjects\community\log\Elaticsearch-6.4.3\data\nodes\0] free: 28gb[10.1%], replicas will not be assigned to this node
[2021-12-23T14:44:13,626][INFO ][o.e.c.r.a.DiskThresholdMonitor] [q9Ljii_] low disk watermark [85%] exceeded on [q9Ljii_WSHWWamI_vjpBuQ][q9Ljii_][D:\Java\IdeaProjects\community\log\Elaticsearch-6.4.3\data\nodes\0] free: 28gb[10.1%], replicas will not be assigned to this node
