2021-11-13 02:55:57.423  INFO 18952 --- [main] com.nowcoder.community.LoggerTests       : Starting LoggerTests using Java 14.0.1 on LAPTOP-5CRCV1LI with PID 18952 (started by Real in D:\Java\IdeaProjects\community)
2021-11-13 02:55:57.424 DEBUG 18952 --- [main] com.nowcoder.community.LoggerTests       : Running with Spring Boot v2.4.10, Spring v5.3.9
2021-11-13 02:55:57.425  INFO 18952 --- [main] com.nowcoder.community.LoggerTests       : No active profile set, falling back to default profiles: default
2021-11-13 02:55:59.000  INFO 18952 --- [main] o.s.b.a.w.s.WelcomePageHandlerMapping    : Adding welcome page template: index
2021-11-13 02:55:59.295  INFO 18952 --- [main] com.nowcoder.community.LoggerTests       : Started LoggerTests in 2.173 seconds (JVM running for 2.92)
2021-11-13 02:55:59.647 DEBUG 18952 --- [main] com.nowcoder.community.LoggerTests       : debug log
2021-11-13 02:55:59.647  INFO 18952 --- [main] com.nowcoder.community.LoggerTests       : info log
2021-11-13 02:55:59.647  WARN 18952 --- [main] com.nowcoder.community.LoggerTests       : warn log
2021-11-13 02:55:59.647 ERROR 18952 --- [main] com.nowcoder.community.LoggerTests       : error log
2021-11-13 21:41:16.362  INFO 5312 --- [main] com.nowcoder.community.MailSenderTests   : Starting MailSenderTests using Java 14.0.1 on LAPTOP-5CRCV1LI with PID 5312 (started by Real in D:\Java\IdeaProjects\community)
2021-11-13 21:41:16.363 DEBUG 5312 --- [main] com.nowcoder.community.MailSenderTests   : Running with Spring Boot v2.4.10, Spring v5.3.9
2021-11-13 21:41:16.364  INFO 5312 --- [main] com.nowcoder.community.MailSenderTests   : No active profile set, falling back to default profiles: default
2021-11-13 21:41:17.767  INFO 5312 --- [main] o.s.b.a.w.s.WelcomePageHandlerMapping    : Adding welcome page template: index
2021-11-13 21:41:18.051  INFO 5312 --- [main] com.nowcoder.community.MailSenderTests   : Started MailSenderTests in 1.972 seconds (JVM running for 2.682)
2021-11-13 21:42:12.329  INFO 18616 --- [main] com.nowcoder.community.MailSenderTests   : Starting MailSenderTests using Java 14.0.1 on LAPTOP-5CRCV1LI with PID 18616 (started by Real in D:\Java\IdeaProjects\community)
2021-11-13 21:42:12.330 DEBUG 18616 --- [main] com.nowcoder.community.MailSenderTests   : Running with Spring Boot v2.4.10, Spring v5.3.9
2021-11-13 21:42:12.331  INFO 18616 --- [main] com.nowcoder.community.MailSenderTests   : No active profile set, falling back to default profiles: default
2021-11-13 21:42:13.659  INFO 18616 --- [main] o.s.b.a.w.s.WelcomePageHandlerMapping    : Adding welcome page template: index
2021-11-13 21:42:13.902  INFO 18616 --- [main] com.nowcoder.community.MailSenderTests   : Started MailSenderTests in 1.826 seconds (JVM running for 2.453)
2021-11-13 21:54:57.024  INFO 8092 --- [main] com.nowcoder.community.MailSenderTests   : Starting MailSenderTests using Java 14.0.1 on LAPTOP-5CRCV1LI with PID 8092 (started by Real in D:\Java\IdeaProjects\community)
2021-11-13 21:54:57.025 DEBUG 8092 --- [main] com.nowcoder.community.MailSenderTests   : Running with Spring Boot v2.4.10, Spring v5.3.9
2021-11-13 21:54:57.026  INFO 8092 --- [main] com.nowcoder.community.MailSenderTests   : No active profile set, falling back to default profiles: default
2021-11-13 21:54:58.403  INFO 8092 --- [main] o.s.b.a.w.s.WelcomePageHandlerMapping    : Adding welcome page template: index
2021-11-13 21:54:58.680  INFO 8092 --- [main] com.nowcoder.community.MailSenderTests   : Started MailSenderTests in 1.948 seconds (JVM running for 2.663)
