2021-12-05 17:10:46.261  INFO 58496 --- [restartedMain] c.n.community.CommunityApplication       : Starting CommunityApplication using Java 14.0.1 on LAPTOP-5CRCV1LI with PID 58496 (D:\Java\IdeaProjects\community\target\classes started by Real in D:\Java\IdeaProjects\community)
2021-12-05 17:10:46.265 DEBUG 58496 --- [restartedMain] c.n.community.CommunityApplication       : Running with Spring Boot v2.4.10, Spring v5.3.9
2021-12-05 17:10:46.266  INFO 58496 --- [restartedMain] c.n.community.CommunityApplication       : No active profile set, falling back to default profiles: default
2021-12-05 17:10:46.302  INFO 58496 --- [restartedMain] .e.DevToolsPropertyDefaultsPostProcessor : Devtools property defaults active! Set 'spring.devtools.add-properties' to 'false' to disable
2021-12-05 17:10:46.303  INFO 58496 --- [restartedMain] .e.DevToolsPropertyDefaultsPostProcessor : For additional web related logging consider setting the 'logging.level.web' property to 'DEBUG'
2021-12-05 17:10:47.306  INFO 58496 --- [restartedMain] o.s.b.w.embedded.tomcat.TomcatWebServer  : Tomcat initialized with port(s): 8080 (http)
2021-12-05 17:10:47.315  INFO 58496 --- [restartedMain] o.apache.catalina.core.StandardService   : Starting service [Tomcat]
2021-12-05 17:10:47.315  INFO 58496 --- [restartedMain] org.apache.catalina.core.StandardEngine  : Starting Servlet engine: [Apache Tomcat/9.0.52]
2021-12-05 17:10:47.396  INFO 58496 --- [restartedMain] o.a.c.c.C.[.[localhost].[/community]     : Initializing Spring embedded WebApplicationContext
2021-12-05 17:10:47.397  INFO 58496 --- [restartedMain] w.s.c.ServletWebServerApplicationContext : Root WebApplicationContext: initialization completed in 1093 ms
2021-12-05 17:10:48.044  INFO 58496 --- [restartedMain] o.s.b.a.w.s.WelcomePageHandlerMapping    : Adding welcome page template: index
2021-12-05 17:10:48.254  INFO 58496 --- [restartedMain] o.s.b.d.a.OptionalLiveReloadServer       : LiveReload server is running on port 35729
2021-12-05 17:10:48.301  INFO 58496 --- [restartedMain] o.s.b.w.embedded.tomcat.TomcatWebServer  : Tomcat started on port(s): 8080 (http) with context path '/community'
2021-12-05 17:10:48.316  INFO 58496 --- [restartedMain] c.n.community.CommunityApplication       : Started CommunityApplication in 2.432 seconds (JVM running for 3.289)
2021-12-05 17:10:54.965  INFO 58496 --- [http-nio-8080-exec-1] o.a.c.c.C.[.[localhost].[/community]     : Initializing Spring DispatcherServlet 'dispatcherServlet'
2021-12-05 17:10:54.966  INFO 58496 --- [http-nio-8080-exec-1] o.s.web.servlet.DispatcherServlet        : Initializing Servlet 'dispatcherServlet'
2021-12-05 17:10:54.966  INFO 58496 --- [http-nio-8080-exec-1] o.s.web.servlet.DispatcherServlet        : Completed initialization in 0 ms
2021-12-05 17:10:54.989  INFO 58496 --- [http-nio-8080-exec-1] com.zaxxer.hikari.HikariDataSource       : HikariPool-1 - Starting...
2021-12-05 17:10:55.279  INFO 58496 --- [http-nio-8080-exec-1] com.zaxxer.hikari.HikariDataSource       : HikariPool-1 - Start completed.
2021-12-05 17:10:55.285 DEBUG 58496 --- [http-nio-8080-exec-1] c.n.c.d.L.selectByTicket                 : ==>  Preparing: select id, user_id, ticket, status, expired from login_ticket where ticket = ?
2021-12-05 17:10:55.305 DEBUG 58496 --- [http-nio-8080-exec-1] c.n.c.d.L.selectByTicket                 : ==> Parameters: d013042b92ae4c0d8a8e9e9f53a8319d(String)
2021-12-05 17:10:55.329 DEBUG 58496 --- [http-nio-8080-exec-1] c.n.c.d.L.selectByTicket                 : <==      Total: 1
2021-12-05 17:10:55.334 DEBUG 58496 --- [http-nio-8080-exec-1] c.n.community.dao.UserMapper.selectById  : ==>  Preparing: select id, username, password, salt, email, type, status, activation_code, header_url, create_time from user where id = ?
2021-12-05 17:10:55.334 DEBUG 58496 --- [http-nio-8080-exec-1] c.n.community.dao.UserMapper.selectById  : ==> Parameters: 154(Integer)
2021-12-05 17:10:55.338 DEBUG 58496 --- [http-nio-8080-exec-1] c.n.community.dao.UserMapper.selectById  : <==      Total: 1
2021-12-05 17:10:55.366 DEBUG 58496 --- [http-nio-8080-exec-1] c.n.c.d.D.selectDiscussPostRows          : ==>  Preparing: select count(id) from discuss_post where status != 2
2021-12-05 17:10:55.367 DEBUG 58496 --- [http-nio-8080-exec-1] c.n.c.d.D.selectDiscussPostRows          : ==> Parameters: 
2021-12-05 17:10:55.371 DEBUG 58496 --- [http-nio-8080-exec-1] c.n.c.d.D.selectDiscussPostRows          : <==      Total: 1
2021-12-05 17:10:55.373 DEBUG 58496 --- [http-nio-8080-exec-1] c.n.c.d.D.selectDiscussPosts             : ==>  Preparing: select id, user_id, title, content, type, status, create_time, comment_count, score from discuss_post where status != 2 order by type desc, create_time desc limit ?, ?
2021-12-05 17:10:55.373 DEBUG 58496 --- [http-nio-8080-exec-1] c.n.c.d.D.selectDiscussPosts             : ==> Parameters: 0(Integer), 10(Integer)
2021-12-05 17:10:55.383 DEBUG 58496 --- [http-nio-8080-exec-1] c.n.c.d.D.selectDiscussPosts             : <==      Total: 10
2021-12-05 17:10:55.384 DEBUG 58496 --- [http-nio-8080-exec-1] c.n.community.dao.UserMapper.selectById  : ==>  Preparing: select id, username, password, salt, email, type, status, activation_code, header_url, create_time from user where id = ?
2021-12-05 17:10:55.385 DEBUG 58496 --- [http-nio-8080-exec-1] c.n.community.dao.UserMapper.selectById  : ==> Parameters: 11(Integer)
2021-12-05 17:10:55.387 DEBUG 58496 --- [http-nio-8080-exec-1] c.n.community.dao.UserMapper.selectById  : <==      Total: 1
2021-12-05 17:10:55.388 DEBUG 58496 --- [http-nio-8080-exec-1] c.n.community.dao.UserMapper.selectById  : ==>  Preparing: select id, username, password, salt, email, type, status, activation_code, header_url, create_time from user where id = ?
2021-12-05 17:10:55.388 DEBUG 58496 --- [http-nio-8080-exec-1] c.n.community.dao.UserMapper.selectById  : ==> Parameters: 111(Integer)
2021-12-05 17:10:55.390 DEBUG 58496 --- [http-nio-8080-exec-1] c.n.community.dao.UserMapper.selectById  : <==      Total: 1
2021-12-05 17:10:55.390 DEBUG 58496 --- [http-nio-8080-exec-1] c.n.community.dao.UserMapper.selectById  : ==>  Preparing: select id, username, password, salt, email, type, status, activation_code, header_url, create_time from user where id = ?
2021-12-05 17:10:55.390 DEBUG 58496 --- [http-nio-8080-exec-1] c.n.community.dao.UserMapper.selectById  : ==> Parameters: 154(Integer)
2021-12-05 17:10:55.392 DEBUG 58496 --- [http-nio-8080-exec-1] c.n.community.dao.UserMapper.selectById  : <==      Total: 1
2021-12-05 17:10:55.393 DEBUG 58496 --- [http-nio-8080-exec-1] c.n.community.dao.UserMapper.selectById  : ==>  Preparing: select id, username, password, salt, email, type, status, activation_code, header_url, create_time from user where id = ?
2021-12-05 17:10:55.393 DEBUG 58496 --- [http-nio-8080-exec-1] c.n.community.dao.UserMapper.selectById  : ==> Parameters: 154(Integer)
2021-12-05 17:10:55.394 DEBUG 58496 --- [http-nio-8080-exec-1] c.n.community.dao.UserMapper.selectById  : <==      Total: 1
2021-12-05 17:10:55.395 DEBUG 58496 --- [http-nio-8080-exec-1] c.n.community.dao.UserMapper.selectById  : ==>  Preparing: select id, username, password, salt, email, type, status, activation_code, header_url, create_time from user where id = ?
2021-12-05 17:10:55.395 DEBUG 58496 --- [http-nio-8080-exec-1] c.n.community.dao.UserMapper.selectById  : ==> Parameters: 154(Integer)
2021-12-05 17:10:55.397 DEBUG 58496 --- [http-nio-8080-exec-1] c.n.community.dao.UserMapper.selectById  : <==      Total: 1
2021-12-05 17:10:55.397 DEBUG 58496 --- [http-nio-8080-exec-1] c.n.community.dao.UserMapper.selectById  : ==>  Preparing: select id, username, password, salt, email, type, status, activation_code, header_url, create_time from user where id = ?
2021-12-05 17:10:55.397 DEBUG 58496 --- [http-nio-8080-exec-1] c.n.community.dao.UserMapper.selectById  : ==> Parameters: 154(Integer)
2021-12-05 17:10:55.399 DEBUG 58496 --- [http-nio-8080-exec-1] c.n.community.dao.UserMapper.selectById  : <==      Total: 1
2021-12-05 17:10:55.399 DEBUG 58496 --- [http-nio-8080-exec-1] c.n.community.dao.UserMapper.selectById  : ==>  Preparing: select id, username, password, salt, email, type, status, activation_code, header_url, create_time from user where id = ?
2021-12-05 17:10:55.399 DEBUG 58496 --- [http-nio-8080-exec-1] c.n.community.dao.UserMapper.selectById  : ==> Parameters: 149(Integer)
2021-12-05 17:10:55.401 DEBUG 58496 --- [http-nio-8080-exec-1] c.n.community.dao.UserMapper.selectById  : <==      Total: 1
2021-12-05 17:10:55.401 DEBUG 58496 --- [http-nio-8080-exec-1] c.n.community.dao.UserMapper.selectById  : ==>  Preparing: select id, username, password, salt, email, type, status, activation_code, header_url, create_time from user where id = ?
2021-12-05 17:10:55.402 DEBUG 58496 --- [http-nio-8080-exec-1] c.n.community.dao.UserMapper.selectById  : ==> Parameters: 149(Integer)
2021-12-05 17:10:55.404 DEBUG 58496 --- [http-nio-8080-exec-1] c.n.community.dao.UserMapper.selectById  : <==      Total: 1
2021-12-05 17:10:55.405 DEBUG 58496 --- [http-nio-8080-exec-1] c.n.community.dao.UserMapper.selectById  : ==>  Preparing: select id, username, password, salt, email, type, status, activation_code, header_url, create_time from user where id = ?
2021-12-05 17:10:55.406 DEBUG 58496 --- [http-nio-8080-exec-1] c.n.community.dao.UserMapper.selectById  : ==> Parameters: 149(Integer)
2021-12-05 17:10:55.407 DEBUG 58496 --- [http-nio-8080-exec-1] c.n.community.dao.UserMapper.selectById  : <==      Total: 1
2021-12-05 17:10:55.408 DEBUG 58496 --- [http-nio-8080-exec-1] c.n.community.dao.UserMapper.selectById  : ==>  Preparing: select id, username, password, salt, email, type, status, activation_code, header_url, create_time from user where id = ?
2021-12-05 17:10:55.408 DEBUG 58496 --- [http-nio-8080-exec-1] c.n.community.dao.UserMapper.selectById  : ==> Parameters: 146(Integer)
2021-12-05 17:10:55.409 DEBUG 58496 --- [http-nio-8080-exec-1] c.n.community.dao.UserMapper.selectById  : <==      Total: 1
2021-12-05 17:10:58.026 DEBUG 58496 --- [http-nio-8080-exec-6] c.n.c.d.L.selectByTicket                 : ==>  Preparing: select id, user_id, ticket, status, expired from login_ticket where ticket = ?
2021-12-05 17:10:58.027 DEBUG 58496 --- [http-nio-8080-exec-6] c.n.c.d.L.selectByTicket                 : ==> Parameters: d013042b92ae4c0d8a8e9e9f53a8319d(String)
2021-12-05 17:10:58.028 DEBUG 58496 --- [http-nio-8080-exec-6] c.n.c.d.L.selectByTicket                 : <==      Total: 1
2021-12-05 17:10:58.028 DEBUG 58496 --- [http-nio-8080-exec-6] c.n.community.dao.UserMapper.selectById  : ==>  Preparing: select id, username, password, salt, email, type, status, activation_code, header_url, create_time from user where id = ?
2021-12-05 17:10:58.028 DEBUG 58496 --- [http-nio-8080-exec-6] c.n.community.dao.UserMapper.selectById  : ==> Parameters: 154(Integer)
2021-12-05 17:10:58.030 DEBUG 58496 --- [http-nio-8080-exec-6] c.n.community.dao.UserMapper.selectById  : <==      Total: 1
2021-12-05 17:10:58.035 DEBUG 58496 --- [http-nio-8080-exec-6] c.n.c.d.D.selectDiscussPostById          : ==>  Preparing: select id, user_id, title, content, type, status, create_time, comment_count, score from discuss_post where id = ?
2021-12-05 17:10:58.035 DEBUG 58496 --- [http-nio-8080-exec-6] c.n.c.d.D.selectDiscussPostById          : ==> Parameters: 275(Integer)
2021-12-05 17:10:58.036 DEBUG 58496 --- [http-nio-8080-exec-6] c.n.c.d.D.selectDiscussPostById          : <==      Total: 1
2021-12-05 17:10:58.037 DEBUG 58496 --- [http-nio-8080-exec-6] c.n.community.dao.UserMapper.selectById  : ==>  Preparing: select id, username, password, salt, email, type, status, activation_code, header_url, create_time from user where id = ?
2021-12-05 17:10:58.037 DEBUG 58496 --- [http-nio-8080-exec-6] c.n.community.dao.UserMapper.selectById  : ==> Parameters: 11(Integer)
2021-12-05 17:10:58.038 DEBUG 58496 --- [http-nio-8080-exec-6] c.n.community.dao.UserMapper.selectById  : <==      Total: 1
2021-12-05 17:10:58.042 DEBUG 58496 --- [http-nio-8080-exec-6] c.n.c.d.C.selectCommentsByEntity         : ==>  Preparing: select id, user_id, entity_type, entity_id, target_id, content, status, create_time from comment where status = 0 and entity_id = ? and entity_type = ? order by create_time asc limit ?, ?
2021-12-05 17:10:58.043 DEBUG 58496 --- [http-nio-8080-exec-6] c.n.c.d.C.selectCommentsByEntity         : ==> Parameters: 275(Integer), 1(Integer), 0(Integer), 5(Integer)
2021-12-05 17:10:58.046 DEBUG 58496 --- [http-nio-8080-exec-6] c.n.c.d.C.selectCommentsByEntity         : <==      Total: 5
2021-12-05 17:10:58.047 DEBUG 58496 --- [http-nio-8080-exec-6] c.n.community.dao.UserMapper.selectById  : ==>  Preparing: select id, username, password, salt, email, type, status, activation_code, header_url, create_time from user where id = ?
2021-12-05 17:10:58.047 DEBUG 58496 --- [http-nio-8080-exec-6] c.n.community.dao.UserMapper.selectById  : ==> Parameters: 111(Integer)
2021-12-05 17:10:58.048 DEBUG 58496 --- [http-nio-8080-exec-6] c.n.community.dao.UserMapper.selectById  : <==      Total: 1
2021-12-05 17:10:58.048 DEBUG 58496 --- [http-nio-8080-exec-6] c.n.c.d.C.selectCommentsByEntity         : ==>  Preparing: select id, user_id, entity_type, entity_id, target_id, content, status, create_time from comment where status = 0 and entity_id = ? and entity_type = ? order by create_time asc limit ?, ?
2021-12-05 17:10:58.049 DEBUG 58496 --- [http-nio-8080-exec-6] c.n.c.d.C.selectCommentsByEntity         : ==> Parameters: 152(Integer), 2(Integer), 0(Integer), 2147483647(Integer)
2021-12-05 17:10:58.050 DEBUG 58496 --- [http-nio-8080-exec-6] c.n.c.d.C.selectCommentsByEntity         : <==      Total: 4
2021-12-05 17:10:58.050 DEBUG 58496 --- [http-nio-8080-exec-6] c.n.community.dao.UserMapper.selectById  : ==>  Preparing: select id, username, password, salt, email, type, status, activation_code, header_url, create_time from user where id = ?
2021-12-05 17:10:58.050 DEBUG 58496 --- [http-nio-8080-exec-6] c.n.community.dao.UserMapper.selectById  : ==> Parameters: 154(Integer)
2021-12-05 17:10:58.051 DEBUG 58496 --- [http-nio-8080-exec-6] c.n.community.dao.UserMapper.selectById  : <==      Total: 1
2021-12-05 17:10:58.051 DEBUG 58496 --- [http-nio-8080-exec-6] c.n.community.dao.UserMapper.selectById  : ==>  Preparing: select id, username, password, salt, email, type, status, activation_code, header_url, create_time from user where id = ?
2021-12-05 17:10:58.052 DEBUG 58496 --- [http-nio-8080-exec-6] c.n.community.dao.UserMapper.selectById  : ==> Parameters: 154(Integer)
2021-12-05 17:10:58.054 DEBUG 58496 --- [http-nio-8080-exec-6] c.n.community.dao.UserMapper.selectById  : <==      Total: 1
2021-12-05 17:10:58.054 DEBUG 58496 --- [http-nio-8080-exec-6] c.n.community.dao.UserMapper.selectById  : ==>  Preparing: select id, username, password, salt, email, type, status, activation_code, header_url, create_time from user where id = ?
2021-12-05 17:10:58.055 DEBUG 58496 --- [http-nio-8080-exec-6] c.n.community.dao.UserMapper.selectById  : ==> Parameters: 154(Integer)
2021-12-05 17:10:58.056 DEBUG 58496 --- [http-nio-8080-exec-6] c.n.community.dao.UserMapper.selectById  : <==      Total: 1
2021-12-05 17:10:58.056 DEBUG 58496 --- [http-nio-8080-exec-6] c.n.community.dao.UserMapper.selectById  : ==>  Preparing: select id, username, password, salt, email, type, status, activation_code, header_url, create_time from user where id = ?
2021-12-05 17:10:58.056 DEBUG 58496 --- [http-nio-8080-exec-6] c.n.community.dao.UserMapper.selectById  : ==> Parameters: 154(Integer)
2021-12-05 17:10:58.057 DEBUG 58496 --- [http-nio-8080-exec-6] c.n.community.dao.UserMapper.selectById  : <==      Total: 1
2021-12-05 17:10:58.057 DEBUG 58496 --- [http-nio-8080-exec-6] c.n.community.dao.UserMapper.selectById  : ==>  Preparing: select id, username, password, salt, email, type, status, activation_code, header_url, create_time from user where id = ?
2021-12-05 17:10:58.057 DEBUG 58496 --- [http-nio-8080-exec-6] c.n.community.dao.UserMapper.selectById  : ==> Parameters: 149(Integer)
2021-12-05 17:10:58.058 DEBUG 58496 --- [http-nio-8080-exec-6] c.n.community.dao.UserMapper.selectById  : <==      Total: 1
2021-12-05 17:10:58.058 DEBUG 58496 --- [http-nio-8080-exec-6] c.n.c.d.C.selectCountByEntity            : ==>  Preparing: select count(id) from comment where status = 0 and entity_id = ? and entity_type = ?
2021-12-05 17:10:58.058 DEBUG 58496 --- [http-nio-8080-exec-6] c.n.c.d.C.selectCountByEntity            : ==> Parameters: 152(Integer), 2(Integer)
2021-12-05 17:10:58.059 DEBUG 58496 --- [http-nio-8080-exec-6] c.n.c.d.C.selectCountByEntity            : <==      Total: 1
2021-12-05 17:10:58.060 DEBUG 58496 --- [http-nio-8080-exec-6] c.n.community.dao.UserMapper.selectById  : ==>  Preparing: select id, username, password, salt, email, type, status, activation_code, header_url, create_time from user where id = ?
2021-12-05 17:10:58.060 DEBUG 58496 --- [http-nio-8080-exec-6] c.n.community.dao.UserMapper.selectById  : ==> Parameters: 111(Integer)
2021-12-05 17:10:58.060 DEBUG 58496 --- [http-nio-8080-exec-6] c.n.community.dao.UserMapper.selectById  : <==      Total: 1
2021-12-05 17:10:58.061 DEBUG 58496 --- [http-nio-8080-exec-6] c.n.c.d.C.selectCommentsByEntity         : ==>  Preparing: select id, user_id, entity_type, entity_id, target_id, content, status, create_time from comment where status = 0 and entity_id = ? and entity_type = ? order by create_time asc limit ?, ?
2021-12-05 17:10:58.061 DEBUG 58496 --- [http-nio-8080-exec-6] c.n.c.d.C.selectCommentsByEntity         : ==> Parameters: 153(Integer), 2(Integer), 0(Integer), 2147483647(Integer)
2021-12-05 17:10:58.061 DEBUG 58496 --- [http-nio-8080-exec-6] c.n.c.d.C.selectCommentsByEntity         : <==      Total: 0
2021-12-05 17:10:58.062 DEBUG 58496 --- [http-nio-8080-exec-6] c.n.c.d.C.selectCountByEntity            : ==>  Preparing: select count(id) from comment where status = 0 and entity_id = ? and entity_type = ?
2021-12-05 17:10:58.062 DEBUG 58496 --- [http-nio-8080-exec-6] c.n.c.d.C.selectCountByEntity            : ==> Parameters: 153(Integer), 2(Integer)
2021-12-05 17:10:58.062 DEBUG 58496 --- [http-nio-8080-exec-6] c.n.c.d.C.selectCountByEntity            : <==      Total: 1
2021-12-05 17:10:58.063 DEBUG 58496 --- [http-nio-8080-exec-6] c.n.community.dao.UserMapper.selectById  : ==>  Preparing: select id, username, password, salt, email, type, status, activation_code, header_url, create_time from user where id = ?
2021-12-05 17:10:58.063 DEBUG 58496 --- [http-nio-8080-exec-6] c.n.community.dao.UserMapper.selectById  : ==> Parameters: 111(Integer)
2021-12-05 17:10:58.064 DEBUG 58496 --- [http-nio-8080-exec-6] c.n.community.dao.UserMapper.selectById  : <==      Total: 1
2021-12-05 17:10:58.064 DEBUG 58496 --- [http-nio-8080-exec-6] c.n.c.d.C.selectCommentsByEntity         : ==>  Preparing: select id, user_id, entity_type, entity_id, target_id, content, status, create_time from comment where status = 0 and entity_id = ? and entity_type = ? order by create_time asc limit ?, ?
2021-12-05 17:10:58.064 DEBUG 58496 --- [http-nio-8080-exec-6] c.n.c.d.C.selectCommentsByEntity         : ==> Parameters: 154(Integer), 2(Integer), 0(Integer), 2147483647(Integer)
2021-12-05 17:10:58.064 DEBUG 58496 --- [http-nio-8080-exec-6] c.n.c.d.C.selectCommentsByEntity         : <==      Total: 0
2021-12-05 17:10:58.065 DEBUG 58496 --- [http-nio-8080-exec-6] c.n.c.d.C.selectCountByEntity            : ==>  Preparing: select count(id) from comment where status = 0 and entity_id = ? and entity_type = ?
2021-12-05 17:10:58.065 DEBUG 58496 --- [http-nio-8080-exec-6] c.n.c.d.C.selectCountByEntity            : ==> Parameters: 154(Integer), 2(Integer)
2021-12-05 17:10:58.065 DEBUG 58496 --- [http-nio-8080-exec-6] c.n.c.d.C.selectCountByEntity            : <==      Total: 1
2021-12-05 17:10:58.065 DEBUG 58496 --- [http-nio-8080-exec-6] c.n.community.dao.UserMapper.selectById  : ==>  Preparing: select id, username, password, salt, email, type, status, activation_code, header_url, create_time from user where id = ?
2021-12-05 17:10:58.066 DEBUG 58496 --- [http-nio-8080-exec-6] c.n.community.dao.UserMapper.selectById  : ==> Parameters: 111(Integer)
2021-12-05 17:10:58.066 DEBUG 58496 --- [http-nio-8080-exec-6] c.n.community.dao.UserMapper.selectById  : <==      Total: 1
2021-12-05 17:10:58.067 DEBUG 58496 --- [http-nio-8080-exec-6] c.n.c.d.C.selectCommentsByEntity         : ==>  Preparing: select id, user_id, entity_type, entity_id, target_id, content, status, create_time from comment where status = 0 and entity_id = ? and entity_type = ? order by create_time asc limit ?, ?
2021-12-05 17:10:58.067 DEBUG 58496 --- [http-nio-8080-exec-6] c.n.c.d.C.selectCommentsByEntity         : ==> Parameters: 155(Integer), 2(Integer), 0(Integer), 2147483647(Integer)
2021-12-05 17:10:58.067 DEBUG 58496 --- [http-nio-8080-exec-6] c.n.c.d.C.selectCommentsByEntity         : <==      Total: 1
2021-12-05 17:10:58.068 DEBUG 58496 --- [http-nio-8080-exec-6] c.n.community.dao.UserMapper.selectById  : ==>  Preparing: select id, username, password, salt, email, type, status, activation_code, header_url, create_time from user where id = ?
2021-12-05 17:10:58.068 DEBUG 58496 --- [http-nio-8080-exec-6] c.n.community.dao.UserMapper.selectById  : ==> Parameters: 149(Integer)
2021-12-05 17:10:58.069 DEBUG 58496 --- [http-nio-8080-exec-6] c.n.community.dao.UserMapper.selectById  : <==      Total: 1
2021-12-05 17:10:58.069 DEBUG 58496 --- [http-nio-8080-exec-6] c.n.c.d.C.selectCountByEntity            : ==>  Preparing: select count(id) from comment where status = 0 and entity_id = ? and entity_type = ?
2021-12-05 17:10:58.069 DEBUG 58496 --- [http-nio-8080-exec-6] c.n.c.d.C.selectCountByEntity            : ==> Parameters: 155(Integer), 2(Integer)
2021-12-05 17:10:58.070 DEBUG 58496 --- [http-nio-8080-exec-6] c.n.c.d.C.selectCountByEntity            : <==      Total: 1
2021-12-05 17:10:58.070 DEBUG 58496 --- [http-nio-8080-exec-6] c.n.community.dao.UserMapper.selectById  : ==>  Preparing: select id, username, password, salt, email, type, status, activation_code, header_url, create_time from user where id = ?
2021-12-05 17:10:58.071 DEBUG 58496 --- [http-nio-8080-exec-6] c.n.community.dao.UserMapper.selectById  : ==> Parameters: 111(Integer)
2021-12-05 17:10:58.071 DEBUG 58496 --- [http-nio-8080-exec-6] c.n.community.dao.UserMapper.selectById  : <==      Total: 1
2021-12-05 17:10:58.072 DEBUG 58496 --- [http-nio-8080-exec-6] c.n.c.d.C.selectCommentsByEntity         : ==>  Preparing: select id, user_id, entity_type, entity_id, target_id, content, status, create_time from comment where status = 0 and entity_id = ? and entity_type = ? order by create_time asc limit ?, ?
2021-12-05 17:10:58.072 DEBUG 58496 --- [http-nio-8080-exec-6] c.n.c.d.C.selectCommentsByEntity         : ==> Parameters: 156(Integer), 2(Integer), 0(Integer), 2147483647(Integer)
2021-12-05 17:10:58.072 DEBUG 58496 --- [http-nio-8080-exec-6] c.n.c.d.C.selectCommentsByEntity         : <==      Total: 0
2021-12-05 17:10:58.073 DEBUG 58496 --- [http-nio-8080-exec-6] c.n.c.d.C.selectCountByEntity            : ==>  Preparing: select count(id) from comment where status = 0 and entity_id = ? and entity_type = ?
2021-12-05 17:10:58.073 DEBUG 58496 --- [http-nio-8080-exec-6] c.n.c.d.C.selectCountByEntity            : ==> Parameters: 156(Integer), 2(Integer)
2021-12-05 17:10:58.073 DEBUG 58496 --- [http-nio-8080-exec-6] c.n.c.d.C.selectCountByEntity            : <==      Total: 1
2021-12-05 17:11:15.022 DEBUG 58496 --- [http-nio-8080-exec-1] c.n.c.d.L.selectByTicket                 : ==>  Preparing: select id, user_id, ticket, status, expired from login_ticket where ticket = ?
2021-12-05 17:11:15.023 DEBUG 58496 --- [http-nio-8080-exec-1] c.n.c.d.L.selectByTicket                 : ==> Parameters: d013042b92ae4c0d8a8e9e9f53a8319d(String)
2021-12-05 17:11:15.024 DEBUG 58496 --- [http-nio-8080-exec-1] c.n.c.d.L.selectByTicket                 : <==      Total: 1
2021-12-05 17:11:15.025 DEBUG 58496 --- [http-nio-8080-exec-1] c.n.community.dao.UserMapper.selectById  : ==>  Preparing: select id, username, password, salt, email, type, status, activation_code, header_url, create_time from user where id = ?
2021-12-05 17:11:15.025 DEBUG 58496 --- [http-nio-8080-exec-1] c.n.community.dao.UserMapper.selectById  : ==> Parameters: 154(Integer)
2021-12-05 17:11:15.026 DEBUG 58496 --- [http-nio-8080-exec-1] c.n.community.dao.UserMapper.selectById  : <==      Total: 1
2021-12-05 17:11:15.039 DEBUG 58496 --- [http-nio-8080-exec-1] c.n.c.dao.CommentMapper.insertComment    : ==>  Preparing: insert into comment( user_id, entity_type, entity_id, target_id, content, status, create_time ) values (?, ?, ?, ?, ?, ?, ?)
2021-12-05 17:11:15.040 DEBUG 58496 --- [http-nio-8080-exec-1] c.n.c.dao.CommentMapper.insertComment    : ==> Parameters: 154(Integer), 2(Integer), 155(Integer), 149(Integer), Test1(String), 0(Integer), 2021-12-05 17:11:15.029(Timestamp)
2021-12-05 17:11:15.044 DEBUG 58496 --- [http-nio-8080-exec-1] c.n.c.dao.CommentMapper.insertComment    : <==    Updates: 1
2021-12-05 17:11:15.068 DEBUG 58496 --- [http-nio-8080-exec-2] c.n.c.d.L.selectByTicket                 : ==>  Preparing: select id, user_id, ticket, status, expired from login_ticket where ticket = ?
2021-12-05 17:11:15.068 DEBUG 58496 --- [http-nio-8080-exec-2] c.n.c.d.L.selectByTicket                 : ==> Parameters: d013042b92ae4c0d8a8e9e9f53a8319d(String)
2021-12-05 17:11:15.069 DEBUG 58496 --- [http-nio-8080-exec-2] c.n.c.d.L.selectByTicket                 : <==      Total: 1
2021-12-05 17:11:15.069 DEBUG 58496 --- [http-nio-8080-exec-2] c.n.community.dao.UserMapper.selectById  : ==>  Preparing: select id, username, password, salt, email, type, status, activation_code, header_url, create_time from user where id = ?
2021-12-05 17:11:15.069 DEBUG 58496 --- [http-nio-8080-exec-2] c.n.community.dao.UserMapper.selectById  : ==> Parameters: 154(Integer)
2021-12-05 17:11:15.070 DEBUG 58496 --- [http-nio-8080-exec-2] c.n.community.dao.UserMapper.selectById  : <==      Total: 1
2021-12-05 17:11:15.070 DEBUG 58496 --- [http-nio-8080-exec-2] c.n.c.d.D.selectDiscussPostById          : ==>  Preparing: select id, user_id, title, content, type, status, create_time, comment_count, score from discuss_post where id = ?
2021-12-05 17:11:15.070 DEBUG 58496 --- [http-nio-8080-exec-2] c.n.c.d.D.selectDiscussPostById          : ==> Parameters: 275(Integer)
2021-12-05 17:11:15.071 DEBUG 58496 --- [http-nio-8080-exec-2] c.n.c.d.D.selectDiscussPostById          : <==      Total: 1
2021-12-05 17:11:15.071 DEBUG 58496 --- [http-nio-8080-exec-2] c.n.community.dao.UserMapper.selectById  : ==>  Preparing: select id, username, password, salt, email, type, status, activation_code, header_url, create_time from user where id = ?
2021-12-05 17:11:15.071 DEBUG 58496 --- [http-nio-8080-exec-2] c.n.community.dao.UserMapper.selectById  : ==> Parameters: 11(Integer)
2021-12-05 17:11:15.072 DEBUG 58496 --- [http-nio-8080-exec-2] c.n.community.dao.UserMapper.selectById  : <==      Total: 1
2021-12-05 17:11:15.072 DEBUG 58496 --- [http-nio-8080-exec-2] c.n.c.d.C.selectCommentsByEntity         : ==>  Preparing: select id, user_id, entity_type, entity_id, target_id, content, status, create_time from comment where status = 0 and entity_id = ? and entity_type = ? order by create_time asc limit ?, ?
2021-12-05 17:11:15.073 DEBUG 58496 --- [http-nio-8080-exec-2] c.n.c.d.C.selectCommentsByEntity         : ==> Parameters: 275(Integer), 1(Integer), 0(Integer), 5(Integer)
2021-12-05 17:11:15.074 DEBUG 58496 --- [http-nio-8080-exec-2] c.n.c.d.C.selectCommentsByEntity         : <==      Total: 5
2021-12-05 17:11:15.075 DEBUG 58496 --- [http-nio-8080-exec-2] c.n.community.dao.UserMapper.selectById  : ==>  Preparing: select id, username, password, salt, email, type, status, activation_code, header_url, create_time from user where id = ?
2021-12-05 17:11:15.075 DEBUG 58496 --- [http-nio-8080-exec-2] c.n.community.dao.UserMapper.selectById  : ==> Parameters: 111(Integer)
2021-12-05 17:11:15.076 DEBUG 58496 --- [http-nio-8080-exec-2] c.n.community.dao.UserMapper.selectById  : <==      Total: 1
2021-12-05 17:11:15.076 DEBUG 58496 --- [http-nio-8080-exec-2] c.n.c.d.C.selectCommentsByEntity         : ==>  Preparing: select id, user_id, entity_type, entity_id, target_id, content, status, create_time from comment where status = 0 and entity_id = ? and entity_type = ? order by create_time asc limit ?, ?
2021-12-05 17:11:15.076 DEBUG 58496 --- [http-nio-8080-exec-2] c.n.c.d.C.selectCommentsByEntity         : ==> Parameters: 152(Integer), 2(Integer), 0(Integer), 2147483647(Integer)
2021-12-05 17:11:15.078 DEBUG 58496 --- [http-nio-8080-exec-2] c.n.c.d.C.selectCommentsByEntity         : <==      Total: 4
2021-12-05 17:11:15.078 DEBUG 58496 --- [http-nio-8080-exec-2] c.n.community.dao.UserMapper.selectById  : ==>  Preparing: select id, username, password, salt, email, type, status, activation_code, header_url, create_time from user where id = ?
2021-12-05 17:11:15.078 DEBUG 58496 --- [http-nio-8080-exec-2] c.n.community.dao.UserMapper.selectById  : ==> Parameters: 154(Integer)
2021-12-05 17:11:15.080 DEBUG 58496 --- [http-nio-8080-exec-2] c.n.community.dao.UserMapper.selectById  : <==      Total: 1
2021-12-05 17:11:15.080 DEBUG 58496 --- [http-nio-8080-exec-2] c.n.community.dao.UserMapper.selectById  : ==>  Preparing: select id, username, password, salt, email, type, status, activation_code, header_url, create_time from user where id = ?
2021-12-05 17:11:15.080 DEBUG 58496 --- [http-nio-8080-exec-2] c.n.community.dao.UserMapper.selectById  : ==> Parameters: 154(Integer)
2021-12-05 17:11:15.081 DEBUG 58496 --- [http-nio-8080-exec-2] c.n.community.dao.UserMapper.selectById  : <==      Total: 1
2021-12-05 17:11:15.081 DEBUG 58496 --- [http-nio-8080-exec-2] c.n.community.dao.UserMapper.selectById  : ==>  Preparing: select id, username, password, salt, email, type, status, activation_code, header_url, create_time from user where id = ?
2021-12-05 17:11:15.081 DEBUG 58496 --- [http-nio-8080-exec-2] c.n.community.dao.UserMapper.selectById  : ==> Parameters: 154(Integer)
2021-12-05 17:11:15.082 DEBUG 58496 --- [http-nio-8080-exec-2] c.n.community.dao.UserMapper.selectById  : <==      Total: 1
2021-12-05 17:11:15.082 DEBUG 58496 --- [http-nio-8080-exec-2] c.n.community.dao.UserMapper.selectById  : ==>  Preparing: select id, username, password, salt, email, type, status, activation_code, header_url, create_time from user where id = ?
2021-12-05 17:11:15.082 DEBUG 58496 --- [http-nio-8080-exec-2] c.n.community.dao.UserMapper.selectById  : ==> Parameters: 154(Integer)
2021-12-05 17:11:15.084 DEBUG 58496 --- [http-nio-8080-exec-2] c.n.community.dao.UserMapper.selectById  : <==      Total: 1
2021-12-05 17:11:15.084 DEBUG 58496 --- [http-nio-8080-exec-2] c.n.community.dao.UserMapper.selectById  : ==>  Preparing: select id, username, password, salt, email, type, status, activation_code, header_url, create_time from user where id = ?
2021-12-05 17:11:15.084 DEBUG 58496 --- [http-nio-8080-exec-2] c.n.community.dao.UserMapper.selectById  : ==> Parameters: 149(Integer)
2021-12-05 17:11:15.085 DEBUG 58496 --- [http-nio-8080-exec-2] c.n.community.dao.UserMapper.selectById  : <==      Total: 1
2021-12-05 17:11:15.085 DEBUG 58496 --- [http-nio-8080-exec-2] c.n.c.d.C.selectCountByEntity            : ==>  Preparing: select count(id) from comment where status = 0 and entity_id = ? and entity_type = ?
2021-12-05 17:11:15.086 DEBUG 58496 --- [http-nio-8080-exec-2] c.n.c.d.C.selectCountByEntity            : ==> Parameters: 152(Integer), 2(Integer)
2021-12-05 17:11:15.087 DEBUG 58496 --- [http-nio-8080-exec-2] c.n.c.d.C.selectCountByEntity            : <==      Total: 1
2021-12-05 17:11:15.087 DEBUG 58496 --- [http-nio-8080-exec-2] c.n.community.dao.UserMapper.selectById  : ==>  Preparing: select id, username, password, salt, email, type, status, activation_code, header_url, create_time from user where id = ?
2021-12-05 17:11:15.087 DEBUG 58496 --- [http-nio-8080-exec-2] c.n.community.dao.UserMapper.selectById  : ==> Parameters: 111(Integer)
2021-12-05 17:11:15.088 DEBUG 58496 --- [http-nio-8080-exec-2] c.n.community.dao.UserMapper.selectById  : <==      Total: 1
2021-12-05 17:11:15.088 DEBUG 58496 --- [http-nio-8080-exec-2] c.n.c.d.C.selectCommentsByEntity         : ==>  Preparing: select id, user_id, entity_type, entity_id, target_id, content, status, create_time from comment where status = 0 and entity_id = ? and entity_type = ? order by create_time asc limit ?, ?
2021-12-05 17:11:15.088 DEBUG 58496 --- [http-nio-8080-exec-2] c.n.c.d.C.selectCommentsByEntity         : ==> Parameters: 153(Integer), 2(Integer), 0(Integer), 2147483647(Integer)
2021-12-05 17:11:15.089 DEBUG 58496 --- [http-nio-8080-exec-2] c.n.c.d.C.selectCommentsByEntity         : <==      Total: 0
2021-12-05 17:11:15.089 DEBUG 58496 --- [http-nio-8080-exec-2] c.n.c.d.C.selectCountByEntity            : ==>  Preparing: select count(id) from comment where status = 0 and entity_id = ? and entity_type = ?
2021-12-05 17:11:15.089 DEBUG 58496 --- [http-nio-8080-exec-2] c.n.c.d.C.selectCountByEntity            : ==> Parameters: 153(Integer), 2(Integer)
2021-12-05 17:11:15.089 DEBUG 58496 --- [http-nio-8080-exec-2] c.n.c.d.C.selectCountByEntity            : <==      Total: 1
2021-12-05 17:11:15.089 DEBUG 58496 --- [http-nio-8080-exec-2] c.n.community.dao.UserMapper.selectById  : ==>  Preparing: select id, username, password, salt, email, type, status, activation_code, header_url, create_time from user where id = ?
2021-12-05 17:11:15.089 DEBUG 58496 --- [http-nio-8080-exec-2] c.n.community.dao.UserMapper.selectById  : ==> Parameters: 111(Integer)
2021-12-05 17:11:15.091 DEBUG 58496 --- [http-nio-8080-exec-2] c.n.community.dao.UserMapper.selectById  : <==      Total: 1
2021-12-05 17:11:15.092 DEBUG 58496 --- [http-nio-8080-exec-2] c.n.c.d.C.selectCommentsByEntity         : ==>  Preparing: select id, user_id, entity_type, entity_id, target_id, content, status, create_time from comment where status = 0 and entity_id = ? and entity_type = ? order by create_time asc limit ?, ?
2021-12-05 17:11:15.092 DEBUG 58496 --- [http-nio-8080-exec-2] c.n.c.d.C.selectCommentsByEntity         : ==> Parameters: 154(Integer), 2(Integer), 0(Integer), 2147483647(Integer)
2021-12-05 17:11:15.093 DEBUG 58496 --- [http-nio-8080-exec-2] c.n.c.d.C.selectCommentsByEntity         : <==      Total: 0
2021-12-05 17:11:15.094 DEBUG 58496 --- [http-nio-8080-exec-2] c.n.c.d.C.selectCountByEntity            : ==>  Preparing: select count(id) from comment where status = 0 and entity_id = ? and entity_type = ?
2021-12-05 17:11:15.094 DEBUG 58496 --- [http-nio-8080-exec-2] c.n.c.d.C.selectCountByEntity            : ==> Parameters: 154(Integer), 2(Integer)
2021-12-05 17:11:15.095 DEBUG 58496 --- [http-nio-8080-exec-2] c.n.c.d.C.selectCountByEntity            : <==      Total: 1
2021-12-05 17:11:15.095 DEBUG 58496 --- [http-nio-8080-exec-2] c.n.community.dao.UserMapper.selectById  : ==>  Preparing: select id, username, password, salt, email, type, status, activation_code, header_url, create_time from user where id = ?
2021-12-05 17:11:15.095 DEBUG 58496 --- [http-nio-8080-exec-2] c.n.community.dao.UserMapper.selectById  : ==> Parameters: 111(Integer)
2021-12-05 17:11:15.096 DEBUG 58496 --- [http-nio-8080-exec-2] c.n.community.dao.UserMapper.selectById  : <==      Total: 1
2021-12-05 17:11:15.096 DEBUG 58496 --- [http-nio-8080-exec-2] c.n.c.d.C.selectCommentsByEntity         : ==>  Preparing: select id, user_id, entity_type, entity_id, target_id, content, status, create_time from comment where status = 0 and entity_id = ? and entity_type = ? order by create_time asc limit ?, ?
2021-12-05 17:11:15.096 DEBUG 58496 --- [http-nio-8080-exec-2] c.n.c.d.C.selectCommentsByEntity         : ==> Parameters: 155(Integer), 2(Integer), 0(Integer), 2147483647(Integer)
2021-12-05 17:11:15.098 DEBUG 58496 --- [http-nio-8080-exec-2] c.n.c.d.C.selectCommentsByEntity         : <==      Total: 2
2021-12-05 17:11:15.098 DEBUG 58496 --- [http-nio-8080-exec-2] c.n.community.dao.UserMapper.selectById  : ==>  Preparing: select id, username, password, salt, email, type, status, activation_code, header_url, create_time from user where id = ?
2021-12-05 17:11:15.099 DEBUG 58496 --- [http-nio-8080-exec-2] c.n.community.dao.UserMapper.selectById  : ==> Parameters: 149(Integer)
2021-12-05 17:11:15.100 DEBUG 58496 --- [http-nio-8080-exec-2] c.n.community.dao.UserMapper.selectById  : <==      Total: 1
2021-12-05 17:11:15.100 DEBUG 58496 --- [http-nio-8080-exec-2] c.n.community.dao.UserMapper.selectById  : ==>  Preparing: select id, username, password, salt, email, type, status, activation_code, header_url, create_time from user where id = ?
2021-12-05 17:11:15.100 DEBUG 58496 --- [http-nio-8080-exec-2] c.n.community.dao.UserMapper.selectById  : ==> Parameters: 154(Integer)
2021-12-05 17:11:15.101 DEBUG 58496 --- [http-nio-8080-exec-2] c.n.community.dao.UserMapper.selectById  : <==      Total: 1
2021-12-05 17:11:15.101 DEBUG 58496 --- [http-nio-8080-exec-2] c.n.community.dao.UserMapper.selectById  : ==>  Preparing: select id, username, password, salt, email, type, status, activation_code, header_url, create_time from user where id = ?
2021-12-05 17:11:15.102 DEBUG 58496 --- [http-nio-8080-exec-2] c.n.community.dao.UserMapper.selectById  : ==> Parameters: 149(Integer)
2021-12-05 17:11:15.102 DEBUG 58496 --- [http-nio-8080-exec-2] c.n.community.dao.UserMapper.selectById  : <==      Total: 1
2021-12-05 17:11:15.103 DEBUG 58496 --- [http-nio-8080-exec-2] c.n.c.d.C.selectCountByEntity            : ==>  Preparing: select count(id) from comment where status = 0 and entity_id = ? and entity_type = ?
2021-12-05 17:11:15.103 DEBUG 58496 --- [http-nio-8080-exec-2] c.n.c.d.C.selectCountByEntity            : ==> Parameters: 155(Integer), 2(Integer)
2021-12-05 17:11:15.103 DEBUG 58496 --- [http-nio-8080-exec-2] c.n.c.d.C.selectCountByEntity            : <==      Total: 1
2021-12-05 17:11:15.104 DEBUG 58496 --- [http-nio-8080-exec-2] c.n.community.dao.UserMapper.selectById  : ==>  Preparing: select id, username, password, salt, email, type, status, activation_code, header_url, create_time from user where id = ?
2021-12-05 17:11:15.104 DEBUG 58496 --- [http-nio-8080-exec-2] c.n.community.dao.UserMapper.selectById  : ==> Parameters: 111(Integer)
2021-12-05 17:11:15.105 DEBUG 58496 --- [http-nio-8080-exec-2] c.n.community.dao.UserMapper.selectById  : <==      Total: 1
2021-12-05 17:11:15.105 DEBUG 58496 --- [http-nio-8080-exec-2] c.n.c.d.C.selectCommentsByEntity         : ==>  Preparing: select id, user_id, entity_type, entity_id, target_id, content, status, create_time from comment where status = 0 and entity_id = ? and entity_type = ? order by create_time asc limit ?, ?
2021-12-05 17:11:15.105 DEBUG 58496 --- [http-nio-8080-exec-2] c.n.c.d.C.selectCommentsByEntity         : ==> Parameters: 156(Integer), 2(Integer), 0(Integer), 2147483647(Integer)
2021-12-05 17:11:15.106 DEBUG 58496 --- [http-nio-8080-exec-2] c.n.c.d.C.selectCommentsByEntity         : <==      Total: 0
2021-12-05 17:11:15.106 DEBUG 58496 --- [http-nio-8080-exec-2] c.n.c.d.C.selectCountByEntity            : ==>  Preparing: select count(id) from comment where status = 0 and entity_id = ? and entity_type = ?
2021-12-05 17:11:15.107 DEBUG 58496 --- [http-nio-8080-exec-2] c.n.c.d.C.selectCountByEntity            : ==> Parameters: 156(Integer), 2(Integer)
2021-12-05 17:11:15.107 DEBUG 58496 --- [http-nio-8080-exec-2] c.n.c.d.C.selectCountByEntity            : <==      Total: 1
