2021-11-20 21:08:07.350  INFO 32420 --- [restartedMain] c.n.community.CommunityApplication       : Starting CommunityApplication using Java 14.0.1 on LAPTOP-5CRCV1LI with PID 32420 (D:\Java\IdeaProjects\community\target\classes started by Real in D:\Java\IdeaProjects\community)
2021-11-20 21:08:07.354 DEBUG 32420 --- [restartedMain] c.n.community.CommunityApplication       : Running with Spring Boot v2.4.10, Spring v5.3.9
2021-11-20 21:08:07.355  INFO 32420 --- [restartedMain] c.n.community.CommunityApplication       : No active profile set, falling back to default profiles: default
2021-11-20 21:08:07.392  INFO 32420 --- [restartedMain] .e.DevToolsPropertyDefaultsPostProcessor : Devtools property defaults active! Set 'spring.devtools.add-properties' to 'false' to disable
2021-11-20 21:08:07.393  INFO 32420 --- [restartedMain] .e.DevToolsPropertyDefaultsPostProcessor : For additional web related logging consider setting the 'logging.level.web' property to 'DEBUG'
2021-11-20 21:08:08.422  INFO 32420 --- [restartedMain] o.s.b.w.embedded.tomcat.TomcatWebServer  : Tomcat initialized with port(s): 8080 (http)
2021-11-20 21:08:08.431  INFO 32420 --- [restartedMain] o.apache.catalina.core.StandardService   : Starting service [Tomcat]
2021-11-20 21:08:08.432  INFO 32420 --- [restartedMain] org.apache.catalina.core.StandardEngine  : Starting Servlet engine: [Apache Tomcat/9.0.52]
2021-11-20 21:08:08.511  INFO 32420 --- [restartedMain] o.a.c.c.C.[.[localhost].[/community]     : Initializing Spring embedded WebApplicationContext
2021-11-20 21:08:08.512  INFO 32420 --- [restartedMain] w.s.c.ServletWebServerApplicationContext : Root WebApplicationContext: initialization completed in 1119 ms
2021-11-20 21:08:09.118  INFO 32420 --- [restartedMain] o.s.b.a.w.s.WelcomePageHandlerMapping    : Adding welcome page template: index
2021-11-20 21:08:09.265  INFO 32420 --- [restartedMain] o.s.b.d.a.OptionalLiveReloadServer       : LiveReload server is running on port 35729
2021-11-20 21:08:09.306  INFO 32420 --- [restartedMain] o.s.b.w.embedded.tomcat.TomcatWebServer  : Tomcat started on port(s): 8080 (http) with context path '/community'
2021-11-20 21:08:09.316  INFO 32420 --- [restartedMain] c.n.community.CommunityApplication       : Started CommunityApplication in 2.39 seconds (JVM running for 3.072)
2021-11-20 21:08:36.889  INFO 32420 --- [http-nio-8080-exec-1] o.a.c.c.C.[.[localhost].[/community]     : Initializing Spring DispatcherServlet 'dispatcherServlet'
2021-11-20 21:08:36.890  INFO 32420 --- [http-nio-8080-exec-1] o.s.web.servlet.DispatcherServlet        : Initializing Servlet 'dispatcherServlet'
2021-11-20 21:08:36.890  INFO 32420 --- [http-nio-8080-exec-1] o.s.web.servlet.DispatcherServlet        : Completed initialization in 0 ms
2021-11-20 21:08:36.912  INFO 32420 --- [http-nio-8080-exec-1] com.zaxxer.hikari.HikariDataSource       : HikariPool-1 - Starting...
2021-11-20 21:08:37.186  INFO 32420 --- [http-nio-8080-exec-1] com.zaxxer.hikari.HikariDataSource       : HikariPool-1 - Start completed.
2021-11-20 21:08:37.191 DEBUG 32420 --- [http-nio-8080-exec-1] c.n.c.d.L.selectByTicket                 : ==>  Preparing: select id, user_id, ticket, status, expired from login_ticket where ticket = ?
2021-11-20 21:08:37.215 DEBUG 32420 --- [http-nio-8080-exec-1] c.n.c.d.L.selectByTicket                 : ==> Parameters: f1ab8fec0df6495b9d17153ce7a1e63e(String)
2021-11-20 21:08:37.257 DEBUG 32420 --- [http-nio-8080-exec-1] c.n.c.d.L.selectByTicket                 : <==      Total: 1
2021-11-20 21:08:37.284 DEBUG 32420 --- [http-nio-8080-exec-1] c.n.c.d.D.selectDiscussPostRows          : ==>  Preparing: select count(id) from discuss_post where status != 2
2021-11-20 21:08:37.285 DEBUG 32420 --- [http-nio-8080-exec-1] c.n.c.d.D.selectDiscussPostRows          : ==> Parameters: 
2021-11-20 21:08:37.290 DEBUG 32420 --- [http-nio-8080-exec-1] c.n.c.d.D.selectDiscussPostRows          : <==      Total: 1
2021-11-20 21:08:37.291 DEBUG 32420 --- [http-nio-8080-exec-1] c.n.c.d.D.selectDiscussPosts             : ==>  Preparing: select id, user_id, title, content, type, status, create_time, comment_count, score from discuss_post where status != 2 order by type desc, create_time desc limit ?, ?
2021-11-20 21:08:37.292 DEBUG 32420 --- [http-nio-8080-exec-1] c.n.c.d.D.selectDiscussPosts             : ==> Parameters: 0(Integer), 10(Integer)
2021-11-20 21:08:37.300 DEBUG 32420 --- [http-nio-8080-exec-1] c.n.c.d.D.selectDiscussPosts             : <==      Total: 10
2021-11-20 21:08:37.301 DEBUG 32420 --- [http-nio-8080-exec-1] c.n.community.dao.UserMapper.selectById  : ==>  Preparing: select id, username, password, salt, email, type, status, activation_code, header_url, create_time from user where id = ?
2021-11-20 21:08:37.301 DEBUG 32420 --- [http-nio-8080-exec-1] c.n.community.dao.UserMapper.selectById  : ==> Parameters: 11(Integer)
2021-11-20 21:08:37.305 DEBUG 32420 --- [http-nio-8080-exec-1] c.n.community.dao.UserMapper.selectById  : <==      Total: 1
2021-11-20 21:08:37.305 DEBUG 32420 --- [http-nio-8080-exec-1] c.n.community.dao.UserMapper.selectById  : ==>  Preparing: select id, username, password, salt, email, type, status, activation_code, header_url, create_time from user where id = ?
2021-11-20 21:08:37.306 DEBUG 32420 --- [http-nio-8080-exec-1] c.n.community.dao.UserMapper.selectById  : ==> Parameters: 111(Integer)
2021-11-20 21:08:37.309 DEBUG 32420 --- [http-nio-8080-exec-1] c.n.community.dao.UserMapper.selectById  : <==      Total: 1
2021-11-20 21:08:37.309 DEBUG 32420 --- [http-nio-8080-exec-1] c.n.community.dao.UserMapper.selectById  : ==>  Preparing: select id, username, password, salt, email, type, status, activation_code, header_url, create_time from user where id = ?
2021-11-20 21:08:37.309 DEBUG 32420 --- [http-nio-8080-exec-1] c.n.community.dao.UserMapper.selectById  : ==> Parameters: 149(Integer)
2021-11-20 21:08:37.311 DEBUG 32420 --- [http-nio-8080-exec-1] c.n.community.dao.UserMapper.selectById  : <==      Total: 1
2021-11-20 21:08:37.312 DEBUG 32420 --- [http-nio-8080-exec-1] c.n.community.dao.UserMapper.selectById  : ==>  Preparing: select id, username, password, salt, email, type, status, activation_code, header_url, create_time from user where id = ?
2021-11-20 21:08:37.312 DEBUG 32420 --- [http-nio-8080-exec-1] c.n.community.dao.UserMapper.selectById  : ==> Parameters: 149(Integer)
2021-11-20 21:08:37.314 DEBUG 32420 --- [http-nio-8080-exec-1] c.n.community.dao.UserMapper.selectById  : <==      Total: 1
2021-11-20 21:08:37.314 DEBUG 32420 --- [http-nio-8080-exec-1] c.n.community.dao.UserMapper.selectById  : ==>  Preparing: select id, username, password, salt, email, type, status, activation_code, header_url, create_time from user where id = ?
2021-11-20 21:08:37.314 DEBUG 32420 --- [http-nio-8080-exec-1] c.n.community.dao.UserMapper.selectById  : ==> Parameters: 149(Integer)
2021-11-20 21:08:37.316 DEBUG 32420 --- [http-nio-8080-exec-1] c.n.community.dao.UserMapper.selectById  : <==      Total: 1
2021-11-20 21:08:37.317 DEBUG 32420 --- [http-nio-8080-exec-1] c.n.community.dao.UserMapper.selectById  : ==>  Preparing: select id, username, password, salt, email, type, status, activation_code, header_url, create_time from user where id = ?
2021-11-20 21:08:37.317 DEBUG 32420 --- [http-nio-8080-exec-1] c.n.community.dao.UserMapper.selectById  : ==> Parameters: 146(Integer)
2021-11-20 21:08:37.319 DEBUG 32420 --- [http-nio-8080-exec-1] c.n.community.dao.UserMapper.selectById  : <==      Total: 1
2021-11-20 21:08:37.319 DEBUG 32420 --- [http-nio-8080-exec-1] c.n.community.dao.UserMapper.selectById  : ==>  Preparing: select id, username, password, salt, email, type, status, activation_code, header_url, create_time from user where id = ?
2021-11-20 21:08:37.319 DEBUG 32420 --- [http-nio-8080-exec-1] c.n.community.dao.UserMapper.selectById  : ==> Parameters: 145(Integer)
2021-11-20 21:08:37.321 DEBUG 32420 --- [http-nio-8080-exec-1] c.n.community.dao.UserMapper.selectById  : <==      Total: 1
2021-11-20 21:08:37.322 DEBUG 32420 --- [http-nio-8080-exec-1] c.n.community.dao.UserMapper.selectById  : ==>  Preparing: select id, username, password, salt, email, type, status, activation_code, header_url, create_time from user where id = ?
2021-11-20 21:08:37.322 DEBUG 32420 --- [http-nio-8080-exec-1] c.n.community.dao.UserMapper.selectById  : ==> Parameters: 138(Integer)
2021-11-20 21:08:37.324 DEBUG 32420 --- [http-nio-8080-exec-1] c.n.community.dao.UserMapper.selectById  : <==      Total: 1
2021-11-20 21:08:37.324 DEBUG 32420 --- [http-nio-8080-exec-1] c.n.community.dao.UserMapper.selectById  : ==>  Preparing: select id, username, password, salt, email, type, status, activation_code, header_url, create_time from user where id = ?
2021-11-20 21:08:37.324 DEBUG 32420 --- [http-nio-8080-exec-1] c.n.community.dao.UserMapper.selectById  : ==> Parameters: 138(Integer)
2021-11-20 21:08:37.326 DEBUG 32420 --- [http-nio-8080-exec-1] c.n.community.dao.UserMapper.selectById  : <==      Total: 1
2021-11-20 21:08:37.326 DEBUG 32420 --- [http-nio-8080-exec-1] c.n.community.dao.UserMapper.selectById  : ==>  Preparing: select id, username, password, salt, email, type, status, activation_code, header_url, create_time from user where id = ?
2021-11-20 21:08:37.327 DEBUG 32420 --- [http-nio-8080-exec-1] c.n.community.dao.UserMapper.selectById  : ==> Parameters: 103(Integer)
2021-11-20 21:08:37.328 DEBUG 32420 --- [http-nio-8080-exec-1] c.n.community.dao.UserMapper.selectById  : <==      Total: 1
2021-11-20 21:08:37.550 ERROR 32420 --- [http-nio-8080-exec-1] org.thymeleaf.TemplateEngine             : [THYMELEAF][http-nio-8080-exec-1] Exception processing template "index": An error happened during template parsing (template: "class path resource [templates/index.html]")

org.thymeleaf.exceptions.TemplateInputException: An error happened during template parsing (template: "class path resource [templates/index.html]")
	at org.thymeleaf.templateparser.markup.AbstractMarkupTemplateParser.parse(AbstractMarkupTemplateParser.java:241) ~[thymeleaf-3.0.12.RELEASE.jar:3.0.12.RELEASE]
	at org.thymeleaf.templateparser.markup.AbstractMarkupTemplateParser.parseStandalone(AbstractMarkupTemplateParser.java:100) ~[thymeleaf-3.0.12.RELEASE.jar:3.0.12.RELEASE]
	at org.thymeleaf.engine.TemplateManager.parseAndProcess(TemplateManager.java:666) ~[thymeleaf-3.0.12.RELEASE.jar:3.0.12.RELEASE]
	at org.thymeleaf.TemplateEngine.process(TemplateEngine.java:1098) ~[thymeleaf-3.0.12.RELEASE.jar:3.0.12.RELEASE]
	at org.thymeleaf.TemplateEngine.process(TemplateEngine.java:1072) ~[thymeleaf-3.0.12.RELEASE.jar:3.0.12.RELEASE]
	at org.thymeleaf.spring5.view.ThymeleafView.renderFragment(ThymeleafView.java:366) ~[thymeleaf-spring5-3.0.12.RELEASE.jar:3.0.12.RELEASE]
	at org.thymeleaf.spring5.view.ThymeleafView.render(ThymeleafView.java:190) ~[thymeleaf-spring5-3.0.12.RELEASE.jar:3.0.12.RELEASE]
	at org.springframework.web.servlet.DispatcherServlet.render(DispatcherServlet.java:1397) ~[spring-webmvc-5.3.9.jar:5.3.9]
	at org.springframework.web.servlet.DispatcherServlet.processDispatchResult(DispatcherServlet.java:1142) ~[spring-webmvc-5.3.9.jar:5.3.9]
	at org.springframework.web.servlet.DispatcherServlet.doDispatch(DispatcherServlet.java:1081) ~[spring-webmvc-5.3.9.jar:5.3.9]
	at org.springframework.web.servlet.DispatcherServlet.doService(DispatcherServlet.java:963) ~[spring-webmvc-5.3.9.jar:5.3.9]
	at org.springframework.web.servlet.FrameworkServlet.processRequest(FrameworkServlet.java:1006) ~[spring-webmvc-5.3.9.jar:5.3.9]
	at org.springframework.web.servlet.FrameworkServlet.doGet(FrameworkServlet.java:898) ~[spring-webmvc-5.3.9.jar:5.3.9]
	at javax.servlet.http.HttpServlet.service(HttpServlet.java:655) ~[tomcat-embed-core-9.0.52.jar:4.0.FR]
	at org.springframework.web.servlet.FrameworkServlet.service(FrameworkServlet.java:883) ~[spring-webmvc-5.3.9.jar:5.3.9]
	at javax.servlet.http.HttpServlet.service(HttpServlet.java:764) ~[tomcat-embed-core-9.0.52.jar:4.0.FR]
	at org.apache.catalina.core.ApplicationFilterChain.internalDoFilter(ApplicationFilterChain.java:227) ~[tomcat-embed-core-9.0.52.jar:9.0.52]
	at org.apache.catalina.core.ApplicationFilterChain.doFilter(ApplicationFilterChain.java:162) ~[tomcat-embed-core-9.0.52.jar:9.0.52]
	at org.apache.tomcat.websocket.server.WsFilter.doFilter(WsFilter.java:53) ~[tomcat-embed-websocket-9.0.52.jar:9.0.52]
	at org.apache.catalina.core.ApplicationFilterChain.internalDoFilter(ApplicationFilterChain.java:189) ~[tomcat-embed-core-9.0.52.jar:9.0.52]
	at org.apache.catalina.core.ApplicationFilterChain.doFilter(ApplicationFilterChain.java:162) ~[tomcat-embed-core-9.0.52.jar:9.0.52]
	at org.springframework.web.filter.RequestContextFilter.doFilterInternal(RequestContextFilter.java:100) ~[spring-web-5.3.9.jar:5.3.9]
	at org.springframework.web.filter.OncePerRequestFilter.doFilter(OncePerRequestFilter.java:119) ~[spring-web-5.3.9.jar:5.3.9]
	at org.apache.catalina.core.ApplicationFilterChain.internalDoFilter(ApplicationFilterChain.java:189) ~[tomcat-embed-core-9.0.52.jar:9.0.52]
	at org.apache.catalina.core.ApplicationFilterChain.doFilter(ApplicationFilterChain.java:162) ~[tomcat-embed-core-9.0.52.jar:9.0.52]
	at org.springframework.web.filter.FormContentFilter.doFilterInternal(FormContentFilter.java:93) ~[spring-web-5.3.9.jar:5.3.9]
	at org.springframework.web.filter.OncePerRequestFilter.doFilter(OncePerRequestFilter.java:119) ~[spring-web-5.3.9.jar:5.3.9]
	at org.apache.catalina.core.ApplicationFilterChain.internalDoFilter(ApplicationFilterChain.java:189) ~[tomcat-embed-core-9.0.52.jar:9.0.52]
	at org.apache.catalina.core.ApplicationFilterChain.doFilter(ApplicationFilterChain.java:162) ~[tomcat-embed-core-9.0.52.jar:9.0.52]
	at org.springframework.web.filter.CharacterEncodingFilter.doFilterInternal(CharacterEncodingFilter.java:201) ~[spring-web-5.3.9.jar:5.3.9]
	at org.springframework.web.filter.OncePerRequestFilter.doFilter(OncePerRequestFilter.java:119) ~[spring-web-5.3.9.jar:5.3.9]
	at org.apache.catalina.core.ApplicationFilterChain.internalDoFilter(ApplicationFilterChain.java:189) ~[tomcat-embed-core-9.0.52.jar:9.0.52]
	at org.apache.catalina.core.ApplicationFilterChain.doFilter(ApplicationFilterChain.java:162) ~[tomcat-embed-core-9.0.52.jar:9.0.52]
	at org.apache.catalina.core.StandardWrapperValve.invoke(StandardWrapperValve.java:197) ~[tomcat-embed-core-9.0.52.jar:9.0.52]
	at org.apache.catalina.core.StandardContextValve.invoke(StandardContextValve.java:97) ~[tomcat-embed-core-9.0.52.jar:9.0.52]
	at org.apache.catalina.authenticator.AuthenticatorBase.invoke(AuthenticatorBase.java:542) ~[tomcat-embed-core-9.0.52.jar:9.0.52]
	at org.apache.catalina.core.StandardHostValve.invoke(StandardHostValve.java:135) ~[tomcat-embed-core-9.0.52.jar:9.0.52]
	at org.apache.catalina.valves.ErrorReportValve.invoke(ErrorReportValve.java:92) ~[tomcat-embed-core-9.0.52.jar:9.0.52]
	at org.apache.catalina.core.StandardEngineValve.invoke(StandardEngineValve.java:78) ~[tomcat-embed-core-9.0.52.jar:9.0.52]
	at org.apache.catalina.connector.CoyoteAdapter.service(CoyoteAdapter.java:357) ~[tomcat-embed-core-9.0.52.jar:9.0.52]
	at org.apache.coyote.http11.Http11Processor.service(Http11Processor.java:382) ~[tomcat-embed-core-9.0.52.jar:9.0.52]
	at org.apache.coyote.AbstractProcessorLight.process(AbstractProcessorLight.java:65) ~[tomcat-embed-core-9.0.52.jar:9.0.52]
	at org.apache.coyote.AbstractProtocol$ConnectionHandler.process(AbstractProtocol.java:893) ~[tomcat-embed-core-9.0.52.jar:9.0.52]
	at org.apache.tomcat.util.net.NioEndpoint$SocketProcessor.doRun(NioEndpoint.java:1726) ~[tomcat-embed-core-9.0.52.jar:9.0.52]
	at org.apache.tomcat.util.net.SocketProcessorBase.run(SocketProcessorBase.java:49) ~[tomcat-embed-core-9.0.52.jar:9.0.52]
	at org.apache.tomcat.util.threads.ThreadPoolExecutor.runWorker(ThreadPoolExecutor.java:1191) ~[tomcat-embed-core-9.0.52.jar:9.0.52]
	at org.apache.tomcat.util.threads.ThreadPoolExecutor$Worker.run(ThreadPoolExecutor.java:659) ~[tomcat-embed-core-9.0.52.jar:9.0.52]
	at org.apache.tomcat.util.threads.TaskThread$WrappingRunnable.run(TaskThread.java:61) ~[tomcat-embed-core-9.0.52.jar:9.0.52]
	at java.base/java.lang.Thread.run(Thread.java:832) ~[na:na]
Caused by: org.attoparser.ParseException: Exception evaluating SpringEL expression: "loginUser.headerUrl" (template: "index" - line 40, col 15)
	at org.attoparser.MarkupParser.parseDocument(MarkupParser.java:393) ~[attoparser-2.0.5.RELEASE.jar:2.0.5.RELEASE]
	at org.attoparser.MarkupParser.parse(MarkupParser.java:257) ~[attoparser-2.0.5.RELEASE.jar:2.0.5.RELEASE]
	at org.thymeleaf.templateparser.markup.AbstractMarkupTemplateParser.parse(AbstractMarkupTemplateParser.java:230) ~[thymeleaf-3.0.12.RELEASE.jar:3.0.12.RELEASE]
	... 48 common frames omitted
Caused by: org.thymeleaf.exceptions.TemplateProcessingException: Exception evaluating SpringEL expression: "loginUser.headerUrl" (template: "index" - line 40, col 15)
	at org.thymeleaf.spring5.expression.SPELVariableExpressionEvaluator.evaluate(SPELVariableExpressionEvaluator.java:292) ~[thymeleaf-spring5-3.0.12.RELEASE.jar:3.0.12.RELEASE]
	at org.thymeleaf.standard.expression.VariableExpression.executeVariableExpression(VariableExpression.java:166) ~[thymeleaf-3.0.12.RELEASE.jar:3.0.12.RELEASE]
	at org.thymeleaf.standard.expression.SimpleExpression.executeSimple(SimpleExpression.java:66) ~[thymeleaf-3.0.12.RELEASE.jar:3.0.12.RELEASE]
	at org.thymeleaf.standard.expression.Expression.execute(Expression.java:109) ~[thymeleaf-3.0.12.RELEASE.jar:3.0.12.RELEASE]
	at org.thymeleaf.standard.expression.Expression.execute(Expression.java:138) ~[thymeleaf-3.0.12.RELEASE.jar:3.0.12.RELEASE]
	at org.thymeleaf.standard.processor.AbstractStandardExpressionAttributeTagProcessor.doProcess(AbstractStandardExpressionAttributeTagProcessor.java:144) ~[thymeleaf-3.0.12.RELEASE.jar:3.0.12.RELEASE]
	at org.thymeleaf.processor.element.AbstractAttributeTagProcessor.doProcess(AbstractAttributeTagProcessor.java:74) ~[thymeleaf-3.0.12.RELEASE.jar:3.0.12.RELEASE]
	at org.thymeleaf.processor.element.AbstractElementTagProcessor.process(AbstractElementTagProcessor.java:95) ~[thymeleaf-3.0.12.RELEASE.jar:3.0.12.RELEASE]
	at org.thymeleaf.util.ProcessorConfigurationUtils$ElementTagProcessorWrapper.process(ProcessorConfigurationUtils.java:633) ~[thymeleaf-3.0.12.RELEASE.jar:3.0.12.RELEASE]
	at org.thymeleaf.engine.ProcessorTemplateHandler.handleStandaloneElement(ProcessorTemplateHandler.java:918) ~[thymeleaf-3.0.12.RELEASE.jar:3.0.12.RELEASE]
	at org.thymeleaf.engine.TemplateHandlerAdapterMarkupHandler.handleStandaloneElementEnd(TemplateHandlerAdapterMarkupHandler.java:260) ~[thymeleaf-3.0.12.RELEASE.jar:3.0.12.RELEASE]
	at org.thymeleaf.templateparser.markup.InlinedOutputExpressionMarkupHandler$InlineMarkupAdapterPreProcessorHandler.handleStandaloneElementEnd(InlinedOutputExpressionMarkupHandler.java:256) ~[thymeleaf-3.0.12.RELEASE.jar:3.0.12.RELEASE]
	at org.thymeleaf.standard.inline.OutputExpressionInlinePreProcessorHandler.handleStandaloneElementEnd(OutputExpressionInlinePreProcessorHandler.java:169) ~[thymeleaf-3.0.12.RELEASE.jar:3.0.12.RELEASE]
	at org.thymeleaf.templateparser.markup.InlinedOutputExpressionMarkupHandler.handleStandaloneElementEnd(InlinedOutputExpressionMarkupHandler.java:104) ~[thymeleaf-3.0.12.RELEASE.jar:3.0.12.RELEASE]
	at org.attoparser.HtmlElement.handleStandaloneElementEnd(HtmlElement.java:79) ~[attoparser-2.0.5.RELEASE.jar:2.0.5.RELEASE]
	at org.attoparser.HtmlMarkupHandler.handleStandaloneElementEnd(HtmlMarkupHandler.java:241) ~[attoparser-2.0.5.RELEASE.jar:2.0.5.RELEASE]
	at org.attoparser.MarkupEventProcessorHandler.handleStandaloneElementEnd(MarkupEventProcessorHandler.java:327) ~[attoparser-2.0.5.RELEASE.jar:2.0.5.RELEASE]
	at org.attoparser.ParsingElementMarkupUtil.parseStandaloneElement(ParsingElementMarkupUtil.java:96) ~[attoparser-2.0.5.RELEASE.jar:2.0.5.RELEASE]
	at org.attoparser.MarkupParser.parseBuffer(MarkupParser.java:706) ~[attoparser-2.0.5.RELEASE.jar:2.0.5.RELEASE]
	at org.attoparser.MarkupParser.parseDocument(MarkupParser.java:301) ~[attoparser-2.0.5.RELEASE.jar:2.0.5.RELEASE]
	... 50 common frames omitted
Caused by: org.springframework.expression.spel.SpelEvaluationException: EL1007E: Property or field 'headerUrl' cannot be found on null
	at org.springframework.expression.spel.ast.PropertyOrFieldReference.readProperty(PropertyOrFieldReference.java:213) ~[spring-expression-5.3.9.jar:5.3.9]
	at org.springframework.expression.spel.ast.PropertyOrFieldReference.getValueInternal(PropertyOrFieldReference.java:104) ~[spring-expression-5.3.9.jar:5.3.9]
	at org.springframework.expression.spel.ast.PropertyOrFieldReference.access$000(PropertyOrFieldReference.java:51) ~[spring-expression-5.3.9.jar:5.3.9]
	at org.springframework.expression.spel.ast.PropertyOrFieldReference$AccessorLValue.getValue(PropertyOrFieldReference.java:406) ~[spring-expression-5.3.9.jar:5.3.9]
	at org.springframework.expression.spel.ast.CompoundExpression.getValueInternal(CompoundExpression.java:92) ~[spring-expression-5.3.9.jar:5.3.9]
	at org.springframework.expression.spel.ast.SpelNodeImpl.getValue(SpelNodeImpl.java:112) ~[spring-expression-5.3.9.jar:5.3.9]
	at org.springframework.expression.spel.standard.SpelExpression.getValue(SpelExpression.java:337) ~[spring-expression-5.3.9.jar:5.3.9]
	at org.thymeleaf.spring5.expression.SPELVariableExpressionEvaluator.evaluate(SPELVariableExpressionEvaluator.java:265) ~[thymeleaf-spring5-3.0.12.RELEASE.jar:3.0.12.RELEASE]
	... 69 common frames omitted

2021-11-20 21:08:37.552 ERROR 32420 --- [http-nio-8080-exec-1] o.a.c.c.C.[.[.[.[dispatcherServlet]      : Servlet.service() for servlet [dispatcherServlet] in context with path [/community] threw exception [Request processing failed; nested exception is org.thymeleaf.exceptions.TemplateInputException: An error happened during template parsing (template: "class path resource [templates/index.html]")] with root cause

org.springframework.expression.spel.SpelEvaluationException: EL1007E: Property or field 'headerUrl' cannot be found on null
	at org.springframework.expression.spel.ast.PropertyOrFieldReference.readProperty(PropertyOrFieldReference.java:213) ~[spring-expression-5.3.9.jar:5.3.9]
	at org.springframework.expression.spel.ast.PropertyOrFieldReference.getValueInternal(PropertyOrFieldReference.java:104) ~[spring-expression-5.3.9.jar:5.3.9]
	at org.springframework.expression.spel.ast.PropertyOrFieldReference.access$000(PropertyOrFieldReference.java:51) ~[spring-expression-5.3.9.jar:5.3.9]
	at org.springframework.expression.spel.ast.PropertyOrFieldReference$AccessorLValue.getValue(PropertyOrFieldReference.java:406) ~[spring-expression-5.3.9.jar:5.3.9]
	at org.springframework.expression.spel.ast.CompoundExpression.getValueInternal(CompoundExpression.java:92) ~[spring-expression-5.3.9.jar:5.3.9]
	at org.springframework.expression.spel.ast.SpelNodeImpl.getValue(SpelNodeImpl.java:112) ~[spring-expression-5.3.9.jar:5.3.9]
	at org.springframework.expression.spel.standard.SpelExpression.getValue(SpelExpression.java:337) ~[spring-expression-5.3.9.jar:5.3.9]
	at org.thymeleaf.spring5.expression.SPELVariableExpressionEvaluator.evaluate(SPELVariableExpressionEvaluator.java:265) ~[thymeleaf-spring5-3.0.12.RELEASE.jar:3.0.12.RELEASE]
	at org.thymeleaf.standard.expression.VariableExpression.executeVariableExpression(VariableExpression.java:166) ~[thymeleaf-3.0.12.RELEASE.jar:3.0.12.RELEASE]
	at org.thymeleaf.standard.expression.SimpleExpression.executeSimple(SimpleExpression.java:66) ~[thymeleaf-3.0.12.RELEASE.jar:3.0.12.RELEASE]
	at org.thymeleaf.standard.expression.Expression.execute(Expression.java:109) ~[thymeleaf-3.0.12.RELEASE.jar:3.0.12.RELEASE]
	at org.thymeleaf.standard.expression.Expression.execute(Expression.java:138) ~[thymeleaf-3.0.12.RELEASE.jar:3.0.12.RELEASE]
	at org.thymeleaf.standard.processor.AbstractStandardExpressionAttributeTagProcessor.doProcess(AbstractStandardExpressionAttributeTagProcessor.java:144) ~[thymeleaf-3.0.12.RELEASE.jar:3.0.12.RELEASE]
	at org.thymeleaf.processor.element.AbstractAttributeTagProcessor.doProcess(AbstractAttributeTagProcessor.java:74) ~[thymeleaf-3.0.12.RELEASE.jar:3.0.12.RELEASE]
	at org.thymeleaf.processor.element.AbstractElementTagProcessor.process(AbstractElementTagProcessor.java:95) ~[thymeleaf-3.0.12.RELEASE.jar:3.0.12.RELEASE]
	at org.thymeleaf.util.ProcessorConfigurationUtils$ElementTagProcessorWrapper.process(ProcessorConfigurationUtils.java:633) ~[thymeleaf-3.0.12.RELEASE.jar:3.0.12.RELEASE]
	at org.thymeleaf.engine.ProcessorTemplateHandler.handleStandaloneElement(ProcessorTemplateHandler.java:918) ~[thymeleaf-3.0.12.RELEASE.jar:3.0.12.RELEASE]
	at org.thymeleaf.engine.TemplateHandlerAdapterMarkupHandler.handleStandaloneElementEnd(TemplateHandlerAdapterMarkupHandler.java:260) ~[thymeleaf-3.0.12.RELEASE.jar:3.0.12.RELEASE]
	at org.thymeleaf.templateparser.markup.InlinedOutputExpressionMarkupHandler$InlineMarkupAdapterPreProcessorHandler.handleStandaloneElementEnd(InlinedOutputExpressionMarkupHandler.java:256) ~[thymeleaf-3.0.12.RELEASE.jar:3.0.12.RELEASE]
	at org.thymeleaf.standard.inline.OutputExpressionInlinePreProcessorHandler.handleStandaloneElementEnd(OutputExpressionInlinePreProcessorHandler.java:169) ~[thymeleaf-3.0.12.RELEASE.jar:3.0.12.RELEASE]
	at org.thymeleaf.templateparser.markup.InlinedOutputExpressionMarkupHandler.handleStandaloneElementEnd(InlinedOutputExpressionMarkupHandler.java:104) ~[thymeleaf-3.0.12.RELEASE.jar:3.0.12.RELEASE]
	at org.attoparser.HtmlElement.handleStandaloneElementEnd(HtmlElement.java:79) ~[attoparser-2.0.5.RELEASE.jar:2.0.5.RELEASE]
	at org.attoparser.HtmlMarkupHandler.handleStandaloneElementEnd(HtmlMarkupHandler.java:241) ~[attoparser-2.0.5.RELEASE.jar:2.0.5.RELEASE]
	at org.attoparser.MarkupEventProcessorHandler.handleStandaloneElementEnd(MarkupEventProcessorHandler.java:327) ~[attoparser-2.0.5.RELEASE.jar:2.0.5.RELEASE]
	at org.attoparser.ParsingElementMarkupUtil.parseStandaloneElement(ParsingElementMarkupUtil.java:96) ~[attoparser-2.0.5.RELEASE.jar:2.0.5.RELEASE]
	at org.attoparser.MarkupParser.parseBuffer(MarkupParser.java:706) ~[attoparser-2.0.5.RELEASE.jar:2.0.5.RELEASE]
	at org.attoparser.MarkupParser.parseDocument(MarkupParser.java:301) ~[attoparser-2.0.5.RELEASE.jar:2.0.5.RELEASE]
	at org.attoparser.MarkupParser.parse(MarkupParser.java:257) ~[attoparser-2.0.5.RELEASE.jar:2.0.5.RELEASE]
	at org.thymeleaf.templateparser.markup.AbstractMarkupTemplateParser.parse(AbstractMarkupTemplateParser.java:230) ~[thymeleaf-3.0.12.RELEASE.jar:3.0.12.RELEASE]
	at org.thymeleaf.templateparser.markup.AbstractMarkupTemplateParser.parseStandalone(AbstractMarkupTemplateParser.java:100) ~[thymeleaf-3.0.12.RELEASE.jar:3.0.12.RELEASE]
	at org.thymeleaf.engine.TemplateManager.parseAndProcess(TemplateManager.java:666) ~[thymeleaf-3.0.12.RELEASE.jar:3.0.12.RELEASE]
	at org.thymeleaf.TemplateEngine.process(TemplateEngine.java:1098) ~[thymeleaf-3.0.12.RELEASE.jar:3.0.12.RELEASE]
	at org.thymeleaf.TemplateEngine.process(TemplateEngine.java:1072) ~[thymeleaf-3.0.12.RELEASE.jar:3.0.12.RELEASE]
	at org.thymeleaf.spring5.view.ThymeleafView.renderFragment(ThymeleafView.java:366) ~[thymeleaf-spring5-3.0.12.RELEASE.jar:3.0.12.RELEASE]
	at org.thymeleaf.spring5.view.ThymeleafView.render(ThymeleafView.java:190) ~[thymeleaf-spring5-3.0.12.RELEASE.jar:3.0.12.RELEASE]
	at org.springframework.web.servlet.DispatcherServlet.render(DispatcherServlet.java:1397) ~[spring-webmvc-5.3.9.jar:5.3.9]
	at org.springframework.web.servlet.DispatcherServlet.processDispatchResult(DispatcherServlet.java:1142) ~[spring-webmvc-5.3.9.jar:5.3.9]
	at org.springframework.web.servlet.DispatcherServlet.doDispatch(DispatcherServlet.java:1081) ~[spring-webmvc-5.3.9.jar:5.3.9]
	at org.springframework.web.servlet.DispatcherServlet.doService(DispatcherServlet.java:963) ~[spring-webmvc-5.3.9.jar:5.3.9]
	at org.springframework.web.servlet.FrameworkServlet.processRequest(FrameworkServlet.java:1006) ~[spring-webmvc-5.3.9.jar:5.3.9]
	at org.springframework.web.servlet.FrameworkServlet.doGet(FrameworkServlet.java:898) ~[spring-webmvc-5.3.9.jar:5.3.9]
	at javax.servlet.http.HttpServlet.service(HttpServlet.java:655) ~[tomcat-embed-core-9.0.52.jar:4.0.FR]
	at org.springframework.web.servlet.FrameworkServlet.service(FrameworkServlet.java:883) ~[spring-webmvc-5.3.9.jar:5.3.9]
	at javax.servlet.http.HttpServlet.service(HttpServlet.java:764) ~[tomcat-embed-core-9.0.52.jar:4.0.FR]
	at org.apache.catalina.core.ApplicationFilterChain.internalDoFilter(ApplicationFilterChain.java:227) ~[tomcat-embed-core-9.0.52.jar:9.0.52]
	at org.apache.catalina.core.ApplicationFilterChain.doFilter(ApplicationFilterChain.java:162) ~[tomcat-embed-core-9.0.52.jar:9.0.52]
	at org.apache.tomcat.websocket.server.WsFilter.doFilter(WsFilter.java:53) ~[tomcat-embed-websocket-9.0.52.jar:9.0.52]
	at org.apache.catalina.core.ApplicationFilterChain.internalDoFilter(ApplicationFilterChain.java:189) ~[tomcat-embed-core-9.0.52.jar:9.0.52]
	at org.apache.catalina.core.ApplicationFilterChain.doFilter(ApplicationFilterChain.java:162) ~[tomcat-embed-core-9.0.52.jar:9.0.52]
	at org.springframework.web.filter.RequestContextFilter.doFilterInternal(RequestContextFilter.java:100) ~[spring-web-5.3.9.jar:5.3.9]
	at org.springframework.web.filter.OncePerRequestFilter.doFilter(OncePerRequestFilter.java:119) ~[spring-web-5.3.9.jar:5.3.9]
	at org.apache.catalina.core.ApplicationFilterChain.internalDoFilter(ApplicationFilterChain.java:189) ~[tomcat-embed-core-9.0.52.jar:9.0.52]
	at org.apache.catalina.core.ApplicationFilterChain.doFilter(ApplicationFilterChain.java:162) ~[tomcat-embed-core-9.0.52.jar:9.0.52]
	at org.springframework.web.filter.FormContentFilter.doFilterInternal(FormContentFilter.java:93) ~[spring-web-5.3.9.jar:5.3.9]
	at org.springframework.web.filter.OncePerRequestFilter.doFilter(OncePerRequestFilter.java:119) ~[spring-web-5.3.9.jar:5.3.9]
	at org.apache.catalina.core.ApplicationFilterChain.internalDoFilter(ApplicationFilterChain.java:189) ~[tomcat-embed-core-9.0.52.jar:9.0.52]
	at org.apache.catalina.core.ApplicationFilterChain.doFilter(ApplicationFilterChain.java:162) ~[tomcat-embed-core-9.0.52.jar:9.0.52]
	at org.springframework.web.filter.CharacterEncodingFilter.doFilterInternal(CharacterEncodingFilter.java:201) ~[spring-web-5.3.9.jar:5.3.9]
	at org.springframework.web.filter.OncePerRequestFilter.doFilter(OncePerRequestFilter.java:119) ~[spring-web-5.3.9.jar:5.3.9]
	at org.apache.catalina.core.ApplicationFilterChain.internalDoFilter(ApplicationFilterChain.java:189) ~[tomcat-embed-core-9.0.52.jar:9.0.52]
	at org.apache.catalina.core.ApplicationFilterChain.doFilter(ApplicationFilterChain.java:162) ~[tomcat-embed-core-9.0.52.jar:9.0.52]
	at org.apache.catalina.core.StandardWrapperValve.invoke(StandardWrapperValve.java:197) ~[tomcat-embed-core-9.0.52.jar:9.0.52]
	at org.apache.catalina.core.StandardContextValve.invoke(StandardContextValve.java:97) ~[tomcat-embed-core-9.0.52.jar:9.0.52]
	at org.apache.catalina.authenticator.AuthenticatorBase.invoke(AuthenticatorBase.java:542) ~[tomcat-embed-core-9.0.52.jar:9.0.52]
	at org.apache.catalina.core.StandardHostValve.invoke(StandardHostValve.java:135) ~[tomcat-embed-core-9.0.52.jar:9.0.52]
	at org.apache.catalina.valves.ErrorReportValve.invoke(ErrorReportValve.java:92) ~[tomcat-embed-core-9.0.52.jar:9.0.52]
	at org.apache.catalina.core.StandardEngineValve.invoke(StandardEngineValve.java:78) ~[tomcat-embed-core-9.0.52.jar:9.0.52]
	at org.apache.catalina.connector.CoyoteAdapter.service(CoyoteAdapter.java:357) ~[tomcat-embed-core-9.0.52.jar:9.0.52]
	at org.apache.coyote.http11.Http11Processor.service(Http11Processor.java:382) ~[tomcat-embed-core-9.0.52.jar:9.0.52]
	at org.apache.coyote.AbstractProcessorLight.process(AbstractProcessorLight.java:65) ~[tomcat-embed-core-9.0.52.jar:9.0.52]
	at org.apache.coyote.AbstractProtocol$ConnectionHandler.process(AbstractProtocol.java:893) ~[tomcat-embed-core-9.0.52.jar:9.0.52]
	at org.apache.tomcat.util.net.NioEndpoint$SocketProcessor.doRun(NioEndpoint.java:1726) ~[tomcat-embed-core-9.0.52.jar:9.0.52]
	at org.apache.tomcat.util.net.SocketProcessorBase.run(SocketProcessorBase.java:49) ~[tomcat-embed-core-9.0.52.jar:9.0.52]
	at org.apache.tomcat.util.threads.ThreadPoolExecutor.runWorker(ThreadPoolExecutor.java:1191) ~[tomcat-embed-core-9.0.52.jar:9.0.52]
	at org.apache.tomcat.util.threads.ThreadPoolExecutor$Worker.run(ThreadPoolExecutor.java:659) ~[tomcat-embed-core-9.0.52.jar:9.0.52]
	at org.apache.tomcat.util.threads.TaskThread$WrappingRunnable.run(TaskThread.java:61) ~[tomcat-embed-core-9.0.52.jar:9.0.52]
	at java.base/java.lang.Thread.run(Thread.java:832) ~[na:na]

2021-11-20 21:08:37.557 DEBUG 32420 --- [http-nio-8080-exec-1] c.n.c.d.L.selectByTicket                 : ==>  Preparing: select id, user_id, ticket, status, expired from login_ticket where ticket = ?
2021-11-20 21:08:37.557 DEBUG 32420 --- [http-nio-8080-exec-1] c.n.c.d.L.selectByTicket                 : ==> Parameters: f1ab8fec0df6495b9d17153ce7a1e63e(String)
2021-11-20 21:08:37.559 DEBUG 32420 --- [http-nio-8080-exec-1] c.n.c.d.L.selectByTicket                 : <==      Total: 1
2021-11-20 21:10:49.485  INFO 11480 --- [restartedMain] c.n.community.CommunityApplication       : Starting CommunityApplication using Java 14.0.1 on LAPTOP-5CRCV1LI with PID 11480 (D:\Java\IdeaProjects\community\target\classes started by Real in D:\Java\IdeaProjects\community)
2021-11-20 21:10:49.487 DEBUG 11480 --- [restartedMain] c.n.community.CommunityApplication       : Running with Spring Boot v2.4.10, Spring v5.3.9
2021-11-20 21:10:49.487  INFO 11480 --- [restartedMain] c.n.community.CommunityApplication       : No active profile set, falling back to default profiles: default
2021-11-20 21:10:49.518  INFO 11480 --- [restartedMain] .e.DevToolsPropertyDefaultsPostProcessor : Devtools property defaults active! Set 'spring.devtools.add-properties' to 'false' to disable
2021-11-20 21:10:49.518  INFO 11480 --- [restartedMain] .e.DevToolsPropertyDefaultsPostProcessor : For additional web related logging consider setting the 'logging.level.web' property to 'DEBUG'
2021-11-20 21:10:50.411  INFO 11480 --- [restartedMain] o.s.b.w.embedded.tomcat.TomcatWebServer  : Tomcat initialized with port(s): 8080 (http)
2021-11-20 21:10:50.418  INFO 11480 --- [restartedMain] o.apache.catalina.core.StandardService   : Starting service [Tomcat]
2021-11-20 21:10:50.419  INFO 11480 --- [restartedMain] org.apache.catalina.core.StandardEngine  : Starting Servlet engine: [Apache Tomcat/9.0.52]
2021-11-20 21:10:50.488  INFO 11480 --- [restartedMain] o.a.c.c.C.[.[localhost].[/community]     : Initializing Spring embedded WebApplicationContext
2021-11-20 21:10:50.488  INFO 11480 --- [restartedMain] w.s.c.ServletWebServerApplicationContext : Root WebApplicationContext: initialization completed in 969 ms
2021-11-20 21:10:51.010  INFO 11480 --- [restartedMain] o.s.b.a.w.s.WelcomePageHandlerMapping    : Adding welcome page template: index
2021-11-20 21:10:51.197  INFO 11480 --- [restartedMain] o.s.b.d.a.OptionalLiveReloadServer       : LiveReload server is running on port 35729
2021-11-20 21:10:51.245  INFO 11480 --- [restartedMain] o.s.b.w.embedded.tomcat.TomcatWebServer  : Tomcat started on port(s): 8080 (http) with context path '/community'
2021-11-20 21:10:51.259  INFO 11480 --- [restartedMain] c.n.community.CommunityApplication       : Started CommunityApplication in 2.11 seconds (JVM running for 2.699)
2021-11-20 21:10:54.756  INFO 11480 --- [http-nio-8080-exec-1] o.a.c.c.C.[.[localhost].[/community]     : Initializing Spring DispatcherServlet 'dispatcherServlet'
2021-11-20 21:10:54.756  INFO 11480 --- [http-nio-8080-exec-1] o.s.web.servlet.DispatcherServlet        : Initializing Servlet 'dispatcherServlet'
2021-11-20 21:10:54.757  INFO 11480 --- [http-nio-8080-exec-1] o.s.web.servlet.DispatcherServlet        : Completed initialization in 1 ms
2021-11-20 21:10:54.775  INFO 11480 --- [http-nio-8080-exec-1] com.zaxxer.hikari.HikariDataSource       : HikariPool-1 - Starting...
2021-11-20 21:10:54.982  INFO 11480 --- [http-nio-8080-exec-1] com.zaxxer.hikari.HikariDataSource       : HikariPool-1 - Start completed.
2021-11-20 21:10:54.987 DEBUG 11480 --- [http-nio-8080-exec-1] c.n.c.d.L.selectByTicket                 : ==>  Preparing: select id, user_id, ticket, status, expired from login_ticket where ticket = ?
2021-11-20 21:10:55.007 DEBUG 11480 --- [http-nio-8080-exec-1] c.n.c.d.L.selectByTicket                 : ==> Parameters: f1ab8fec0df6495b9d17153ce7a1e63e(String)
2021-11-20 21:10:55.027 DEBUG 11480 --- [http-nio-8080-exec-1] c.n.c.d.L.selectByTicket                 : <==      Total: 1
2021-11-20 21:10:55.061 DEBUG 11480 --- [http-nio-8080-exec-1] c.n.c.d.D.selectDiscussPostRows          : ==>  Preparing: select count(id) from discuss_post where status != 2
2021-11-20 21:10:55.061 DEBUG 11480 --- [http-nio-8080-exec-1] c.n.c.d.D.selectDiscussPostRows          : ==> Parameters: 
2021-11-20 21:10:55.063 DEBUG 11480 --- [http-nio-8080-exec-1] c.n.c.d.D.selectDiscussPostRows          : <==      Total: 1
2021-11-20 21:10:55.064 DEBUG 11480 --- [http-nio-8080-exec-1] c.n.c.d.D.selectDiscussPosts             : ==>  Preparing: select id, user_id, title, content, type, status, create_time, comment_count, score from discuss_post where status != 2 order by type desc, create_time desc limit ?, ?
2021-11-20 21:10:55.064 DEBUG 11480 --- [http-nio-8080-exec-1] c.n.c.d.D.selectDiscussPosts             : ==> Parameters: 0(Integer), 10(Integer)
2021-11-20 21:10:55.069 DEBUG 11480 --- [http-nio-8080-exec-1] c.n.c.d.D.selectDiscussPosts             : <==      Total: 10
2021-11-20 21:10:55.070 DEBUG 11480 --- [http-nio-8080-exec-1] c.n.community.dao.UserMapper.selectById  : ==>  Preparing: select id, username, password, salt, email, type, status, activation_code, header_url, create_time from user where id = ?
2021-11-20 21:10:55.070 DEBUG 11480 --- [http-nio-8080-exec-1] c.n.community.dao.UserMapper.selectById  : ==> Parameters: 11(Integer)
2021-11-20 21:10:55.072 DEBUG 11480 --- [http-nio-8080-exec-1] c.n.community.dao.UserMapper.selectById  : <==      Total: 1
2021-11-20 21:10:55.072 DEBUG 11480 --- [http-nio-8080-exec-1] c.n.community.dao.UserMapper.selectById  : ==>  Preparing: select id, username, password, salt, email, type, status, activation_code, header_url, create_time from user where id = ?
2021-11-20 21:10:55.072 DEBUG 11480 --- [http-nio-8080-exec-1] c.n.community.dao.UserMapper.selectById  : ==> Parameters: 111(Integer)
2021-11-20 21:10:55.074 DEBUG 11480 --- [http-nio-8080-exec-1] c.n.community.dao.UserMapper.selectById  : <==      Total: 1
2021-11-20 21:10:55.074 DEBUG 11480 --- [http-nio-8080-exec-1] c.n.community.dao.UserMapper.selectById  : ==>  Preparing: select id, username, password, salt, email, type, status, activation_code, header_url, create_time from user where id = ?
2021-11-20 21:10:55.074 DEBUG 11480 --- [http-nio-8080-exec-1] c.n.community.dao.UserMapper.selectById  : ==> Parameters: 149(Integer)
2021-11-20 21:10:55.075 DEBUG 11480 --- [http-nio-8080-exec-1] c.n.community.dao.UserMapper.selectById  : <==      Total: 1
2021-11-20 21:10:55.075 DEBUG 11480 --- [http-nio-8080-exec-1] c.n.community.dao.UserMapper.selectById  : ==>  Preparing: select id, username, password, salt, email, type, status, activation_code, header_url, create_time from user where id = ?
2021-11-20 21:10:55.076 DEBUG 11480 --- [http-nio-8080-exec-1] c.n.community.dao.UserMapper.selectById  : ==> Parameters: 149(Integer)
2021-11-20 21:10:55.077 DEBUG 11480 --- [http-nio-8080-exec-1] c.n.community.dao.UserMapper.selectById  : <==      Total: 1
2021-11-20 21:10:55.077 DEBUG 11480 --- [http-nio-8080-exec-1] c.n.community.dao.UserMapper.selectById  : ==>  Preparing: select id, username, password, salt, email, type, status, activation_code, header_url, create_time from user where id = ?
2021-11-20 21:10:55.077 DEBUG 11480 --- [http-nio-8080-exec-1] c.n.community.dao.UserMapper.selectById  : ==> Parameters: 149(Integer)
2021-11-20 21:10:55.079 DEBUG 11480 --- [http-nio-8080-exec-1] c.n.community.dao.UserMapper.selectById  : <==      Total: 1
2021-11-20 21:10:55.079 DEBUG 11480 --- [http-nio-8080-exec-1] c.n.community.dao.UserMapper.selectById  : ==>  Preparing: select id, username, password, salt, email, type, status, activation_code, header_url, create_time from user where id = ?
2021-11-20 21:10:55.079 DEBUG 11480 --- [http-nio-8080-exec-1] c.n.community.dao.UserMapper.selectById  : ==> Parameters: 146(Integer)
2021-11-20 21:10:55.080 DEBUG 11480 --- [http-nio-8080-exec-1] c.n.community.dao.UserMapper.selectById  : <==      Total: 1
2021-11-20 21:10:55.081 DEBUG 11480 --- [http-nio-8080-exec-1] c.n.community.dao.UserMapper.selectById  : ==>  Preparing: select id, username, password, salt, email, type, status, activation_code, header_url, create_time from user where id = ?
2021-11-20 21:10:55.081 DEBUG 11480 --- [http-nio-8080-exec-1] c.n.community.dao.UserMapper.selectById  : ==> Parameters: 145(Integer)
2021-11-20 21:10:55.083 DEBUG 11480 --- [http-nio-8080-exec-1] c.n.community.dao.UserMapper.selectById  : <==      Total: 1
2021-11-20 21:10:55.084 DEBUG 11480 --- [http-nio-8080-exec-1] c.n.community.dao.UserMapper.selectById  : ==>  Preparing: select id, username, password, salt, email, type, status, activation_code, header_url, create_time from user where id = ?
2021-11-20 21:10:55.084 DEBUG 11480 --- [http-nio-8080-exec-1] c.n.community.dao.UserMapper.selectById  : ==> Parameters: 138(Integer)
2021-11-20 21:10:55.085 DEBUG 11480 --- [http-nio-8080-exec-1] c.n.community.dao.UserMapper.selectById  : <==      Total: 1
2021-11-20 21:10:55.086 DEBUG 11480 --- [http-nio-8080-exec-1] c.n.community.dao.UserMapper.selectById  : ==>  Preparing: select id, username, password, salt, email, type, status, activation_code, header_url, create_time from user where id = ?
2021-11-20 21:10:55.086 DEBUG 11480 --- [http-nio-8080-exec-1] c.n.community.dao.UserMapper.selectById  : ==> Parameters: 138(Integer)
2021-11-20 21:10:55.087 DEBUG 11480 --- [http-nio-8080-exec-1] c.n.community.dao.UserMapper.selectById  : <==      Total: 1
2021-11-20 21:10:55.088 DEBUG 11480 --- [http-nio-8080-exec-1] c.n.community.dao.UserMapper.selectById  : ==>  Preparing: select id, username, password, salt, email, type, status, activation_code, header_url, create_time from user where id = ?
2021-11-20 21:10:55.088 DEBUG 11480 --- [http-nio-8080-exec-1] c.n.community.dao.UserMapper.selectById  : ==> Parameters: 103(Integer)
2021-11-20 21:10:55.089 DEBUG 11480 --- [http-nio-8080-exec-1] c.n.community.dao.UserMapper.selectById  : <==      Total: 1
2021-11-20 21:11:11.900 DEBUG 11480 --- [http-nio-8080-exec-5] c.n.c.interceptor.InterceptorDemo        : preHandle com.nowcoder.community.controller.LoginController#getLoginPage()
2021-11-20 21:11:11.901 DEBUG 11480 --- [http-nio-8080-exec-5] c.n.c.d.L.selectByTicket                 : ==>  Preparing: select id, user_id, ticket, status, expired from login_ticket where ticket = ?
2021-11-20 21:11:11.901 DEBUG 11480 --- [http-nio-8080-exec-5] c.n.c.d.L.selectByTicket                 : ==> Parameters: f1ab8fec0df6495b9d17153ce7a1e63e(String)
2021-11-20 21:11:11.902 DEBUG 11480 --- [http-nio-8080-exec-5] c.n.c.d.L.selectByTicket                 : <==      Total: 1
2021-11-20 21:11:11.903 DEBUG 11480 --- [http-nio-8080-exec-5] c.n.c.interceptor.InterceptorDemo        : postHandle com.nowcoder.community.controller.LoginController#getLoginPage()
2021-11-20 21:11:11.923 DEBUG 11480 --- [http-nio-8080-exec-5] c.n.c.interceptor.InterceptorDemo        : afterCompletion com.nowcoder.community.controller.LoginController#getLoginPage()
2021-11-20 21:11:11.984 DEBUG 11480 --- [http-nio-8080-exec-9] c.n.c.d.L.selectByTicket                 : ==>  Preparing: select id, user_id, ticket, status, expired from login_ticket where ticket = ?
2021-11-20 21:11:11.985 DEBUG 11480 --- [http-nio-8080-exec-9] c.n.c.d.L.selectByTicket                 : ==> Parameters: f1ab8fec0df6495b9d17153ce7a1e63e(String)
2021-11-20 21:11:11.987 DEBUG 11480 --- [http-nio-8080-exec-9] c.n.c.d.L.selectByTicket                 : <==      Total: 1
2021-11-20 21:11:22.250 DEBUG 11480 --- [http-nio-8080-exec-10] c.n.c.interceptor.InterceptorDemo        : preHandle com.nowcoder.community.controller.LoginController#login(String, String, String, boolean, HttpSession, HttpServletResponse, Model)
2021-11-20 21:11:22.251 DEBUG 11480 --- [http-nio-8080-exec-10] c.n.c.d.L.selectByTicket                 : ==>  Preparing: select id, user_id, ticket, status, expired from login_ticket where ticket = ?
2021-11-20 21:11:22.252 DEBUG 11480 --- [http-nio-8080-exec-10] c.n.c.d.L.selectByTicket                 : ==> Parameters: f1ab8fec0df6495b9d17153ce7a1e63e(String)
2021-11-20 21:11:22.253 DEBUG 11480 --- [http-nio-8080-exec-10] c.n.c.d.L.selectByTicket                 : <==      Total: 1
2021-11-20 21:11:22.257 DEBUG 11480 --- [http-nio-8080-exec-10] c.n.c.dao.UserMapper.selectByName        : ==>  Preparing: select id, username, password, salt, email, type, status, activation_code, header_url, create_time from user where username = ?
2021-11-20 21:11:22.257 DEBUG 11480 --- [http-nio-8080-exec-10] c.n.c.dao.UserMapper.selectByName        : ==> Parameters: abc(String)
2021-11-20 21:11:22.259 DEBUG 11480 --- [http-nio-8080-exec-10] c.n.c.dao.UserMapper.selectByName        : <==      Total: 1
2021-11-20 21:11:22.260 DEBUG 11480 --- [http-nio-8080-exec-10] c.n.c.d.L.insertLoginTicket              : ==>  Preparing: insert into login_ticket(user_id, ticket, status, expired) values(?, ?, ?, ?)
2021-11-20 21:11:22.262 DEBUG 11480 --- [http-nio-8080-exec-10] c.n.c.d.L.insertLoginTicket              : ==> Parameters: 154(Integer), 17c9d01bbb4b4281968491a8d32938db(String), 0(Integer), 2022-02-18 21:11:22.26(Timestamp)
2021-11-20 21:11:22.272 DEBUG 11480 --- [http-nio-8080-exec-10] c.n.c.d.L.insertLoginTicket              : <==    Updates: 1
2021-11-20 21:11:22.274 DEBUG 11480 --- [http-nio-8080-exec-10] c.n.c.interceptor.InterceptorDemo        : postHandle com.nowcoder.community.controller.LoginController#login(String, String, String, boolean, HttpSession, HttpServletResponse, Model)
2021-11-20 21:11:22.276 DEBUG 11480 --- [http-nio-8080-exec-10] c.n.c.interceptor.InterceptorDemo        : afterCompletion com.nowcoder.community.controller.LoginController#login(String, String, String, boolean, HttpSession, HttpServletResponse, Model)
2021-11-20 21:11:22.290 DEBUG 11480 --- [http-nio-8080-exec-1] c.n.c.d.L.selectByTicket                 : ==>  Preparing: select id, user_id, ticket, status, expired from login_ticket where ticket = ?
2021-11-20 21:11:22.290 DEBUG 11480 --- [http-nio-8080-exec-1] c.n.c.d.L.selectByTicket                 : ==> Parameters: 17c9d01bbb4b4281968491a8d32938db(String)
2021-11-20 21:11:22.292 DEBUG 11480 --- [http-nio-8080-exec-1] c.n.c.d.L.selectByTicket                 : <==      Total: 1
2021-11-20 21:11:22.292 DEBUG 11480 --- [http-nio-8080-exec-1] c.n.community.dao.UserMapper.selectById  : ==>  Preparing: select id, username, password, salt, email, type, status, activation_code, header_url, create_time from user where id = ?
2021-11-20 21:11:22.292 DEBUG 11480 --- [http-nio-8080-exec-1] c.n.community.dao.UserMapper.selectById  : ==> Parameters: 154(Integer)
2021-11-20 21:11:22.293 DEBUG 11480 --- [http-nio-8080-exec-1] c.n.community.dao.UserMapper.selectById  : <==      Total: 1
2021-11-20 21:11:22.294 DEBUG 11480 --- [http-nio-8080-exec-1] c.n.c.d.D.selectDiscussPostRows          : ==>  Preparing: select count(id) from discuss_post where status != 2
2021-11-20 21:11:22.294 DEBUG 11480 --- [http-nio-8080-exec-1] c.n.c.d.D.selectDiscussPostRows          : ==> Parameters: 
2021-11-20 21:11:22.295 DEBUG 11480 --- [http-nio-8080-exec-1] c.n.c.d.D.selectDiscussPostRows          : <==      Total: 1
2021-11-20 21:11:22.295 DEBUG 11480 --- [http-nio-8080-exec-1] c.n.c.d.D.selectDiscussPosts             : ==>  Preparing: select id, user_id, title, content, type, status, create_time, comment_count, score from discuss_post where status != 2 order by type desc, create_time desc limit ?, ?
2021-11-20 21:11:22.296 DEBUG 11480 --- [http-nio-8080-exec-1] c.n.c.d.D.selectDiscussPosts             : ==> Parameters: 0(Integer), 10(Integer)
2021-11-20 21:11:22.301 DEBUG 11480 --- [http-nio-8080-exec-1] c.n.c.d.D.selectDiscussPosts             : <==      Total: 10
2021-11-20 21:11:22.301 DEBUG 11480 --- [http-nio-8080-exec-1] c.n.community.dao.UserMapper.selectById  : ==>  Preparing: select id, username, password, salt, email, type, status, activation_code, header_url, create_time from user where id = ?
2021-11-20 21:11:22.302 DEBUG 11480 --- [http-nio-8080-exec-1] c.n.community.dao.UserMapper.selectById  : ==> Parameters: 11(Integer)
2021-11-20 21:11:22.303 DEBUG 11480 --- [http-nio-8080-exec-1] c.n.community.dao.UserMapper.selectById  : <==      Total: 1
2021-11-20 21:11:22.304 DEBUG 11480 --- [http-nio-8080-exec-1] c.n.community.dao.UserMapper.selectById  : ==>  Preparing: select id, username, password, salt, email, type, status, activation_code, header_url, create_time from user where id = ?
2021-11-20 21:11:22.304 DEBUG 11480 --- [http-nio-8080-exec-1] c.n.community.dao.UserMapper.selectById  : ==> Parameters: 111(Integer)
2021-11-20 21:11:22.305 DEBUG 11480 --- [http-nio-8080-exec-1] c.n.community.dao.UserMapper.selectById  : <==      Total: 1
2021-11-20 21:11:22.306 DEBUG 11480 --- [http-nio-8080-exec-1] c.n.community.dao.UserMapper.selectById  : ==>  Preparing: select id, username, password, salt, email, type, status, activation_code, header_url, create_time from user where id = ?
2021-11-20 21:11:22.306 DEBUG 11480 --- [http-nio-8080-exec-1] c.n.community.dao.UserMapper.selectById  : ==> Parameters: 149(Integer)
2021-11-20 21:11:22.307 DEBUG 11480 --- [http-nio-8080-exec-1] c.n.community.dao.UserMapper.selectById  : <==      Total: 1
2021-11-20 21:11:22.307 DEBUG 11480 --- [http-nio-8080-exec-1] c.n.community.dao.UserMapper.selectById  : ==>  Preparing: select id, username, password, salt, email, type, status, activation_code, header_url, create_time from user where id = ?
2021-11-20 21:11:22.307 DEBUG 11480 --- [http-nio-8080-exec-1] c.n.community.dao.UserMapper.selectById  : ==> Parameters: 149(Integer)
2021-11-20 21:11:22.309 DEBUG 11480 --- [http-nio-8080-exec-1] c.n.community.dao.UserMapper.selectById  : <==      Total: 1
2021-11-20 21:11:22.309 DEBUG 11480 --- [http-nio-8080-exec-1] c.n.community.dao.UserMapper.selectById  : ==>  Preparing: select id, username, password, salt, email, type, status, activation_code, header_url, create_time from user where id = ?
2021-11-20 21:11:22.310 DEBUG 11480 --- [http-nio-8080-exec-1] c.n.community.dao.UserMapper.selectById  : ==> Parameters: 149(Integer)
2021-11-20 21:11:22.311 DEBUG 11480 --- [http-nio-8080-exec-1] c.n.community.dao.UserMapper.selectById  : <==      Total: 1
2021-11-20 21:11:22.311 DEBUG 11480 --- [http-nio-8080-exec-1] c.n.community.dao.UserMapper.selectById  : ==>  Preparing: select id, username, password, salt, email, type, status, activation_code, header_url, create_time from user where id = ?
2021-11-20 21:11:22.311 DEBUG 11480 --- [http-nio-8080-exec-1] c.n.community.dao.UserMapper.selectById  : ==> Parameters: 146(Integer)
2021-11-20 21:11:22.312 DEBUG 11480 --- [http-nio-8080-exec-1] c.n.community.dao.UserMapper.selectById  : <==      Total: 1
2021-11-20 21:11:22.312 DEBUG 11480 --- [http-nio-8080-exec-1] c.n.community.dao.UserMapper.selectById  : ==>  Preparing: select id, username, password, salt, email, type, status, activation_code, header_url, create_time from user where id = ?
2021-11-20 21:11:22.312 DEBUG 11480 --- [http-nio-8080-exec-1] c.n.community.dao.UserMapper.selectById  : ==> Parameters: 145(Integer)
2021-11-20 21:11:22.313 DEBUG 11480 --- [http-nio-8080-exec-1] c.n.community.dao.UserMapper.selectById  : <==      Total: 1
2021-11-20 21:11:22.313 DEBUG 11480 --- [http-nio-8080-exec-1] c.n.community.dao.UserMapper.selectById  : ==>  Preparing: select id, username, password, salt, email, type, status, activation_code, header_url, create_time from user where id = ?
2021-11-20 21:11:22.313 DEBUG 11480 --- [http-nio-8080-exec-1] c.n.community.dao.UserMapper.selectById  : ==> Parameters: 138(Integer)
2021-11-20 21:11:22.313 DEBUG 11480 --- [http-nio-8080-exec-1] c.n.community.dao.UserMapper.selectById  : <==      Total: 1
2021-11-20 21:11:22.314 DEBUG 11480 --- [http-nio-8080-exec-1] c.n.community.dao.UserMapper.selectById  : ==>  Preparing: select id, username, password, salt, email, type, status, activation_code, header_url, create_time from user where id = ?
2021-11-20 21:11:22.314 DEBUG 11480 --- [http-nio-8080-exec-1] c.n.community.dao.UserMapper.selectById  : ==> Parameters: 138(Integer)
2021-11-20 21:11:22.315 DEBUG 11480 --- [http-nio-8080-exec-1] c.n.community.dao.UserMapper.selectById  : <==      Total: 1
2021-11-20 21:11:22.316 DEBUG 11480 --- [http-nio-8080-exec-1] c.n.community.dao.UserMapper.selectById  : ==>  Preparing: select id, username, password, salt, email, type, status, activation_code, header_url, create_time from user where id = ?
2021-11-20 21:11:22.316 DEBUG 11480 --- [http-nio-8080-exec-1] c.n.community.dao.UserMapper.selectById  : ==> Parameters: 103(Integer)
2021-11-20 21:11:22.317 DEBUG 11480 --- [http-nio-8080-exec-1] c.n.community.dao.UserMapper.selectById  : <==      Total: 1
2021-11-20 21:11:31.633 DEBUG 11480 --- [http-nio-8080-exec-5] c.n.c.d.L.selectByTicket                 : ==>  Preparing: select id, user_id, ticket, status, expired from login_ticket where ticket = ?
2021-11-20 21:11:31.633 DEBUG 11480 --- [http-nio-8080-exec-5] c.n.c.d.L.selectByTicket                 : ==> Parameters: 17c9d01bbb4b4281968491a8d32938db(String)
2021-11-20 21:11:31.634 DEBUG 11480 --- [http-nio-8080-exec-5] c.n.c.d.L.selectByTicket                 : <==      Total: 1
2021-11-20 21:11:31.635 DEBUG 11480 --- [http-nio-8080-exec-5] c.n.community.dao.UserMapper.selectById  : ==>  Preparing: select id, username, password, salt, email, type, status, activation_code, header_url, create_time from user where id = ?
2021-11-20 21:11:31.635 DEBUG 11480 --- [http-nio-8080-exec-5] c.n.community.dao.UserMapper.selectById  : ==> Parameters: 154(Integer)
2021-11-20 21:11:31.636 DEBUG 11480 --- [http-nio-8080-exec-5] c.n.community.dao.UserMapper.selectById  : <==      Total: 1
2021-11-20 21:11:31.640 DEBUG 11480 --- [http-nio-8080-exec-5] c.n.c.d.L.selectByTicket                 : ==>  Preparing: select id, user_id, ticket, status, expired from login_ticket where ticket = ?
2021-11-20 21:11:31.640 DEBUG 11480 --- [http-nio-8080-exec-5] c.n.c.d.L.selectByTicket                 : ==> Parameters: 17c9d01bbb4b4281968491a8d32938db(String)
2021-11-20 21:11:31.641 DEBUG 11480 --- [http-nio-8080-exec-5] c.n.c.d.L.selectByTicket                 : <==      Total: 1
2021-11-20 21:11:31.642 DEBUG 11480 --- [http-nio-8080-exec-5] c.n.community.dao.UserMapper.selectById  : ==>  Preparing: select id, username, password, salt, email, type, status, activation_code, header_url, create_time from user where id = ?
2021-11-20 21:11:31.642 DEBUG 11480 --- [http-nio-8080-exec-5] c.n.community.dao.UserMapper.selectById  : ==> Parameters: 154(Integer)
2021-11-20 21:11:31.642 DEBUG 11480 --- [http-nio-8080-exec-5] c.n.community.dao.UserMapper.selectById  : <==      Total: 1
2021-11-20 21:11:54.706 DEBUG 11480 --- [http-nio-8080-exec-9] c.n.c.d.L.selectByTicket                 : ==>  Preparing: select id, user_id, ticket, status, expired from login_ticket where ticket = ?
2021-11-20 21:11:54.706 DEBUG 11480 --- [http-nio-8080-exec-9] c.n.c.d.L.selectByTicket                 : ==> Parameters: 17c9d01bbb4b4281968491a8d32938db(String)
2021-11-20 21:11:54.707 DEBUG 11480 --- [http-nio-8080-exec-9] c.n.c.d.L.selectByTicket                 : <==      Total: 1
2021-11-20 21:11:54.707 DEBUG 11480 --- [http-nio-8080-exec-9] c.n.community.dao.UserMapper.selectById  : ==>  Preparing: select id, username, password, salt, email, type, status, activation_code, header_url, create_time from user where id = ?
2021-11-20 21:11:54.707 DEBUG 11480 --- [http-nio-8080-exec-9] c.n.community.dao.UserMapper.selectById  : ==> Parameters: 154(Integer)
2021-11-20 21:11:54.708 DEBUG 11480 --- [http-nio-8080-exec-9] c.n.community.dao.UserMapper.selectById  : <==      Total: 1
2021-11-20 21:11:54.710 DEBUG 11480 --- [http-nio-8080-exec-9] c.n.c.d.LoginTicketMapper.updateStatus   : ==>  Preparing: update login_ticket set status = ? where ticket = ?
2021-11-20 21:11:54.711 DEBUG 11480 --- [http-nio-8080-exec-9] c.n.c.d.LoginTicketMapper.updateStatus   : ==> Parameters: 1(Integer), 17c9d01bbb4b4281968491a8d32938db(String)
2021-11-20 21:11:54.713 DEBUG 11480 --- [http-nio-8080-exec-9] c.n.c.d.LoginTicketMapper.updateStatus   : <==    Updates: 1
2021-11-20 21:11:54.727 DEBUG 11480 --- [http-nio-8080-exec-10] c.n.c.interceptor.InterceptorDemo        : preHandle com.nowcoder.community.controller.LoginController#getLoginPage()
2021-11-20 21:11:54.727 DEBUG 11480 --- [http-nio-8080-exec-10] c.n.c.d.L.selectByTicket                 : ==>  Preparing: select id, user_id, ticket, status, expired from login_ticket where ticket = ?
2021-11-20 21:11:54.727 DEBUG 11480 --- [http-nio-8080-exec-10] c.n.c.d.L.selectByTicket                 : ==> Parameters: 17c9d01bbb4b4281968491a8d32938db(String)
2021-11-20 21:11:54.728 DEBUG 11480 --- [http-nio-8080-exec-10] c.n.c.d.L.selectByTicket                 : <==      Total: 1
2021-11-20 21:11:54.729 DEBUG 11480 --- [http-nio-8080-exec-10] c.n.c.interceptor.InterceptorDemo        : postHandle com.nowcoder.community.controller.LoginController#getLoginPage()
2021-11-20 21:11:54.735 DEBUG 11480 --- [http-nio-8080-exec-10] c.n.c.interceptor.InterceptorDemo        : afterCompletion com.nowcoder.community.controller.LoginController#getLoginPage()
2021-11-20 21:11:54.806 DEBUG 11480 --- [http-nio-8080-exec-3] c.n.c.d.L.selectByTicket                 : ==>  Preparing: select id, user_id, ticket, status, expired from login_ticket where ticket = ?
2021-11-20 21:11:54.806 DEBUG 11480 --- [http-nio-8080-exec-3] c.n.c.d.L.selectByTicket                 : ==> Parameters: 17c9d01bbb4b4281968491a8d32938db(String)
2021-11-20 21:11:54.808 DEBUG 11480 --- [http-nio-8080-exec-3] c.n.c.d.L.selectByTicket                 : <==      Total: 1
2021-11-20 21:11:56.764 DEBUG 11480 --- [http-nio-8080-exec-5] c.n.c.d.L.selectByTicket                 : ==>  Preparing: select id, user_id, ticket, status, expired from login_ticket where ticket = ?
2021-11-20 21:11:56.764 DEBUG 11480 --- [http-nio-8080-exec-5] c.n.c.d.L.selectByTicket                 : ==> Parameters: 17c9d01bbb4b4281968491a8d32938db(String)
2021-11-20 21:11:56.765 DEBUG 11480 --- [http-nio-8080-exec-5] c.n.c.d.L.selectByTicket                 : <==      Total: 1
2021-11-20 21:11:56.766 DEBUG 11480 --- [http-nio-8080-exec-5] c.n.c.d.D.selectDiscussPostRows          : ==>  Preparing: select count(id) from discuss_post where status != 2
2021-11-20 21:11:56.766 DEBUG 11480 --- [http-nio-8080-exec-5] c.n.c.d.D.selectDiscussPostRows          : ==> Parameters: 
2021-11-20 21:11:56.766 DEBUG 11480 --- [http-nio-8080-exec-5] c.n.c.d.D.selectDiscussPostRows          : <==      Total: 1
2021-11-20 21:11:56.767 DEBUG 11480 --- [http-nio-8080-exec-5] c.n.c.d.D.selectDiscussPosts             : ==>  Preparing: select id, user_id, title, content, type, status, create_time, comment_count, score from discuss_post where status != 2 order by type desc, create_time desc limit ?, ?
2021-11-20 21:11:56.767 DEBUG 11480 --- [http-nio-8080-exec-5] c.n.c.d.D.selectDiscussPosts             : ==> Parameters: 0(Integer), 10(Integer)
2021-11-20 21:11:56.769 DEBUG 11480 --- [http-nio-8080-exec-5] c.n.c.d.D.selectDiscussPosts             : <==      Total: 10
2021-11-20 21:11:56.769 DEBUG 11480 --- [http-nio-8080-exec-5] c.n.community.dao.UserMapper.selectById  : ==>  Preparing: select id, username, password, salt, email, type, status, activation_code, header_url, create_time from user where id = ?
2021-11-20 21:11:56.770 DEBUG 11480 --- [http-nio-8080-exec-5] c.n.community.dao.UserMapper.selectById  : ==> Parameters: 11(Integer)
2021-11-20 21:11:56.770 DEBUG 11480 --- [http-nio-8080-exec-5] c.n.community.dao.UserMapper.selectById  : <==      Total: 1
2021-11-20 21:11:56.770 DEBUG 11480 --- [http-nio-8080-exec-5] c.n.community.dao.UserMapper.selectById  : ==>  Preparing: select id, username, password, salt, email, type, status, activation_code, header_url, create_time from user where id = ?
2021-11-20 21:11:56.771 DEBUG 11480 --- [http-nio-8080-exec-5] c.n.community.dao.UserMapper.selectById  : ==> Parameters: 111(Integer)
2021-11-20 21:11:56.771 DEBUG 11480 --- [http-nio-8080-exec-5] c.n.community.dao.UserMapper.selectById  : <==      Total: 1
2021-11-20 21:11:56.771 DEBUG 11480 --- [http-nio-8080-exec-5] c.n.community.dao.UserMapper.selectById  : ==>  Preparing: select id, username, password, salt, email, type, status, activation_code, header_url, create_time from user where id = ?
2021-11-20 21:11:56.771 DEBUG 11480 --- [http-nio-8080-exec-5] c.n.community.dao.UserMapper.selectById  : ==> Parameters: 149(Integer)
2021-11-20 21:11:56.772 DEBUG 11480 --- [http-nio-8080-exec-5] c.n.community.dao.UserMapper.selectById  : <==      Total: 1
2021-11-20 21:11:56.772 DEBUG 11480 --- [http-nio-8080-exec-5] c.n.community.dao.UserMapper.selectById  : ==>  Preparing: select id, username, password, salt, email, type, status, activation_code, header_url, create_time from user where id = ?
2021-11-20 21:11:56.772 DEBUG 11480 --- [http-nio-8080-exec-5] c.n.community.dao.UserMapper.selectById  : ==> Parameters: 149(Integer)
2021-11-20 21:11:56.773 DEBUG 11480 --- [http-nio-8080-exec-5] c.n.community.dao.UserMapper.selectById  : <==      Total: 1
2021-11-20 21:11:56.773 DEBUG 11480 --- [http-nio-8080-exec-5] c.n.community.dao.UserMapper.selectById  : ==>  Preparing: select id, username, password, salt, email, type, status, activation_code, header_url, create_time from user where id = ?
2021-11-20 21:11:56.774 DEBUG 11480 --- [http-nio-8080-exec-5] c.n.community.dao.UserMapper.selectById  : ==> Parameters: 149(Integer)
2021-11-20 21:11:56.774 DEBUG 11480 --- [http-nio-8080-exec-5] c.n.community.dao.UserMapper.selectById  : <==      Total: 1
2021-11-20 21:11:56.775 DEBUG 11480 --- [http-nio-8080-exec-5] c.n.community.dao.UserMapper.selectById  : ==>  Preparing: select id, username, password, salt, email, type, status, activation_code, header_url, create_time from user where id = ?
2021-11-20 21:11:56.775 DEBUG 11480 --- [http-nio-8080-exec-5] c.n.community.dao.UserMapper.selectById  : ==> Parameters: 146(Integer)
2021-11-20 21:11:56.776 DEBUG 11480 --- [http-nio-8080-exec-5] c.n.community.dao.UserMapper.selectById  : <==      Total: 1
2021-11-20 21:11:56.776 DEBUG 11480 --- [http-nio-8080-exec-5] c.n.community.dao.UserMapper.selectById  : ==>  Preparing: select id, username, password, salt, email, type, status, activation_code, header_url, create_time from user where id = ?
2021-11-20 21:11:56.777 DEBUG 11480 --- [http-nio-8080-exec-5] c.n.community.dao.UserMapper.selectById  : ==> Parameters: 145(Integer)
2021-11-20 21:11:56.777 DEBUG 11480 --- [http-nio-8080-exec-5] c.n.community.dao.UserMapper.selectById  : <==      Total: 1
2021-11-20 21:11:56.778 DEBUG 11480 --- [http-nio-8080-exec-5] c.n.community.dao.UserMapper.selectById  : ==>  Preparing: select id, username, password, salt, email, type, status, activation_code, header_url, create_time from user where id = ?
2021-11-20 21:11:56.778 DEBUG 11480 --- [http-nio-8080-exec-5] c.n.community.dao.UserMapper.selectById  : ==> Parameters: 138(Integer)
2021-11-20 21:11:56.778 DEBUG 11480 --- [http-nio-8080-exec-5] c.n.community.dao.UserMapper.selectById  : <==      Total: 1
2021-11-20 21:11:56.779 DEBUG 11480 --- [http-nio-8080-exec-5] c.n.community.dao.UserMapper.selectById  : ==>  Preparing: select id, username, password, salt, email, type, status, activation_code, header_url, create_time from user where id = ?
2021-11-20 21:11:56.779 DEBUG 11480 --- [http-nio-8080-exec-5] c.n.community.dao.UserMapper.selectById  : ==> Parameters: 138(Integer)
2021-11-20 21:11:56.779 DEBUG 11480 --- [http-nio-8080-exec-5] c.n.community.dao.UserMapper.selectById  : <==      Total: 1
2021-11-20 21:11:56.780 DEBUG 11480 --- [http-nio-8080-exec-5] c.n.community.dao.UserMapper.selectById  : ==>  Preparing: select id, username, password, salt, email, type, status, activation_code, header_url, create_time from user where id = ?
2021-11-20 21:11:56.780 DEBUG 11480 --- [http-nio-8080-exec-5] c.n.community.dao.UserMapper.selectById  : ==> Parameters: 103(Integer)
2021-11-20 21:11:56.780 DEBUG 11480 --- [http-nio-8080-exec-5] c.n.community.dao.UserMapper.selectById  : <==      Total: 1
2021-11-20 21:11:57.826 DEBUG 11480 --- [http-nio-8080-exec-9] c.n.c.interceptor.InterceptorDemo        : preHandle com.nowcoder.community.controller.LoginController#getLoginPage()
2021-11-20 21:11:57.827 DEBUG 11480 --- [http-nio-8080-exec-9] c.n.c.d.L.selectByTicket                 : ==>  Preparing: select id, user_id, ticket, status, expired from login_ticket where ticket = ?
2021-11-20 21:11:57.827 DEBUG 11480 --- [http-nio-8080-exec-9] c.n.c.d.L.selectByTicket                 : ==> Parameters: 17c9d01bbb4b4281968491a8d32938db(String)
2021-11-20 21:11:57.828 DEBUG 11480 --- [http-nio-8080-exec-9] c.n.c.d.L.selectByTicket                 : <==      Total: 1
2021-11-20 21:11:57.828 DEBUG 11480 --- [http-nio-8080-exec-9] c.n.c.interceptor.InterceptorDemo        : postHandle com.nowcoder.community.controller.LoginController#getLoginPage()
2021-11-20 21:11:57.834 DEBUG 11480 --- [http-nio-8080-exec-9] c.n.c.interceptor.InterceptorDemo        : afterCompletion com.nowcoder.community.controller.LoginController#getLoginPage()
2021-11-20 21:11:57.881 DEBUG 11480 --- [http-nio-8080-exec-1] c.n.c.d.L.selectByTicket                 : ==>  Preparing: select id, user_id, ticket, status, expired from login_ticket where ticket = ?
2021-11-20 21:11:57.882 DEBUG 11480 --- [http-nio-8080-exec-1] c.n.c.d.L.selectByTicket                 : ==> Parameters: 17c9d01bbb4b4281968491a8d32938db(String)
2021-11-20 21:11:57.883 DEBUG 11480 --- [http-nio-8080-exec-1] c.n.c.d.L.selectByTicket                 : <==      Total: 1
2021-11-20 21:12:07.760 DEBUG 11480 --- [http-nio-8080-exec-3] c.n.c.interceptor.InterceptorDemo        : preHandle com.nowcoder.community.controller.LoginController#login(String, String, String, boolean, HttpSession, HttpServletResponse, Model)
2021-11-20 21:12:07.761 DEBUG 11480 --- [http-nio-8080-exec-3] c.n.c.d.L.selectByTicket                 : ==>  Preparing: select id, user_id, ticket, status, expired from login_ticket where ticket = ?
2021-11-20 21:12:07.761 DEBUG 11480 --- [http-nio-8080-exec-3] c.n.c.d.L.selectByTicket                 : ==> Parameters: 17c9d01bbb4b4281968491a8d32938db(String)
2021-11-20 21:12:07.762 DEBUG 11480 --- [http-nio-8080-exec-3] c.n.c.d.L.selectByTicket                 : <==      Total: 1
2021-11-20 21:12:07.763 DEBUG 11480 --- [http-nio-8080-exec-3] c.n.c.interceptor.InterceptorDemo        : postHandle com.nowcoder.community.controller.LoginController#login(String, String, String, boolean, HttpSession, HttpServletResponse, Model)
2021-11-20 21:12:07.769 DEBUG 11480 --- [http-nio-8080-exec-3] c.n.c.interceptor.InterceptorDemo        : afterCompletion com.nowcoder.community.controller.LoginController#login(String, String, String, boolean, HttpSession, HttpServletResponse, Model)
2021-11-20 21:12:07.819 DEBUG 11480 --- [http-nio-8080-exec-8] c.n.c.d.L.selectByTicket                 : ==>  Preparing: select id, user_id, ticket, status, expired from login_ticket where ticket = ?
2021-11-20 21:12:07.820 DEBUG 11480 --- [http-nio-8080-exec-8] c.n.c.d.L.selectByTicket                 : ==> Parameters: 17c9d01bbb4b4281968491a8d32938db(String)
2021-11-20 21:12:07.822 DEBUG 11480 --- [http-nio-8080-exec-8] c.n.c.d.L.selectByTicket                 : <==      Total: 1
2021-11-20 21:12:12.891 DEBUG 11480 --- [http-nio-8080-exec-9] c.n.c.interceptor.InterceptorDemo        : preHandle com.nowcoder.community.controller.LoginController#login(String, String, String, boolean, HttpSession, HttpServletResponse, Model)
2021-11-20 21:12:12.891 DEBUG 11480 --- [http-nio-8080-exec-9] c.n.c.d.L.selectByTicket                 : ==>  Preparing: select id, user_id, ticket, status, expired from login_ticket where ticket = ?
2021-11-20 21:12:12.892 DEBUG 11480 --- [http-nio-8080-exec-9] c.n.c.d.L.selectByTicket                 : ==> Parameters: 17c9d01bbb4b4281968491a8d32938db(String)
2021-11-20 21:12:12.895 DEBUG 11480 --- [http-nio-8080-exec-9] c.n.c.d.L.selectByTicket                 : <==      Total: 1
2021-11-20 21:12:12.895 DEBUG 11480 --- [http-nio-8080-exec-9] c.n.c.dao.UserMapper.selectByName        : ==>  Preparing: select id, username, password, salt, email, type, status, activation_code, header_url, create_time from user where username = ?
2021-11-20 21:12:12.896 DEBUG 11480 --- [http-nio-8080-exec-9] c.n.c.dao.UserMapper.selectByName        : ==> Parameters: abc(String)
2021-11-20 21:12:12.897 DEBUG 11480 --- [http-nio-8080-exec-9] c.n.c.dao.UserMapper.selectByName        : <==      Total: 1
2021-11-20 21:12:12.897 DEBUG 11480 --- [http-nio-8080-exec-9] c.n.c.d.L.insertLoginTicket              : ==>  Preparing: insert into login_ticket(user_id, ticket, status, expired) values(?, ?, ?, ?)
2021-11-20 21:12:12.898 DEBUG 11480 --- [http-nio-8080-exec-9] c.n.c.d.L.insertLoginTicket              : ==> Parameters: 154(Integer), f236d0951c47411aaabfb10b2d42a993(String), 0(Integer), 2022-02-18 21:12:12.897(Timestamp)
2021-11-20 21:12:12.900 DEBUG 11480 --- [http-nio-8080-exec-9] c.n.c.d.L.insertLoginTicket              : <==    Updates: 1
2021-11-20 21:12:12.900 DEBUG 11480 --- [http-nio-8080-exec-9] c.n.c.interceptor.InterceptorDemo        : postHandle com.nowcoder.community.controller.LoginController#login(String, String, String, boolean, HttpSession, HttpServletResponse, Model)
2021-11-20 21:12:12.901 DEBUG 11480 --- [http-nio-8080-exec-9] c.n.c.interceptor.InterceptorDemo        : afterCompletion com.nowcoder.community.controller.LoginController#login(String, String, String, boolean, HttpSession, HttpServletResponse, Model)
2021-11-20 21:12:12.924 DEBUG 11480 --- [http-nio-8080-exec-10] c.n.c.d.L.selectByTicket                 : ==>  Preparing: select id, user_id, ticket, status, expired from login_ticket where ticket = ?
2021-11-20 21:12:12.924 DEBUG 11480 --- [http-nio-8080-exec-10] c.n.c.d.L.selectByTicket                 : ==> Parameters: f236d0951c47411aaabfb10b2d42a993(String)
2021-11-20 21:12:12.925 DEBUG 11480 --- [http-nio-8080-exec-10] c.n.c.d.L.selectByTicket                 : <==      Total: 1
2021-11-20 21:12:12.926 DEBUG 11480 --- [http-nio-8080-exec-10] c.n.community.dao.UserMapper.selectById  : ==>  Preparing: select id, username, password, salt, email, type, status, activation_code, header_url, create_time from user where id = ?
2021-11-20 21:12:12.926 DEBUG 11480 --- [http-nio-8080-exec-10] c.n.community.dao.UserMapper.selectById  : ==> Parameters: 154(Integer)
2021-11-20 21:12:12.927 DEBUG 11480 --- [http-nio-8080-exec-10] c.n.community.dao.UserMapper.selectById  : <==      Total: 1
2021-11-20 21:12:12.928 DEBUG 11480 --- [http-nio-8080-exec-10] c.n.c.d.D.selectDiscussPostRows          : ==>  Preparing: select count(id) from discuss_post where status != 2
2021-11-20 21:12:12.928 DEBUG 11480 --- [http-nio-8080-exec-10] c.n.c.d.D.selectDiscussPostRows          : ==> Parameters: 
2021-11-20 21:12:12.928 DEBUG 11480 --- [http-nio-8080-exec-10] c.n.c.d.D.selectDiscussPostRows          : <==      Total: 1
2021-11-20 21:12:12.929 DEBUG 11480 --- [http-nio-8080-exec-10] c.n.c.d.D.selectDiscussPosts             : ==>  Preparing: select id, user_id, title, content, type, status, create_time, comment_count, score from discuss_post where status != 2 order by type desc, create_time desc limit ?, ?
2021-11-20 21:12:12.929 DEBUG 11480 --- [http-nio-8080-exec-10] c.n.c.d.D.selectDiscussPosts             : ==> Parameters: 0(Integer), 10(Integer)
2021-11-20 21:12:12.931 DEBUG 11480 --- [http-nio-8080-exec-10] c.n.c.d.D.selectDiscussPosts             : <==      Total: 10
2021-11-20 21:12:12.931 DEBUG 11480 --- [http-nio-8080-exec-10] c.n.community.dao.UserMapper.selectById  : ==>  Preparing: select id, username, password, salt, email, type, status, activation_code, header_url, create_time from user where id = ?
2021-11-20 21:12:12.931 DEBUG 11480 --- [http-nio-8080-exec-10] c.n.community.dao.UserMapper.selectById  : ==> Parameters: 11(Integer)
2021-11-20 21:12:12.932 DEBUG 11480 --- [http-nio-8080-exec-10] c.n.community.dao.UserMapper.selectById  : <==      Total: 1
2021-11-20 21:12:12.933 DEBUG 11480 --- [http-nio-8080-exec-10] c.n.community.dao.UserMapper.selectById  : ==>  Preparing: select id, username, password, salt, email, type, status, activation_code, header_url, create_time from user where id = ?
2021-11-20 21:12:12.933 DEBUG 11480 --- [http-nio-8080-exec-10] c.n.community.dao.UserMapper.selectById  : ==> Parameters: 111(Integer)
2021-11-20 21:12:12.934 DEBUG 11480 --- [http-nio-8080-exec-10] c.n.community.dao.UserMapper.selectById  : <==      Total: 1
2021-11-20 21:12:12.934 DEBUG 11480 --- [http-nio-8080-exec-10] c.n.community.dao.UserMapper.selectById  : ==>  Preparing: select id, username, password, salt, email, type, status, activation_code, header_url, create_time from user where id = ?
2021-11-20 21:12:12.934 DEBUG 11480 --- [http-nio-8080-exec-10] c.n.community.dao.UserMapper.selectById  : ==> Parameters: 149(Integer)
2021-11-20 21:12:12.935 DEBUG 11480 --- [http-nio-8080-exec-10] c.n.community.dao.UserMapper.selectById  : <==      Total: 1
2021-11-20 21:12:12.935 DEBUG 11480 --- [http-nio-8080-exec-10] c.n.community.dao.UserMapper.selectById  : ==>  Preparing: select id, username, password, salt, email, type, status, activation_code, header_url, create_time from user where id = ?
2021-11-20 21:12:12.935 DEBUG 11480 --- [http-nio-8080-exec-10] c.n.community.dao.UserMapper.selectById  : ==> Parameters: 149(Integer)
2021-11-20 21:12:12.936 DEBUG 11480 --- [http-nio-8080-exec-10] c.n.community.dao.UserMapper.selectById  : <==      Total: 1
2021-11-20 21:12:12.936 DEBUG 11480 --- [http-nio-8080-exec-10] c.n.community.dao.UserMapper.selectById  : ==>  Preparing: select id, username, password, salt, email, type, status, activation_code, header_url, create_time from user where id = ?
2021-11-20 21:12:12.936 DEBUG 11480 --- [http-nio-8080-exec-10] c.n.community.dao.UserMapper.selectById  : ==> Parameters: 149(Integer)
2021-11-20 21:12:12.937 DEBUG 11480 --- [http-nio-8080-exec-10] c.n.community.dao.UserMapper.selectById  : <==      Total: 1
2021-11-20 21:12:12.937 DEBUG 11480 --- [http-nio-8080-exec-10] c.n.community.dao.UserMapper.selectById  : ==>  Preparing: select id, username, password, salt, email, type, status, activation_code, header_url, create_time from user where id = ?
2021-11-20 21:12:12.937 DEBUG 11480 --- [http-nio-8080-exec-10] c.n.community.dao.UserMapper.selectById  : ==> Parameters: 146(Integer)
2021-11-20 21:12:12.937 DEBUG 11480 --- [http-nio-8080-exec-10] c.n.community.dao.UserMapper.selectById  : <==      Total: 1
2021-11-20 21:12:12.938 DEBUG 11480 --- [http-nio-8080-exec-10] c.n.community.dao.UserMapper.selectById  : ==>  Preparing: select id, username, password, salt, email, type, status, activation_code, header_url, create_time from user where id = ?
2021-11-20 21:12:12.938 DEBUG 11480 --- [http-nio-8080-exec-10] c.n.community.dao.UserMapper.selectById  : ==> Parameters: 145(Integer)
2021-11-20 21:12:12.939 DEBUG 11480 --- [http-nio-8080-exec-10] c.n.community.dao.UserMapper.selectById  : <==      Total: 1
2021-11-20 21:12:12.939 DEBUG 11480 --- [http-nio-8080-exec-10] c.n.community.dao.UserMapper.selectById  : ==>  Preparing: select id, username, password, salt, email, type, status, activation_code, header_url, create_time from user where id = ?
2021-11-20 21:12:12.939 DEBUG 11480 --- [http-nio-8080-exec-10] c.n.community.dao.UserMapper.selectById  : ==> Parameters: 138(Integer)
2021-11-20 21:12:12.940 DEBUG 11480 --- [http-nio-8080-exec-10] c.n.community.dao.UserMapper.selectById  : <==      Total: 1
2021-11-20 21:12:12.940 DEBUG 11480 --- [http-nio-8080-exec-10] c.n.community.dao.UserMapper.selectById  : ==>  Preparing: select id, username, password, salt, email, type, status, activation_code, header_url, create_time from user where id = ?
2021-11-20 21:12:12.940 DEBUG 11480 --- [http-nio-8080-exec-10] c.n.community.dao.UserMapper.selectById  : ==> Parameters: 138(Integer)
2021-11-20 21:12:12.941 DEBUG 11480 --- [http-nio-8080-exec-10] c.n.community.dao.UserMapper.selectById  : <==      Total: 1
2021-11-20 21:12:12.941 DEBUG 11480 --- [http-nio-8080-exec-10] c.n.community.dao.UserMapper.selectById  : ==>  Preparing: select id, username, password, salt, email, type, status, activation_code, header_url, create_time from user where id = ?
2021-11-20 21:12:12.941 DEBUG 11480 --- [http-nio-8080-exec-10] c.n.community.dao.UserMapper.selectById  : ==> Parameters: 103(Integer)
2021-11-20 21:12:12.942 DEBUG 11480 --- [http-nio-8080-exec-10] c.n.community.dao.UserMapper.selectById  : <==      Total: 1
2021-11-20 21:57:16.818 DEBUG 11480 --- [http-nio-8080-exec-5] c.n.c.d.L.selectByTicket                 : ==>  Preparing: select id, user_id, ticket, status, expired from login_ticket where ticket = ?
2021-11-20 21:57:16.819 DEBUG 11480 --- [http-nio-8080-exec-5] c.n.c.d.L.selectByTicket                 : ==> Parameters: f236d0951c47411aaabfb10b2d42a993(String)
2021-11-20 21:57:16.820 DEBUG 11480 --- [http-nio-8080-exec-5] c.n.c.d.L.selectByTicket                 : <==      Total: 1
2021-11-20 21:57:16.820 DEBUG 11480 --- [http-nio-8080-exec-5] c.n.community.dao.UserMapper.selectById  : ==>  Preparing: select id, username, password, salt, email, type, status, activation_code, header_url, create_time from user where id = ?
2021-11-20 21:57:16.820 DEBUG 11480 --- [http-nio-8080-exec-5] c.n.community.dao.UserMapper.selectById  : ==> Parameters: 154(Integer)
2021-11-20 21:57:16.821 DEBUG 11480 --- [http-nio-8080-exec-5] c.n.community.dao.UserMapper.selectById  : <==      Total: 1
2021-11-20 21:57:16.823 DEBUG 11480 --- [http-nio-8080-exec-5] c.n.c.d.L.selectByTicket                 : ==>  Preparing: select id, user_id, ticket, status, expired from login_ticket where ticket = ?
2021-11-20 21:57:16.824 DEBUG 11480 --- [http-nio-8080-exec-5] c.n.c.d.L.selectByTicket                 : ==> Parameters: f236d0951c47411aaabfb10b2d42a993(String)
2021-11-20 21:57:16.824 DEBUG 11480 --- [http-nio-8080-exec-5] c.n.c.d.L.selectByTicket                 : <==      Total: 1
2021-11-20 21:57:16.825 DEBUG 11480 --- [http-nio-8080-exec-5] c.n.community.dao.UserMapper.selectById  : ==>  Preparing: select id, username, password, salt, email, type, status, activation_code, header_url, create_time from user where id = ?
2021-11-20 21:57:16.825 DEBUG 11480 --- [http-nio-8080-exec-5] c.n.community.dao.UserMapper.selectById  : ==> Parameters: 154(Integer)
2021-11-20 21:57:16.825 DEBUG 11480 --- [http-nio-8080-exec-5] c.n.community.dao.UserMapper.selectById  : <==      Total: 1
