2021-11-16 01:04:17.312  INFO 23472 --- [restartedMain] c.n.community.CommunityApplication       : Starting CommunityApplication using Java 14.0.1 on LAPTOP-5CRCV1LI with PID 23472 (D:\Java\IdeaProjects\community\target\classes started by Real in D:\Java\IdeaProjects\community)
2021-11-16 01:04:17.321 DEBUG 23472 --- [restartedMain] c.n.community.CommunityApplication       : Running with Spring Boot v2.4.10, Spring v5.3.9
2021-11-16 01:04:17.321  INFO 23472 --- [restartedMain] c.n.community.CommunityApplication       : No active profile set, falling back to default profiles: default
2021-11-16 01:04:17.386  INFO 23472 --- [restartedMain] .e.DevToolsPropertyDefaultsPostProcessor : Devtools property defaults active! Set 'spring.devtools.add-properties' to 'false' to disable
2021-11-16 01:04:17.387  INFO 23472 --- [restartedMain] .e.DevToolsPropertyDefaultsPostProcessor : For additional web related logging consider setting the 'logging.level.web' property to 'DEBUG'
2021-11-16 01:04:17.898  WARN 23472 --- [restartedMain] ConfigServletWebServerApplicationContext : Exception encountered during context initialization - cancelling refresh attempt: org.springframework.beans.factory.support.BeanDefinitionOverrideException: Invalid bean definition with name 'kaptchaConfig' defined in class path resource [com/nowcoder/community/config/KaptchaConfig.class]: Cannot register bean definition [Root bean: class [null]; scope=; abstract=false; lazyInit=null; autowireMode=3; dependencyCheck=0; autowireCandidate=true; primary=false; factoryBeanName=kaptchaConfig; factoryMethodName=kaptchaConfig; initMethodName=null; destroyMethodName=(inferred); defined in class path resource [com/nowcoder/community/config/KaptchaConfig.class]] for bean 'kaptchaConfig': There is already [Generic bean: class [com.nowcoder.community.config.KaptchaConfig]; scope=singleton; abstract=false; lazyInit=null; autowireMode=0; dependencyCheck=0; autowireCandidate=true; primary=false; factoryBeanName=null; factoryMethodName=null; initMethodName=null; destroyMethodName=null; defined in file [D:\Java\IdeaProjects\community\target\classes\com\nowcoder\community\config\KaptchaConfig.class]] bound.
2021-11-16 01:04:17.906  INFO 23472 --- [restartedMain] ConditionEvaluationReportLoggingListener : 

Error starting ApplicationContext. To display the conditions report re-run your application with 'debug' enabled.
2021-11-16 01:04:17.926 ERROR 23472 --- [restartedMain] o.s.b.d.LoggingFailureAnalysisReporter   : 

***************************
APPLICATION FAILED TO START
***************************

Description:

The bean 'kaptchaConfig', defined in class path resource [com/nowcoder/community/config/KaptchaConfig.class], could not be registered. A bean with that name has already been defined in file [D:\Java\IdeaProjects\community\target\classes\com\nowcoder\community\config\KaptchaConfig.class] and overriding is disabled.

Action:

Consider renaming one of the beans or enabling overriding by setting spring.main.allow-bean-definition-overriding=true

2021-11-16 01:05:32.241  INFO 37508 --- [restartedMain] c.n.community.CommunityApplication       : Starting CommunityApplication using Java 14.0.1 on LAPTOP-5CRCV1LI with PID 37508 (D:\Java\IdeaProjects\community\target\classes started by Real in D:\Java\IdeaProjects\community)
2021-11-16 01:05:32.243 DEBUG 37508 --- [restartedMain] c.n.community.CommunityApplication       : Running with Spring Boot v2.4.10, Spring v5.3.9
2021-11-16 01:05:32.244  INFO 37508 --- [restartedMain] c.n.community.CommunityApplication       : No active profile set, falling back to default profiles: default
2021-11-16 01:05:32.274  INFO 37508 --- [restartedMain] .e.DevToolsPropertyDefaultsPostProcessor : Devtools property defaults active! Set 'spring.devtools.add-properties' to 'false' to disable
2021-11-16 01:05:32.274  INFO 37508 --- [restartedMain] .e.DevToolsPropertyDefaultsPostProcessor : For additional web related logging consider setting the 'logging.level.web' property to 'DEBUG'
2021-11-16 01:05:32.628  WARN 37508 --- [restartedMain] ConfigServletWebServerApplicationContext : Exception encountered during context initialization - cancelling refresh attempt: org.springframework.beans.factory.support.BeanDefinitionOverrideException: Invalid bean definition with name 'kaptchaConfig' defined in class path resource [com/nowcoder/community/config/KaptchaConfig.class]: Cannot register bean definition [Root bean: class [null]; scope=; abstract=false; lazyInit=null; autowireMode=3; dependencyCheck=0; autowireCandidate=true; primary=false; factoryBeanName=kaptchaConfig; factoryMethodName=kaptchaConfig; initMethodName=null; destroyMethodName=(inferred); defined in class path resource [com/nowcoder/community/config/KaptchaConfig.class]] for bean 'kaptchaConfig': There is already [Generic bean: class [com.nowcoder.community.config.KaptchaConfig]; scope=singleton; abstract=false; lazyInit=null; autowireMode=0; dependencyCheck=0; autowireCandidate=true; primary=false; factoryBeanName=null; factoryMethodName=null; initMethodName=null; destroyMethodName=null; defined in file [D:\Java\IdeaProjects\community\target\classes\com\nowcoder\community\config\KaptchaConfig.class]] bound.
2021-11-16 01:05:32.636  INFO 37508 --- [restartedMain] ConditionEvaluationReportLoggingListener : 

Error starting ApplicationContext. To display the conditions report re-run your application with 'debug' enabled.
2021-11-16 01:05:32.649 ERROR 37508 --- [restartedMain] o.s.b.d.LoggingFailureAnalysisReporter   : 

***************************
APPLICATION FAILED TO START
***************************

Description:

The bean 'kaptchaConfig', defined in class path resource [com/nowcoder/community/config/KaptchaConfig.class], could not be registered. A bean with that name has already been defined in file [D:\Java\IdeaProjects\community\target\classes\com\nowcoder\community\config\KaptchaConfig.class] and overriding is disabled.

Action:

Consider renaming one of the beans or enabling overriding by setting spring.main.allow-bean-definition-overriding=true

2021-11-16 01:06:46.284  INFO 10624 --- [restartedMain] c.n.community.CommunityApplication       : Starting CommunityApplication using Java 14.0.1 on LAPTOP-5CRCV1LI with PID 10624 (D:\Java\IdeaProjects\community\target\classes started by Real in D:\Java\IdeaProjects\community)
2021-11-16 01:06:46.286 DEBUG 10624 --- [restartedMain] c.n.community.CommunityApplication       : Running with Spring Boot v2.4.10, Spring v5.3.9
2021-11-16 01:06:46.286  INFO 10624 --- [restartedMain] c.n.community.CommunityApplication       : No active profile set, falling back to default profiles: default
2021-11-16 01:06:46.321  INFO 10624 --- [restartedMain] .e.DevToolsPropertyDefaultsPostProcessor : Devtools property defaults active! Set 'spring.devtools.add-properties' to 'false' to disable
2021-11-16 01:06:46.321  INFO 10624 --- [restartedMain] .e.DevToolsPropertyDefaultsPostProcessor : For additional web related logging consider setting the 'logging.level.web' property to 'DEBUG'
2021-11-16 01:06:46.705  WARN 10624 --- [restartedMain] ConfigServletWebServerApplicationContext : Exception encountered during context initialization - cancelling refresh attempt: org.springframework.beans.factory.support.BeanDefinitionOverrideException: Invalid bean definition with name 'kaptchaConfig' defined in class path resource [com/nowcoder/community/config/KaptchaConfig.class]: Cannot register bean definition [Root bean: class [null]; scope=; abstract=false; lazyInit=null; autowireMode=3; dependencyCheck=0; autowireCandidate=true; primary=false; factoryBeanName=kaptchaConfig; factoryMethodName=kaptchaConfig; initMethodName=null; destroyMethodName=(inferred); defined in class path resource [com/nowcoder/community/config/KaptchaConfig.class]] for bean 'kaptchaConfig': There is already [Generic bean: class [com.nowcoder.community.config.KaptchaConfig]; scope=singleton; abstract=false; lazyInit=null; autowireMode=0; dependencyCheck=0; autowireCandidate=true; primary=false; factoryBeanName=null; factoryMethodName=null; initMethodName=null; destroyMethodName=null; defined in file [D:\Java\IdeaProjects\community\target\classes\com\nowcoder\community\config\KaptchaConfig.class]] bound.
2021-11-16 01:06:46.713  INFO 10624 --- [restartedMain] ConditionEvaluationReportLoggingListener : 

Error starting ApplicationContext. To display the conditions report re-run your application with 'debug' enabled.
2021-11-16 01:06:46.726 ERROR 10624 --- [restartedMain] o.s.b.d.LoggingFailureAnalysisReporter   : 

***************************
APPLICATION FAILED TO START
***************************

Description:

The bean 'kaptchaConfig', defined in class path resource [com/nowcoder/community/config/KaptchaConfig.class], could not be registered. A bean with that name has already been defined in file [D:\Java\IdeaProjects\community\target\classes\com\nowcoder\community\config\KaptchaConfig.class] and overriding is disabled.

Action:

Consider renaming one of the beans or enabling overriding by setting spring.main.allow-bean-definition-overriding=true

2021-11-16 01:08:18.902  INFO 15276 --- [restartedMain] c.n.community.CommunityApplication       : Starting CommunityApplication using Java 14.0.1 on LAPTOP-5CRCV1LI with PID 15276 (D:\Java\IdeaProjects\community\target\classes started by Real in D:\Java\IdeaProjects\community)
2021-11-16 01:08:18.904 DEBUG 15276 --- [restartedMain] c.n.community.CommunityApplication       : Running with Spring Boot v2.4.10, Spring v5.3.9
2021-11-16 01:08:18.904  INFO 15276 --- [restartedMain] c.n.community.CommunityApplication       : No active profile set, falling back to default profiles: default
2021-11-16 01:08:18.933  INFO 15276 --- [restartedMain] .e.DevToolsPropertyDefaultsPostProcessor : Devtools property defaults active! Set 'spring.devtools.add-properties' to 'false' to disable
2021-11-16 01:08:18.933  INFO 15276 --- [restartedMain] .e.DevToolsPropertyDefaultsPostProcessor : For additional web related logging consider setting the 'logging.level.web' property to 'DEBUG'
2021-11-16 01:08:19.549  WARN 15276 --- [restartedMain] ConfigServletWebServerApplicationContext : Exception encountered during context initialization - cancelling refresh attempt: org.springframework.beans.factory.UnsatisfiedDependencyException: Error creating bean with name 'persistenceExceptionTranslationPostProcessor' defined in class path resource [org/springframework/boot/autoconfigure/dao/PersistenceExceptionTranslationAutoConfiguration.class]: Unsatisfied dependency expressed through method 'persistenceExceptionTranslationPostProcessor' parameter 0; nested exception is org.springframework.beans.factory.BeanDefinitionStoreException: Invalid bean definition with name 'kaptchaConfig' defined in class path resource [com/nowcoder/community/config/KaptchaConfig.class]: factory-bean reference points back to the same bean definition
2021-11-16 01:08:19.556  INFO 15276 --- [restartedMain] ConditionEvaluationReportLoggingListener : 

Error starting ApplicationContext. To display the conditions report re-run your application with 'debug' enabled.
2021-11-16 01:08:19.569 ERROR 15276 --- [restartedMain] o.s.boot.SpringApplication               : Application run failed

org.springframework.beans.factory.UnsatisfiedDependencyException: Error creating bean with name 'persistenceExceptionTranslationPostProcessor' defined in class path resource [org/springframework/boot/autoconfigure/dao/PersistenceExceptionTranslationAutoConfiguration.class]: Unsatisfied dependency expressed through method 'persistenceExceptionTranslationPostProcessor' parameter 0; nested exception is org.springframework.beans.factory.BeanDefinitionStoreException: Invalid bean definition with name 'kaptchaConfig' defined in class path resource [com/nowcoder/community/config/KaptchaConfig.class]: factory-bean reference points back to the same bean definition
	at org.springframework.beans.factory.support.ConstructorResolver.createArgumentArray(ConstructorResolver.java:800) ~[spring-beans-5.3.9.jar:5.3.9]
	at org.springframework.beans.factory.support.ConstructorResolver.instantiateUsingFactoryMethod(ConstructorResolver.java:541) ~[spring-beans-5.3.9.jar:5.3.9]
	at org.springframework.beans.factory.support.AbstractAutowireCapableBeanFactory.instantiateUsingFactoryMethod(AbstractAutowireCapableBeanFactory.java:1334) ~[spring-beans-5.3.9.jar:5.3.9]
	at org.springframework.beans.factory.support.AbstractAutowireCapableBeanFactory.createBeanInstance(AbstractAutowireCapableBeanFactory.java:1177) ~[spring-beans-5.3.9.jar:5.3.9]
	at org.springframework.beans.factory.support.AbstractAutowireCapableBeanFactory.doCreateBean(AbstractAutowireCapableBeanFactory.java:564) ~[spring-beans-5.3.9.jar:5.3.9]
	at org.springframework.beans.factory.support.AbstractAutowireCapableBeanFactory.createBean(AbstractAutowireCapableBeanFactory.java:524) ~[spring-beans-5.3.9.jar:5.3.9]
	at org.springframework.beans.factory.support.AbstractBeanFactory.lambda$doGetBean$0(AbstractBeanFactory.java:335) ~[spring-beans-5.3.9.jar:5.3.9]
	at org.springframework.beans.factory.support.DefaultSingletonBeanRegistry.getSingleton(DefaultSingletonBeanRegistry.java:234) ~[spring-beans-5.3.9.jar:5.3.9]
	at org.springframework.beans.factory.support.AbstractBeanFactory.doGetBean(AbstractBeanFactory.java:333) ~[spring-beans-5.3.9.jar:5.3.9]
	at org.springframework.beans.factory.support.AbstractBeanFactory.getBean(AbstractBeanFactory.java:213) ~[spring-beans-5.3.9.jar:5.3.9]
	at org.springframework.context.support.PostProcessorRegistrationDelegate.registerBeanPostProcessors(PostProcessorRegistrationDelegate.java:258) ~[spring-context-5.3.9.jar:5.3.9]
	at org.springframework.context.support.AbstractApplicationContext.registerBeanPostProcessors(AbstractApplicationContext.java:762) ~[spring-context-5.3.9.jar:5.3.9]
	at org.springframework.context.support.AbstractApplicationContext.refresh(AbstractApplicationContext.java:567) ~[spring-context-5.3.9.jar:5.3.9]
	at org.springframework.boot.web.servlet.context.ServletWebServerApplicationContext.refresh(ServletWebServerApplicationContext.java:144) ~[spring-boot-2.4.10.jar:2.4.10]
	at org.springframework.boot.SpringApplication.refresh(SpringApplication.java:771) ~[spring-boot-2.4.10.jar:2.4.10]
	at org.springframework.boot.SpringApplication.refresh(SpringApplication.java:763) ~[spring-boot-2.4.10.jar:2.4.10]
	at org.springframework.boot.SpringApplication.refreshContext(SpringApplication.java:438) ~[spring-boot-2.4.10.jar:2.4.10]
	at org.springframework.boot.SpringApplication.run(SpringApplication.java:339) ~[spring-boot-2.4.10.jar:2.4.10]
	at org.springframework.boot.SpringApplication.run(SpringApplication.java:1329) ~[spring-boot-2.4.10.jar:2.4.10]
	at org.springframework.boot.SpringApplication.run(SpringApplication.java:1318) ~[spring-boot-2.4.10.jar:2.4.10]
	at com.nowcoder.community.CommunityApplication.main(CommunityApplication.java:10) ~[classes/:na]
	at java.base/jdk.internal.reflect.NativeMethodAccessorImpl.invoke0(Native Method) ~[na:na]
	at java.base/jdk.internal.reflect.NativeMethodAccessorImpl.invoke(NativeMethodAccessorImpl.java:62) ~[na:na]
	at java.base/jdk.internal.reflect.DelegatingMethodAccessorImpl.invoke(DelegatingMethodAccessorImpl.java:43) ~[na:na]
	at java.base/java.lang.reflect.Method.invoke(Method.java:564) ~[na:na]
	at org.springframework.boot.devtools.restart.RestartLauncher.run(RestartLauncher.java:49) ~[spring-boot-devtools-2.4.10.jar:2.4.10]
Caused by: org.springframework.beans.factory.BeanDefinitionStoreException: Invalid bean definition with name 'kaptchaConfig' defined in class path resource [com/nowcoder/community/config/KaptchaConfig.class]: factory-bean reference points back to the same bean definition
	at org.springframework.beans.factory.support.AbstractAutowireCapableBeanFactory.getTypeForFactoryMethod(AbstractAutowireCapableBeanFactory.java:725) ~[spring-beans-5.3.9.jar:5.3.9]
	at org.springframework.beans.factory.support.AbstractAutowireCapableBeanFactory.determineTargetType(AbstractAutowireCapableBeanFactory.java:685) ~[spring-beans-5.3.9.jar:5.3.9]
	at org.springframework.beans.factory.support.AbstractAutowireCapableBeanFactory.predictBeanType(AbstractAutowireCapableBeanFactory.java:656) ~[spring-beans-5.3.9.jar:5.3.9]
	at org.springframework.beans.factory.support.AbstractBeanFactory.isFactoryBean(AbstractBeanFactory.java:1670) ~[spring-beans-5.3.9.jar:5.3.9]
	at org.springframework.beans.factory.support.DefaultListableBeanFactory.doGetBeanNamesForType(DefaultListableBeanFactory.java:570) ~[spring-beans-5.3.9.jar:5.3.9]
	at org.springframework.beans.factory.support.DefaultListableBeanFactory.getBeanNamesForType(DefaultListableBeanFactory.java:542) ~[spring-beans-5.3.9.jar:5.3.9]
	at org.springframework.beans.factory.BeanFactoryUtils.beanNamesForTypeIncludingAncestors(BeanFactoryUtils.java:265) ~[spring-beans-5.3.9.jar:5.3.9]
	at org.springframework.beans.factory.support.DefaultListableBeanFactory.findAutowireCandidates(DefaultListableBeanFactory.java:1546) ~[spring-beans-5.3.9.jar:5.3.9]
	at org.springframework.beans.factory.support.DefaultListableBeanFactory.doResolveDependency(DefaultListableBeanFactory.java:1343) ~[spring-beans-5.3.9.jar:5.3.9]
	at org.springframework.beans.factory.support.DefaultListableBeanFactory.resolveDependency(DefaultListableBeanFactory.java:1300) ~[spring-beans-5.3.9.jar:5.3.9]
	at org.springframework.beans.factory.support.ConstructorResolver.resolveAutowiredArgument(ConstructorResolver.java:887) ~[spring-beans-5.3.9.jar:5.3.9]
	at org.springframework.beans.factory.support.ConstructorResolver.createArgumentArray(ConstructorResolver.java:791) ~[spring-beans-5.3.9.jar:5.3.9]
	... 25 common frames omitted

2021-11-16 01:10:26.136  INFO 29904 --- [restartedMain] c.n.community.CommunityApplication       : Starting CommunityApplication using Java 14.0.1 on LAPTOP-5CRCV1LI with PID 29904 (D:\Java\IdeaProjects\community\target\classes started by Real in D:\Java\IdeaProjects\community)
2021-11-16 01:10:26.138 DEBUG 29904 --- [restartedMain] c.n.community.CommunityApplication       : Running with Spring Boot v2.4.10, Spring v5.3.9
2021-11-16 01:10:26.139  INFO 29904 --- [restartedMain] c.n.community.CommunityApplication       : No active profile set, falling back to default profiles: default
2021-11-16 01:10:26.175  INFO 29904 --- [restartedMain] .e.DevToolsPropertyDefaultsPostProcessor : Devtools property defaults active! Set 'spring.devtools.add-properties' to 'false' to disable
2021-11-16 01:10:26.175  INFO 29904 --- [restartedMain] .e.DevToolsPropertyDefaultsPostProcessor : For additional web related logging consider setting the 'logging.level.web' property to 'DEBUG'
2021-11-16 01:10:27.277  INFO 29904 --- [restartedMain] o.s.b.w.embedded.tomcat.TomcatWebServer  : Tomcat initialized with port(s): 8080 (http)
2021-11-16 01:10:27.285  INFO 29904 --- [restartedMain] o.apache.catalina.core.StandardService   : Starting service [Tomcat]
2021-11-16 01:10:27.285  INFO 29904 --- [restartedMain] org.apache.catalina.core.StandardEngine  : Starting Servlet engine: [Apache Tomcat/9.0.52]
2021-11-16 01:10:27.375  INFO 29904 --- [restartedMain] o.a.c.c.C.[.[localhost].[/community]     : Initializing Spring embedded WebApplicationContext
2021-11-16 01:10:27.375  INFO 29904 --- [restartedMain] w.s.c.ServletWebServerApplicationContext : Root WebApplicationContext: initialization completed in 1199 ms
2021-11-16 01:10:27.903  INFO 29904 --- [restartedMain] o.s.b.a.w.s.WelcomePageHandlerMapping    : Adding welcome page template: index
2021-11-16 01:10:28.060  INFO 29904 --- [restartedMain] o.s.b.d.a.OptionalLiveReloadServer       : LiveReload server is running on port 35729
2021-11-16 01:10:28.107  INFO 29904 --- [restartedMain] o.s.b.w.embedded.tomcat.TomcatWebServer  : Tomcat started on port(s): 8080 (http) with context path '/community'
2021-11-16 01:10:28.120  INFO 29904 --- [restartedMain] c.n.community.CommunityApplication       : Started CommunityApplication in 2.331 seconds (JVM running for 2.957)
2021-11-16 01:10:47.336  INFO 29904 --- [http-nio-8080-exec-1] o.a.c.c.C.[.[localhost].[/community]     : Initializing Spring DispatcherServlet 'dispatcherServlet'
2021-11-16 01:10:47.337  INFO 29904 --- [http-nio-8080-exec-1] o.s.web.servlet.DispatcherServlet        : Initializing Servlet 'dispatcherServlet'
2021-11-16 01:10:47.338  INFO 29904 --- [http-nio-8080-exec-1] o.s.web.servlet.DispatcherServlet        : Completed initialization in 1 ms
2021-11-16 21:58:33.269  INFO 35908 --- [main] com.nowcoder.community.LoginTicketTests  : Starting LoginTicketTests using Java 14.0.1 on LAPTOP-5CRCV1LI with PID 35908 (started by Real in D:\Java\IdeaProjects\community)
2021-11-16 21:58:33.270 DEBUG 35908 --- [main] com.nowcoder.community.LoginTicketTests  : Running with Spring Boot v2.4.10, Spring v5.3.9
2021-11-16 21:58:33.271  INFO 35908 --- [main] com.nowcoder.community.LoginTicketTests  : No active profile set, falling back to default profiles: default
2021-11-16 21:58:34.898  INFO 35908 --- [main] o.s.b.a.w.s.WelcomePageHandlerMapping    : Adding welcome page template: index
2021-11-16 21:58:35.170  INFO 35908 --- [main] com.nowcoder.community.LoginTicketTests  : Started LoginTicketTests in 2.217 seconds (JVM running for 3.1)
2021-11-16 21:58:35.600  INFO 35908 --- [main] com.zaxxer.hikari.HikariDataSource       : HikariPool-1 - Starting...
2021-11-16 21:58:35.970  INFO 35908 --- [main] com.zaxxer.hikari.HikariDataSource       : HikariPool-1 - Start completed.
2021-11-16 21:58:35.977 DEBUG 35908 --- [main] c.n.c.d.L.insertLoginTicket              : ==>  Preparing: insert into login_ticket(user_id, ticket, status, expired) values(?, ?, ?, ?)
2021-11-16 21:58:36.003 DEBUG 35908 --- [main] c.n.c.d.L.insertLoginTicket              : ==> Parameters: 101(Integer), abc(String), 0(Integer), 2021-11-16 22:08:35.587(Timestamp)
2021-11-16 21:58:36.009 DEBUG 35908 --- [main] c.n.c.d.L.insertLoginTicket              : <==    Updates: 1
2021-11-16 21:58:36.036  INFO 35908 --- [SpringContextShutdownHook] com.zaxxer.hikari.HikariDataSource       : HikariPool-1 - Shutdown initiated...
2021-11-16 21:58:36.040  INFO 35908 --- [SpringContextShutdownHook] com.zaxxer.hikari.HikariDataSource       : HikariPool-1 - Shutdown completed.
2021-11-16 22:02:41.535  INFO 35792 --- [main] com.nowcoder.community.LoginTicketTests  : Starting LoginTicketTests using Java 14.0.1 on LAPTOP-5CRCV1LI with PID 35792 (started by Real in D:\Java\IdeaProjects\community)
2021-11-16 22:02:41.536 DEBUG 35792 --- [main] com.nowcoder.community.LoginTicketTests  : Running with Spring Boot v2.4.10, Spring v5.3.9
2021-11-16 22:02:41.537  INFO 35792 --- [main] com.nowcoder.community.LoginTicketTests  : No active profile set, falling back to default profiles: default
2021-11-16 22:02:43.000  INFO 35792 --- [main] o.s.b.a.w.s.WelcomePageHandlerMapping    : Adding welcome page template: index
2021-11-16 22:02:43.223  INFO 35792 --- [main] com.nowcoder.community.LoginTicketTests  : Started LoginTicketTests in 1.977 seconds (JVM running for 2.657)
2021-11-16 22:02:43.576  INFO 35792 --- [main] com.zaxxer.hikari.HikariDataSource       : HikariPool-1 - Starting...
2021-11-16 22:02:43.848  INFO 35792 --- [main] com.zaxxer.hikari.HikariDataSource       : HikariPool-1 - Start completed.
2021-11-16 22:02:43.854 DEBUG 35792 --- [main] c.n.c.d.L.selectByTicket                 : ==>  Preparing: select id, user_id, ticket, status, expired from login_ticket where ticket = ?
2021-11-16 22:02:43.875 DEBUG 35792 --- [main] c.n.c.d.L.selectByTicket                 : ==> Parameters: abc(String)
2021-11-16 22:02:43.898 DEBUG 35792 --- [main] c.n.c.d.L.selectByTicket                 : <==      Total: 1
2021-11-16 22:02:43.914  INFO 35792 --- [SpringContextShutdownHook] com.zaxxer.hikari.HikariDataSource       : HikariPool-1 - Shutdown initiated...
2021-11-16 22:02:43.918  INFO 35792 --- [SpringContextShutdownHook] com.zaxxer.hikari.HikariDataSource       : HikariPool-1 - Shutdown completed.
2021-11-16 22:03:12.766  INFO 39360 --- [main] com.nowcoder.community.LoginTicketTests  : Starting LoginTicketTests using Java 14.0.1 on LAPTOP-5CRCV1LI with PID 39360 (started by Real in D:\Java\IdeaProjects\community)
2021-11-16 22:03:12.767 DEBUG 39360 --- [main] com.nowcoder.community.LoginTicketTests  : Running with Spring Boot v2.4.10, Spring v5.3.9
2021-11-16 22:03:12.768  INFO 39360 --- [main] com.nowcoder.community.LoginTicketTests  : No active profile set, falling back to default profiles: default
2021-11-16 22:03:14.151  INFO 39360 --- [main] o.s.b.a.w.s.WelcomePageHandlerMapping    : Adding welcome page template: index
2021-11-16 22:03:14.377  INFO 39360 --- [main] com.nowcoder.community.LoginTicketTests  : Started LoginTicketTests in 1.903 seconds (JVM running for 2.574)
2021-11-16 22:03:14.745  INFO 39360 --- [main] com.zaxxer.hikari.HikariDataSource       : HikariPool-1 - Starting...
2021-11-16 22:03:15.012  INFO 39360 --- [main] com.zaxxer.hikari.HikariDataSource       : HikariPool-1 - Start completed.
2021-11-16 22:03:15.018 DEBUG 39360 --- [main] c.n.c.d.LoginTicketMapper.updateStatus   : ==>  Preparing: update login_ticket set status = ? where ticket = ?
2021-11-16 22:03:15.041 DEBUG 39360 --- [main] c.n.c.d.LoginTicketMapper.updateStatus   : ==> Parameters: 1(Integer), abc(String)
2021-11-16 22:03:15.046 DEBUG 39360 --- [main] c.n.c.d.LoginTicketMapper.updateStatus   : <==    Updates: 1
2021-11-16 22:03:15.050 DEBUG 39360 --- [main] c.n.c.d.L.selectByTicket                 : ==>  Preparing: select id, user_id, ticket, status, expired from login_ticket where ticket = ?
2021-11-16 22:03:15.051 DEBUG 39360 --- [main] c.n.c.d.L.selectByTicket                 : ==> Parameters: abc(String)
2021-11-16 22:03:15.074 DEBUG 39360 --- [main] c.n.c.d.L.selectByTicket                 : <==      Total: 1
2021-11-16 22:03:15.089  INFO 39360 --- [SpringContextShutdownHook] com.zaxxer.hikari.HikariDataSource       : HikariPool-1 - Shutdown initiated...
2021-11-16 22:03:15.093  INFO 39360 --- [SpringContextShutdownHook] com.zaxxer.hikari.HikariDataSource       : HikariPool-1 - Shutdown completed.
2021-11-16 23:47:59.897  INFO 39732 --- [main] com.nowcoder.community.LoginTicketTests  : Starting LoginTicketTests using Java 14.0.1 on LAPTOP-5CRCV1LI with PID 39732 (started by Real in D:\Java\IdeaProjects\community)
2021-11-16 23:47:59.898 DEBUG 39732 --- [main] com.nowcoder.community.LoginTicketTests  : Running with Spring Boot v2.4.10, Spring v5.3.9
2021-11-16 23:47:59.899  INFO 39732 --- [main] com.nowcoder.community.LoginTicketTests  : No active profile set, falling back to default profiles: default
2021-11-16 23:48:01.293  INFO 39732 --- [main] o.s.b.a.w.s.WelcomePageHandlerMapping    : Adding welcome page template: index
2021-11-16 23:48:01.546  INFO 39732 --- [main] com.nowcoder.community.LoginTicketTests  : Started LoginTicketTests in 1.954 seconds (JVM running for 2.796)
2021-11-16 23:48:01.925  INFO 39732 --- [main] com.zaxxer.hikari.HikariDataSource       : HikariPool-1 - Starting...
2021-11-16 23:48:02.200  INFO 39732 --- [main] com.zaxxer.hikari.HikariDataSource       : HikariPool-1 - Start completed.
2021-11-16 23:48:02.206 DEBUG 39732 --- [main] c.n.c.d.LoginTicketMapper.updateStatus   : ==>  Preparing: update login_ticket set status = ? where ticket = ?
2021-11-16 23:48:02.230 DEBUG 39732 --- [main] c.n.c.d.LoginTicketMapper.updateStatus   : ==> Parameters: 1(Integer), abc(String)
2021-11-16 23:48:02.233 DEBUG 39732 --- [main] c.n.c.d.LoginTicketMapper.updateStatus   : <==    Updates: 1
2021-11-16 23:48:02.237 DEBUG 39732 --- [main] c.n.c.d.L.selectByTicket                 : ==>  Preparing: select id, user_id, ticket, status, expired from login_ticket where ticket = ?
2021-11-16 23:48:02.238 DEBUG 39732 --- [main] c.n.c.d.L.selectByTicket                 : ==> Parameters: abc(String)
2021-11-16 23:48:02.258 DEBUG 39732 --- [main] c.n.c.d.L.selectByTicket                 : <==      Total: 1
2021-11-16 23:48:02.271  INFO 39732 --- [SpringContextShutdownHook] com.zaxxer.hikari.HikariDataSource       : HikariPool-1 - Shutdown initiated...
2021-11-16 23:48:02.274  INFO 39732 --- [SpringContextShutdownHook] com.zaxxer.hikari.HikariDataSource       : HikariPool-1 - Shutdown completed.
2021-11-16 23:48:15.987  INFO 25524 --- [restartedMain] c.n.community.CommunityApplication       : Starting CommunityApplication using Java 14.0.1 on LAPTOP-5CRCV1LI with PID 25524 (D:\Java\IdeaProjects\community\target\classes started by Real in D:\Java\IdeaProjects\community)
2021-11-16 23:48:15.989 DEBUG 25524 --- [restartedMain] c.n.community.CommunityApplication       : Running with Spring Boot v2.4.10, Spring v5.3.9
2021-11-16 23:48:15.989  INFO 25524 --- [restartedMain] c.n.community.CommunityApplication       : No active profile set, falling back to default profiles: default
2021-11-16 23:48:16.021  INFO 25524 --- [restartedMain] .e.DevToolsPropertyDefaultsPostProcessor : Devtools property defaults active! Set 'spring.devtools.add-properties' to 'false' to disable
2021-11-16 23:48:16.021  INFO 25524 --- [restartedMain] .e.DevToolsPropertyDefaultsPostProcessor : For additional web related logging consider setting the 'logging.level.web' property to 'DEBUG'
2021-11-16 23:48:16.939  INFO 25524 --- [restartedMain] o.s.b.w.embedded.tomcat.TomcatWebServer  : Tomcat initialized with port(s): 8080 (http)
2021-11-16 23:48:16.948  INFO 25524 --- [restartedMain] o.apache.catalina.core.StandardService   : Starting service [Tomcat]
2021-11-16 23:48:16.948  INFO 25524 --- [restartedMain] org.apache.catalina.core.StandardEngine  : Starting Servlet engine: [Apache Tomcat/9.0.52]
2021-11-16 23:48:17.034  INFO 25524 --- [restartedMain] o.a.c.c.C.[.[localhost].[/community]     : Initializing Spring embedded WebApplicationContext
2021-11-16 23:48:17.034  INFO 25524 --- [restartedMain] w.s.c.ServletWebServerApplicationContext : Root WebApplicationContext: initialization completed in 1013 ms
2021-11-16 23:48:17.562  INFO 25524 --- [restartedMain] o.s.b.a.w.s.WelcomePageHandlerMapping    : Adding welcome page template: index
2021-11-16 23:48:17.740  INFO 25524 --- [restartedMain] o.s.b.d.a.OptionalLiveReloadServer       : LiveReload server is running on port 35729
2021-11-16 23:48:17.791  INFO 25524 --- [restartedMain] o.s.b.w.embedded.tomcat.TomcatWebServer  : Tomcat started on port(s): 8080 (http) with context path '/community'
2021-11-16 23:48:17.805  INFO 25524 --- [restartedMain] c.n.community.CommunityApplication       : Started CommunityApplication in 2.136 seconds (JVM running for 2.742)
2021-11-16 23:48:27.136  INFO 25524 --- [http-nio-8080-exec-1] o.a.c.c.C.[.[localhost].[/community]     : Initializing Spring DispatcherServlet 'dispatcherServlet'
2021-11-16 23:48:27.136  INFO 25524 --- [http-nio-8080-exec-1] o.s.web.servlet.DispatcherServlet        : Initializing Servlet 'dispatcherServlet'
2021-11-16 23:48:27.137  INFO 25524 --- [http-nio-8080-exec-1] o.s.web.servlet.DispatcherServlet        : Completed initialization in 1 ms
2021-11-16 23:48:27.176  INFO 25524 --- [http-nio-8080-exec-1] com.zaxxer.hikari.HikariDataSource       : HikariPool-1 - Starting...
2021-11-16 23:48:27.412  INFO 25524 --- [http-nio-8080-exec-1] com.zaxxer.hikari.HikariDataSource       : HikariPool-1 - Start completed.
2021-11-16 23:48:27.421 DEBUG 25524 --- [http-nio-8080-exec-1] c.n.c.d.D.selectDiscussPostRows          : ==>  Preparing: select count(id) from discuss_post where status != 2
2021-11-16 23:48:27.449 DEBUG 25524 --- [http-nio-8080-exec-1] c.n.c.d.D.selectDiscussPostRows          : ==> Parameters: 
2021-11-16 23:48:27.481 DEBUG 25524 --- [http-nio-8080-exec-1] c.n.c.d.D.selectDiscussPostRows          : <==      Total: 1
2021-11-16 23:48:27.488 DEBUG 25524 --- [http-nio-8080-exec-1] c.n.c.d.D.selectDiscussPosts             : ==>  Preparing: select id, user_id, title, content, type, status, create_time, comment_count, score from discuss_post where status != 2 order by type desc, create_time desc limit ?, ?
2021-11-16 23:48:27.489 DEBUG 25524 --- [http-nio-8080-exec-1] c.n.c.d.D.selectDiscussPosts             : ==> Parameters: 0(Integer), 10(Integer)
2021-11-16 23:48:27.498 DEBUG 25524 --- [http-nio-8080-exec-1] c.n.c.d.D.selectDiscussPosts             : <==      Total: 10
2021-11-16 23:48:27.499 DEBUG 25524 --- [http-nio-8080-exec-1] c.n.community.dao.UserMapper.selectById  : ==>  Preparing: select id, username, password, salt, email, type, status, activation_code, header_url, create_time from user where id = ?
2021-11-16 23:48:27.500 DEBUG 25524 --- [http-nio-8080-exec-1] c.n.community.dao.UserMapper.selectById  : ==> Parameters: 11(Integer)
2021-11-16 23:48:27.503 DEBUG 25524 --- [http-nio-8080-exec-1] c.n.community.dao.UserMapper.selectById  : <==      Total: 1
2021-11-16 23:48:27.505 DEBUG 25524 --- [http-nio-8080-exec-1] c.n.community.dao.UserMapper.selectById  : ==>  Preparing: select id, username, password, salt, email, type, status, activation_code, header_url, create_time from user where id = ?
2021-11-16 23:48:27.505 DEBUG 25524 --- [http-nio-8080-exec-1] c.n.community.dao.UserMapper.selectById  : ==> Parameters: 111(Integer)
2021-11-16 23:48:27.508 DEBUG 25524 --- [http-nio-8080-exec-1] c.n.community.dao.UserMapper.selectById  : <==      Total: 1
2021-11-16 23:48:27.508 DEBUG 25524 --- [http-nio-8080-exec-1] c.n.community.dao.UserMapper.selectById  : ==>  Preparing: select id, username, password, salt, email, type, status, activation_code, header_url, create_time from user where id = ?
2021-11-16 23:48:27.509 DEBUG 25524 --- [http-nio-8080-exec-1] c.n.community.dao.UserMapper.selectById  : ==> Parameters: 149(Integer)
2021-11-16 23:48:27.511 DEBUG 25524 --- [http-nio-8080-exec-1] c.n.community.dao.UserMapper.selectById  : <==      Total: 1
2021-11-16 23:48:27.511 DEBUG 25524 --- [http-nio-8080-exec-1] c.n.community.dao.UserMapper.selectById  : ==>  Preparing: select id, username, password, salt, email, type, status, activation_code, header_url, create_time from user where id = ?
2021-11-16 23:48:27.512 DEBUG 25524 --- [http-nio-8080-exec-1] c.n.community.dao.UserMapper.selectById  : ==> Parameters: 149(Integer)
2021-11-16 23:48:27.514 DEBUG 25524 --- [http-nio-8080-exec-1] c.n.community.dao.UserMapper.selectById  : <==      Total: 1
2021-11-16 23:48:27.515 DEBUG 25524 --- [http-nio-8080-exec-1] c.n.community.dao.UserMapper.selectById  : ==>  Preparing: select id, username, password, salt, email, type, status, activation_code, header_url, create_time from user where id = ?
2021-11-16 23:48:27.516 DEBUG 25524 --- [http-nio-8080-exec-1] c.n.community.dao.UserMapper.selectById  : ==> Parameters: 149(Integer)
2021-11-16 23:48:27.518 DEBUG 25524 --- [http-nio-8080-exec-1] c.n.community.dao.UserMapper.selectById  : <==      Total: 1
2021-11-16 23:48:27.519 DEBUG 25524 --- [http-nio-8080-exec-1] c.n.community.dao.UserMapper.selectById  : ==>  Preparing: select id, username, password, salt, email, type, status, activation_code, header_url, create_time from user where id = ?
2021-11-16 23:48:27.519 DEBUG 25524 --- [http-nio-8080-exec-1] c.n.community.dao.UserMapper.selectById  : ==> Parameters: 146(Integer)
2021-11-16 23:48:27.521 DEBUG 25524 --- [http-nio-8080-exec-1] c.n.community.dao.UserMapper.selectById  : <==      Total: 1
2021-11-16 23:48:27.522 DEBUG 25524 --- [http-nio-8080-exec-1] c.n.community.dao.UserMapper.selectById  : ==>  Preparing: select id, username, password, salt, email, type, status, activation_code, header_url, create_time from user where id = ?
2021-11-16 23:48:27.524 DEBUG 25524 --- [http-nio-8080-exec-1] c.n.community.dao.UserMapper.selectById  : ==> Parameters: 145(Integer)
2021-11-16 23:48:27.533 DEBUG 25524 --- [http-nio-8080-exec-1] c.n.community.dao.UserMapper.selectById  : <==      Total: 1
2021-11-16 23:48:27.534 DEBUG 25524 --- [http-nio-8080-exec-1] c.n.community.dao.UserMapper.selectById  : ==>  Preparing: select id, username, password, salt, email, type, status, activation_code, header_url, create_time from user where id = ?
2021-11-16 23:48:27.535 DEBUG 25524 --- [http-nio-8080-exec-1] c.n.community.dao.UserMapper.selectById  : ==> Parameters: 138(Integer)
2021-11-16 23:48:27.538 DEBUG 25524 --- [http-nio-8080-exec-1] c.n.community.dao.UserMapper.selectById  : <==      Total: 1
2021-11-16 23:48:27.539 DEBUG 25524 --- [http-nio-8080-exec-1] c.n.community.dao.UserMapper.selectById  : ==>  Preparing: select id, username, password, salt, email, type, status, activation_code, header_url, create_time from user where id = ?
2021-11-16 23:48:27.541 DEBUG 25524 --- [http-nio-8080-exec-1] c.n.community.dao.UserMapper.selectById  : ==> Parameters: 138(Integer)
2021-11-16 23:48:27.542 DEBUG 25524 --- [http-nio-8080-exec-1] c.n.community.dao.UserMapper.selectById  : <==      Total: 1
2021-11-16 23:48:27.543 DEBUG 25524 --- [http-nio-8080-exec-1] c.n.community.dao.UserMapper.selectById  : ==>  Preparing: select id, username, password, salt, email, type, status, activation_code, header_url, create_time from user where id = ?
2021-11-16 23:48:27.543 DEBUG 25524 --- [http-nio-8080-exec-1] c.n.community.dao.UserMapper.selectById  : ==> Parameters: 103(Integer)
2021-11-16 23:48:27.544 DEBUG 25524 --- [http-nio-8080-exec-1] c.n.community.dao.UserMapper.selectById  : <==      Total: 1
2021-11-16 23:49:20.703 DEBUG 25524 --- [http-nio-8080-exec-3] c.n.c.dao.UserMapper.selectByName        : ==>  Preparing: select id, username, password, salt, email, type, status, activation_code, header_url, create_time from user where username = ?
2021-11-16 23:49:20.703 DEBUG 25524 --- [http-nio-8080-exec-3] c.n.c.dao.UserMapper.selectByName        : ==> Parameters: test(String)
2021-11-16 23:49:20.705 DEBUG 25524 --- [http-nio-8080-exec-3] c.n.c.dao.UserMapper.selectByName        : <==      Total: 1
2021-11-16 23:49:41.406 DEBUG 25524 --- [http-nio-8080-exec-9] c.n.c.dao.UserMapper.selectByName        : ==>  Preparing: select id, username, password, salt, email, type, status, activation_code, header_url, create_time from user where username = ?
2021-11-16 23:49:41.407 DEBUG 25524 --- [http-nio-8080-exec-9] c.n.c.dao.UserMapper.selectByName        : ==> Parameters: test(String)
2021-11-16 23:49:41.408 DEBUG 25524 --- [http-nio-8080-exec-9] c.n.c.dao.UserMapper.selectByName        : <==      Total: 1
2021-11-16 23:57:01.458  INFO 28324 --- [restartedMain] c.n.community.CommunityApplication       : Starting CommunityApplication using Java 14.0.1 on LAPTOP-5CRCV1LI with PID 28324 (D:\Java\IdeaProjects\community\target\classes started by Real in D:\Java\IdeaProjects\community)
2021-11-16 23:57:01.460 DEBUG 28324 --- [restartedMain] c.n.community.CommunityApplication       : Running with Spring Boot v2.4.10, Spring v5.3.9
2021-11-16 23:57:01.460  INFO 28324 --- [restartedMain] c.n.community.CommunityApplication       : No active profile set, falling back to default profiles: default
2021-11-16 23:57:01.495  INFO 28324 --- [restartedMain] .e.DevToolsPropertyDefaultsPostProcessor : Devtools property defaults active! Set 'spring.devtools.add-properties' to 'false' to disable
2021-11-16 23:57:01.495  INFO 28324 --- [restartedMain] .e.DevToolsPropertyDefaultsPostProcessor : For additional web related logging consider setting the 'logging.level.web' property to 'DEBUG'
2021-11-16 23:57:02.443  INFO 28324 --- [restartedMain] o.s.b.w.embedded.tomcat.TomcatWebServer  : Tomcat initialized with port(s): 8080 (http)
2021-11-16 23:57:02.451  INFO 28324 --- [restartedMain] o.apache.catalina.core.StandardService   : Starting service [Tomcat]
2021-11-16 23:57:02.452  INFO 28324 --- [restartedMain] org.apache.catalina.core.StandardEngine  : Starting Servlet engine: [Apache Tomcat/9.0.52]
2021-11-16 23:57:02.537  INFO 28324 --- [restartedMain] o.a.c.c.C.[.[localhost].[/community]     : Initializing Spring embedded WebApplicationContext
2021-11-16 23:57:02.538  INFO 28324 --- [restartedMain] w.s.c.ServletWebServerApplicationContext : Root WebApplicationContext: initialization completed in 1042 ms
2021-11-16 23:57:03.110  INFO 28324 --- [restartedMain] o.s.b.a.w.s.WelcomePageHandlerMapping    : Adding welcome page template: index
2021-11-16 23:57:03.236  INFO 28324 --- [restartedMain] o.s.b.d.a.OptionalLiveReloadServer       : LiveReload server is running on port 35729
2021-11-16 23:57:03.277  INFO 28324 --- [restartedMain] o.s.b.w.embedded.tomcat.TomcatWebServer  : Tomcat started on port(s): 8080 (http) with context path '/community'
2021-11-16 23:57:03.289  INFO 28324 --- [restartedMain] c.n.community.CommunityApplication       : Started CommunityApplication in 2.166 seconds (JVM running for 2.892)
2021-11-16 23:57:05.495  INFO 28324 --- [http-nio-8080-exec-1] o.a.c.c.C.[.[localhost].[/community]     : Initializing Spring DispatcherServlet 'dispatcherServlet'
2021-11-16 23:57:05.495  INFO 28324 --- [http-nio-8080-exec-1] o.s.web.servlet.DispatcherServlet        : Initializing Servlet 'dispatcherServlet'
2021-11-16 23:57:05.496  INFO 28324 --- [http-nio-8080-exec-1] o.s.web.servlet.DispatcherServlet        : Completed initialization in 0 ms
2021-11-16 23:57:05.710 ERROR 28324 --- [http-nio-8080-exec-1] org.thymeleaf.TemplateEngine             : [THYMELEAF][http-nio-8080-exec-1] Exception processing template "index": An error happened during template parsing (template: "class path resource [templates/index.html]")

org.thymeleaf.exceptions.TemplateInputException: An error happened during template parsing (template: "class path resource [templates/index.html]")
	at org.thymeleaf.templateparser.markup.AbstractMarkupTemplateParser.parse(AbstractMarkupTemplateParser.java:241) ~[thymeleaf-3.0.12.RELEASE.jar:3.0.12.RELEASE]
	at org.thymeleaf.templateparser.markup.AbstractMarkupTemplateParser.parseStandalone(AbstractMarkupTemplateParser.java:100) ~[thymeleaf-3.0.12.RELEASE.jar:3.0.12.RELEASE]
	at org.thymeleaf.engine.TemplateManager.parseAndProcess(TemplateManager.java:666) ~[thymeleaf-3.0.12.RELEASE.jar:3.0.12.RELEASE]
	at org.thymeleaf.TemplateEngine.process(TemplateEngine.java:1098) ~[thymeleaf-3.0.12.RELEASE.jar:3.0.12.RELEASE]
	at org.thymeleaf.TemplateEngine.process(TemplateEngine.java:1072) ~[thymeleaf-3.0.12.RELEASE.jar:3.0.12.RELEASE]
	at org.thymeleaf.spring5.view.ThymeleafView.renderFragment(ThymeleafView.java:366) ~[thymeleaf-spring5-3.0.12.RELEASE.jar:3.0.12.RELEASE]
	at org.thymeleaf.spring5.view.ThymeleafView.render(ThymeleafView.java:190) ~[thymeleaf-spring5-3.0.12.RELEASE.jar:3.0.12.RELEASE]
	at org.springframework.web.servlet.DispatcherServlet.render(DispatcherServlet.java:1397) ~[spring-webmvc-5.3.9.jar:5.3.9]
	at org.springframework.web.servlet.DispatcherServlet.processDispatchResult(DispatcherServlet.java:1142) ~[spring-webmvc-5.3.9.jar:5.3.9]
	at org.springframework.web.servlet.DispatcherServlet.doDispatch(DispatcherServlet.java:1081) ~[spring-webmvc-5.3.9.jar:5.3.9]
	at org.springframework.web.servlet.DispatcherServlet.doService(DispatcherServlet.java:963) ~[spring-webmvc-5.3.9.jar:5.3.9]
	at org.springframework.web.servlet.FrameworkServlet.processRequest(FrameworkServlet.java:1006) ~[spring-webmvc-5.3.9.jar:5.3.9]
	at org.springframework.web.servlet.FrameworkServlet.doGet(FrameworkServlet.java:898) ~[spring-webmvc-5.3.9.jar:5.3.9]
	at javax.servlet.http.HttpServlet.service(HttpServlet.java:655) ~[tomcat-embed-core-9.0.52.jar:4.0.FR]
	at org.springframework.web.servlet.FrameworkServlet.service(FrameworkServlet.java:883) ~[spring-webmvc-5.3.9.jar:5.3.9]
	at javax.servlet.http.HttpServlet.service(HttpServlet.java:764) ~[tomcat-embed-core-9.0.52.jar:4.0.FR]
	at org.apache.catalina.core.ApplicationFilterChain.internalDoFilter(ApplicationFilterChain.java:227) ~[tomcat-embed-core-9.0.52.jar:9.0.52]
	at org.apache.catalina.core.ApplicationFilterChain.doFilter(ApplicationFilterChain.java:162) ~[tomcat-embed-core-9.0.52.jar:9.0.52]
	at org.apache.tomcat.websocket.server.WsFilter.doFilter(WsFilter.java:53) ~[tomcat-embed-websocket-9.0.52.jar:9.0.52]
	at org.apache.catalina.core.ApplicationFilterChain.internalDoFilter(ApplicationFilterChain.java:189) ~[tomcat-embed-core-9.0.52.jar:9.0.52]
	at org.apache.catalina.core.ApplicationFilterChain.doFilter(ApplicationFilterChain.java:162) ~[tomcat-embed-core-9.0.52.jar:9.0.52]
	at org.springframework.web.filter.RequestContextFilter.doFilterInternal(RequestContextFilter.java:100) ~[spring-web-5.3.9.jar:5.3.9]
	at org.springframework.web.filter.OncePerRequestFilter.doFilter(OncePerRequestFilter.java:119) ~[spring-web-5.3.9.jar:5.3.9]
	at org.apache.catalina.core.ApplicationFilterChain.internalDoFilter(ApplicationFilterChain.java:189) ~[tomcat-embed-core-9.0.52.jar:9.0.52]
	at org.apache.catalina.core.ApplicationFilterChain.doFilter(ApplicationFilterChain.java:162) ~[tomcat-embed-core-9.0.52.jar:9.0.52]
	at org.springframework.web.filter.FormContentFilter.doFilterInternal(FormContentFilter.java:93) ~[spring-web-5.3.9.jar:5.3.9]
	at org.springframework.web.filter.OncePerRequestFilter.doFilter(OncePerRequestFilter.java:119) ~[spring-web-5.3.9.jar:5.3.9]
	at org.apache.catalina.core.ApplicationFilterChain.internalDoFilter(ApplicationFilterChain.java:189) ~[tomcat-embed-core-9.0.52.jar:9.0.52]
	at org.apache.catalina.core.ApplicationFilterChain.doFilter(ApplicationFilterChain.java:162) ~[tomcat-embed-core-9.0.52.jar:9.0.52]
	at org.springframework.web.filter.CharacterEncodingFilter.doFilterInternal(CharacterEncodingFilter.java:201) ~[spring-web-5.3.9.jar:5.3.9]
	at org.springframework.web.filter.OncePerRequestFilter.doFilter(OncePerRequestFilter.java:119) ~[spring-web-5.3.9.jar:5.3.9]
	at org.apache.catalina.core.ApplicationFilterChain.internalDoFilter(ApplicationFilterChain.java:189) ~[tomcat-embed-core-9.0.52.jar:9.0.52]
	at org.apache.catalina.core.ApplicationFilterChain.doFilter(ApplicationFilterChain.java:162) ~[tomcat-embed-core-9.0.52.jar:9.0.52]
	at org.apache.catalina.core.StandardWrapperValve.invoke(StandardWrapperValve.java:197) ~[tomcat-embed-core-9.0.52.jar:9.0.52]
	at org.apache.catalina.core.StandardContextValve.invoke(StandardContextValve.java:97) ~[tomcat-embed-core-9.0.52.jar:9.0.52]
	at org.apache.catalina.authenticator.AuthenticatorBase.invoke(AuthenticatorBase.java:542) ~[tomcat-embed-core-9.0.52.jar:9.0.52]
	at org.apache.catalina.core.StandardHostValve.invoke(StandardHostValve.java:135) ~[tomcat-embed-core-9.0.52.jar:9.0.52]
	at org.apache.catalina.valves.ErrorReportValve.invoke(ErrorReportValve.java:92) ~[tomcat-embed-core-9.0.52.jar:9.0.52]
	at org.apache.catalina.core.StandardEngineValve.invoke(StandardEngineValve.java:78) ~[tomcat-embed-core-9.0.52.jar:9.0.52]
	at org.apache.catalina.connector.CoyoteAdapter.service(CoyoteAdapter.java:357) ~[tomcat-embed-core-9.0.52.jar:9.0.52]
	at org.apache.coyote.http11.Http11Processor.service(Http11Processor.java:382) ~[tomcat-embed-core-9.0.52.jar:9.0.52]
	at org.apache.coyote.AbstractProcessorLight.process(AbstractProcessorLight.java:65) ~[tomcat-embed-core-9.0.52.jar:9.0.52]
	at org.apache.coyote.AbstractProtocol$ConnectionHandler.process(AbstractProtocol.java:893) ~[tomcat-embed-core-9.0.52.jar:9.0.52]
	at org.apache.tomcat.util.net.NioEndpoint$SocketProcessor.doRun(NioEndpoint.java:1726) ~[tomcat-embed-core-9.0.52.jar:9.0.52]
	at org.apache.tomcat.util.net.SocketProcessorBase.run(SocketProcessorBase.java:49) ~[tomcat-embed-core-9.0.52.jar:9.0.52]
	at org.apache.tomcat.util.threads.ThreadPoolExecutor.runWorker(ThreadPoolExecutor.java:1191) ~[tomcat-embed-core-9.0.52.jar:9.0.52]
	at org.apache.tomcat.util.threads.ThreadPoolExecutor$Worker.run(ThreadPoolExecutor.java:659) ~[tomcat-embed-core-9.0.52.jar:9.0.52]
	at org.apache.tomcat.util.threads.TaskThread$WrappingRunnable.run(TaskThread.java:61) ~[tomcat-embed-core-9.0.52.jar:9.0.52]
	at java.base/java.lang.Thread.run(Thread.java:832) ~[na:na]
Caused by: org.attoparser.ParseException: Exception evaluating SpringEL expression: "page.rows>0" (template: "index" - line 144, col 23)
	at org.attoparser.MarkupParser.parseDocument(MarkupParser.java:393) ~[attoparser-2.0.5.RELEASE.jar:2.0.5.RELEASE]
	at org.attoparser.MarkupParser.parse(MarkupParser.java:257) ~[attoparser-2.0.5.RELEASE.jar:2.0.5.RELEASE]
	at org.thymeleaf.templateparser.markup.AbstractMarkupTemplateParser.parse(AbstractMarkupTemplateParser.java:230) ~[thymeleaf-3.0.12.RELEASE.jar:3.0.12.RELEASE]
	... 48 common frames omitted
Caused by: org.thymeleaf.exceptions.TemplateProcessingException: Exception evaluating SpringEL expression: "page.rows>0" (template: "index" - line 144, col 23)
	at org.thymeleaf.spring5.expression.SPELVariableExpressionEvaluator.evaluate(SPELVariableExpressionEvaluator.java:292) ~[thymeleaf-spring5-3.0.12.RELEASE.jar:3.0.12.RELEASE]
	at org.thymeleaf.standard.expression.VariableExpression.executeVariableExpression(VariableExpression.java:166) ~[thymeleaf-3.0.12.RELEASE.jar:3.0.12.RELEASE]
	at org.thymeleaf.standard.expression.SimpleExpression.executeSimple(SimpleExpression.java:66) ~[thymeleaf-3.0.12.RELEASE.jar:3.0.12.RELEASE]
	at org.thymeleaf.standard.expression.Expression.execute(Expression.java:109) ~[thymeleaf-3.0.12.RELEASE.jar:3.0.12.RELEASE]
	at org.thymeleaf.standard.expression.Expression.execute(Expression.java:138) ~[thymeleaf-3.0.12.RELEASE.jar:3.0.12.RELEASE]
	at org.thymeleaf.standard.expression.Expression.execute(Expression.java:125) ~[thymeleaf-3.0.12.RELEASE.jar:3.0.12.RELEASE]
	at org.thymeleaf.standard.processor.StandardIfTagProcessor.isVisible(StandardIfTagProcessor.java:59) ~[thymeleaf-3.0.12.RELEASE.jar:3.0.12.RELEASE]
	at org.thymeleaf.standard.processor.AbstractStandardConditionalVisibilityTagProcessor.doProcess(AbstractStandardConditionalVisibilityTagProcessor.java:61) ~[thymeleaf-3.0.12.RELEASE.jar:3.0.12.RELEASE]
	at org.thymeleaf.processor.element.AbstractAttributeTagProcessor.doProcess(AbstractAttributeTagProcessor.java:74) ~[thymeleaf-3.0.12.RELEASE.jar:3.0.12.RELEASE]
	at org.thymeleaf.processor.element.AbstractElementTagProcessor.process(AbstractElementTagProcessor.java:95) ~[thymeleaf-3.0.12.RELEASE.jar:3.0.12.RELEASE]
	at org.thymeleaf.util.ProcessorConfigurationUtils$ElementTagProcessorWrapper.process(ProcessorConfigurationUtils.java:633) ~[thymeleaf-3.0.12.RELEASE.jar:3.0.12.RELEASE]
	at org.thymeleaf.engine.ProcessorTemplateHandler.handleOpenElement(ProcessorTemplateHandler.java:1314) ~[thymeleaf-3.0.12.RELEASE.jar:3.0.12.RELEASE]
	at org.thymeleaf.engine.TemplateHandlerAdapterMarkupHandler.handleOpenElementEnd(TemplateHandlerAdapterMarkupHandler.java:304) ~[thymeleaf-3.0.12.RELEASE.jar:3.0.12.RELEASE]
	at org.thymeleaf.templateparser.markup.InlinedOutputExpressionMarkupHandler$InlineMarkupAdapterPreProcessorHandler.handleOpenElementEnd(InlinedOutputExpressionMarkupHandler.java:278) ~[thymeleaf-3.0.12.RELEASE.jar:3.0.12.RELEASE]
	at org.thymeleaf.standard.inline.OutputExpressionInlinePreProcessorHandler.handleOpenElementEnd(OutputExpressionInlinePreProcessorHandler.java:186) ~[thymeleaf-3.0.12.RELEASE.jar:3.0.12.RELEASE]
	at org.thymeleaf.templateparser.markup.InlinedOutputExpressionMarkupHandler.handleOpenElementEnd(InlinedOutputExpressionMarkupHandler.java:124) ~[thymeleaf-3.0.12.RELEASE.jar:3.0.12.RELEASE]
	at org.attoparser.HtmlElement.handleOpenElementEnd(HtmlElement.java:109) ~[attoparser-2.0.5.RELEASE.jar:2.0.5.RELEASE]
	at org.attoparser.HtmlMarkupHandler.handleOpenElementEnd(HtmlMarkupHandler.java:297) ~[attoparser-2.0.5.RELEASE.jar:2.0.5.RELEASE]
	at org.attoparser.MarkupEventProcessorHandler.handleOpenElementEnd(MarkupEventProcessorHandler.java:402) ~[attoparser-2.0.5.RELEASE.jar:2.0.5.RELEASE]
	at org.attoparser.ParsingElementMarkupUtil.parseOpenElement(ParsingElementMarkupUtil.java:159) ~[attoparser-2.0.5.RELEASE.jar:2.0.5.RELEASE]
	at org.attoparser.MarkupParser.parseBuffer(MarkupParser.java:710) ~[attoparser-2.0.5.RELEASE.jar:2.0.5.RELEASE]
	at org.attoparser.MarkupParser.parseDocument(MarkupParser.java:301) ~[attoparser-2.0.5.RELEASE.jar:2.0.5.RELEASE]
	... 50 common frames omitted
Caused by: org.springframework.expression.spel.SpelEvaluationException: EL1007E: Property or field 'rows' cannot be found on null
	at org.springframework.expression.spel.ast.PropertyOrFieldReference.readProperty(PropertyOrFieldReference.java:213) ~[spring-expression-5.3.9.jar:5.3.9]
	at org.springframework.expression.spel.ast.PropertyOrFieldReference.getValueInternal(PropertyOrFieldReference.java:104) ~[spring-expression-5.3.9.jar:5.3.9]
	at org.springframework.expression.spel.ast.PropertyOrFieldReference.access$000(PropertyOrFieldReference.java:51) ~[spring-expression-5.3.9.jar:5.3.9]
	at org.springframework.expression.spel.ast.PropertyOrFieldReference$AccessorLValue.getValue(PropertyOrFieldReference.java:406) ~[spring-expression-5.3.9.jar:5.3.9]
	at org.springframework.expression.spel.ast.CompoundExpression.getValueInternal(CompoundExpression.java:92) ~[spring-expression-5.3.9.jar:5.3.9]
	at org.springframework.expression.spel.ast.OpGT.getValueInternal(OpGT.java:47) ~[spring-expression-5.3.9.jar:5.3.9]
	at org.springframework.expression.spel.ast.OpGT.getValueInternal(OpGT.java:37) ~[spring-expression-5.3.9.jar:5.3.9]
	at org.springframework.expression.spel.ast.SpelNodeImpl.getValue(SpelNodeImpl.java:112) ~[spring-expression-5.3.9.jar:5.3.9]
	at org.springframework.expression.spel.standard.SpelExpression.getValue(SpelExpression.java:337) ~[spring-expression-5.3.9.jar:5.3.9]
	at org.thymeleaf.spring5.expression.SPELVariableExpressionEvaluator.evaluate(SPELVariableExpressionEvaluator.java:265) ~[thymeleaf-spring5-3.0.12.RELEASE.jar:3.0.12.RELEASE]
	... 71 common frames omitted

2021-11-16 23:57:05.712 ERROR 28324 --- [http-nio-8080-exec-1] o.a.c.c.C.[.[.[.[dispatcherServlet]      : Servlet.service() for servlet [dispatcherServlet] in context with path [/community] threw exception [Request processing failed; nested exception is org.thymeleaf.exceptions.TemplateInputException: An error happened during template parsing (template: "class path resource [templates/index.html]")] with root cause

org.springframework.expression.spel.SpelEvaluationException: EL1007E: Property or field 'rows' cannot be found on null
	at org.springframework.expression.spel.ast.PropertyOrFieldReference.readProperty(PropertyOrFieldReference.java:213) ~[spring-expression-5.3.9.jar:5.3.9]
	at org.springframework.expression.spel.ast.PropertyOrFieldReference.getValueInternal(PropertyOrFieldReference.java:104) ~[spring-expression-5.3.9.jar:5.3.9]
	at org.springframework.expression.spel.ast.PropertyOrFieldReference.access$000(PropertyOrFieldReference.java:51) ~[spring-expression-5.3.9.jar:5.3.9]
	at org.springframework.expression.spel.ast.PropertyOrFieldReference$AccessorLValue.getValue(PropertyOrFieldReference.java:406) ~[spring-expression-5.3.9.jar:5.3.9]
	at org.springframework.expression.spel.ast.CompoundExpression.getValueInternal(CompoundExpression.java:92) ~[spring-expression-5.3.9.jar:5.3.9]
	at org.springframework.expression.spel.ast.OpGT.getValueInternal(OpGT.java:47) ~[spring-expression-5.3.9.jar:5.3.9]
	at org.springframework.expression.spel.ast.OpGT.getValueInternal(OpGT.java:37) ~[spring-expression-5.3.9.jar:5.3.9]
	at org.springframework.expression.spel.ast.SpelNodeImpl.getValue(SpelNodeImpl.java:112) ~[spring-expression-5.3.9.jar:5.3.9]
	at org.springframework.expression.spel.standard.SpelExpression.getValue(SpelExpression.java:337) ~[spring-expression-5.3.9.jar:5.3.9]
	at org.thymeleaf.spring5.expression.SPELVariableExpressionEvaluator.evaluate(SPELVariableExpressionEvaluator.java:265) ~[thymeleaf-spring5-3.0.12.RELEASE.jar:3.0.12.RELEASE]
	at org.thymeleaf.standard.expression.VariableExpression.executeVariableExpression(VariableExpression.java:166) ~[thymeleaf-3.0.12.RELEASE.jar:3.0.12.RELEASE]
	at org.thymeleaf.standard.expression.SimpleExpression.executeSimple(SimpleExpression.java:66) ~[thymeleaf-3.0.12.RELEASE.jar:3.0.12.RELEASE]
	at org.thymeleaf.standard.expression.Expression.execute(Expression.java:109) ~[thymeleaf-3.0.12.RELEASE.jar:3.0.12.RELEASE]
	at org.thymeleaf.standard.expression.Expression.execute(Expression.java:138) ~[thymeleaf-3.0.12.RELEASE.jar:3.0.12.RELEASE]
	at org.thymeleaf.standard.expression.Expression.execute(Expression.java:125) ~[thymeleaf-3.0.12.RELEASE.jar:3.0.12.RELEASE]
	at org.thymeleaf.standard.processor.StandardIfTagProcessor.isVisible(StandardIfTagProcessor.java:59) ~[thymeleaf-3.0.12.RELEASE.jar:3.0.12.RELEASE]
	at org.thymeleaf.standard.processor.AbstractStandardConditionalVisibilityTagProcessor.doProcess(AbstractStandardConditionalVisibilityTagProcessor.java:61) ~[thymeleaf-3.0.12.RELEASE.jar:3.0.12.RELEASE]
	at org.thymeleaf.processor.element.AbstractAttributeTagProcessor.doProcess(AbstractAttributeTagProcessor.java:74) ~[thymeleaf-3.0.12.RELEASE.jar:3.0.12.RELEASE]
	at org.thymeleaf.processor.element.AbstractElementTagProcessor.process(AbstractElementTagProcessor.java:95) ~[thymeleaf-3.0.12.RELEASE.jar:3.0.12.RELEASE]
	at org.thymeleaf.util.ProcessorConfigurationUtils$ElementTagProcessorWrapper.process(ProcessorConfigurationUtils.java:633) ~[thymeleaf-3.0.12.RELEASE.jar:3.0.12.RELEASE]
	at org.thymeleaf.engine.ProcessorTemplateHandler.handleOpenElement(ProcessorTemplateHandler.java:1314) ~[thymeleaf-3.0.12.RELEASE.jar:3.0.12.RELEASE]
	at org.thymeleaf.engine.TemplateHandlerAdapterMarkupHandler.handleOpenElementEnd(TemplateHandlerAdapterMarkupHandler.java:304) ~[thymeleaf-3.0.12.RELEASE.jar:3.0.12.RELEASE]
	at org.thymeleaf.templateparser.markup.InlinedOutputExpressionMarkupHandler$InlineMarkupAdapterPreProcessorHandler.handleOpenElementEnd(InlinedOutputExpressionMarkupHandler.java:278) ~[thymeleaf-3.0.12.RELEASE.jar:3.0.12.RELEASE]
	at org.thymeleaf.standard.inline.OutputExpressionInlinePreProcessorHandler.handleOpenElementEnd(OutputExpressionInlinePreProcessorHandler.java:186) ~[thymeleaf-3.0.12.RELEASE.jar:3.0.12.RELEASE]
	at org.thymeleaf.templateparser.markup.InlinedOutputExpressionMarkupHandler.handleOpenElementEnd(InlinedOutputExpressionMarkupHandler.java:124) ~[thymeleaf-3.0.12.RELEASE.jar:3.0.12.RELEASE]
	at org.attoparser.HtmlElement.handleOpenElementEnd(HtmlElement.java:109) ~[attoparser-2.0.5.RELEASE.jar:2.0.5.RELEASE]
	at org.attoparser.HtmlMarkupHandler.handleOpenElementEnd(HtmlMarkupHandler.java:297) ~[attoparser-2.0.5.RELEASE.jar:2.0.5.RELEASE]
	at org.attoparser.MarkupEventProcessorHandler.handleOpenElementEnd(MarkupEventProcessorHandler.java:402) ~[attoparser-2.0.5.RELEASE.jar:2.0.5.RELEASE]
	at org.attoparser.ParsingElementMarkupUtil.parseOpenElement(ParsingElementMarkupUtil.java:159) ~[attoparser-2.0.5.RELEASE.jar:2.0.5.RELEASE]
	at org.attoparser.MarkupParser.parseBuffer(MarkupParser.java:710) ~[attoparser-2.0.5.RELEASE.jar:2.0.5.RELEASE]
	at org.attoparser.MarkupParser.parseDocument(MarkupParser.java:301) ~[attoparser-2.0.5.RELEASE.jar:2.0.5.RELEASE]
	at org.attoparser.MarkupParser.parse(MarkupParser.java:257) ~[attoparser-2.0.5.RELEASE.jar:2.0.5.RELEASE]
	at org.thymeleaf.templateparser.markup.AbstractMarkupTemplateParser.parse(AbstractMarkupTemplateParser.java:230) ~[thymeleaf-3.0.12.RELEASE.jar:3.0.12.RELEASE]
	at org.thymeleaf.templateparser.markup.AbstractMarkupTemplateParser.parseStandalone(AbstractMarkupTemplateParser.java:100) ~[thymeleaf-3.0.12.RELEASE.jar:3.0.12.RELEASE]
	at org.thymeleaf.engine.TemplateManager.parseAndProcess(TemplateManager.java:666) ~[thymeleaf-3.0.12.RELEASE.jar:3.0.12.RELEASE]
	at org.thymeleaf.TemplateEngine.process(TemplateEngine.java:1098) ~[thymeleaf-3.0.12.RELEASE.jar:3.0.12.RELEASE]
	at org.thymeleaf.TemplateEngine.process(TemplateEngine.java:1072) ~[thymeleaf-3.0.12.RELEASE.jar:3.0.12.RELEASE]
	at org.thymeleaf.spring5.view.ThymeleafView.renderFragment(ThymeleafView.java:366) ~[thymeleaf-spring5-3.0.12.RELEASE.jar:3.0.12.RELEASE]
	at org.thymeleaf.spring5.view.ThymeleafView.render(ThymeleafView.java:190) ~[thymeleaf-spring5-3.0.12.RELEASE.jar:3.0.12.RELEASE]
	at org.springframework.web.servlet.DispatcherServlet.render(DispatcherServlet.java:1397) ~[spring-webmvc-5.3.9.jar:5.3.9]
	at org.springframework.web.servlet.DispatcherServlet.processDispatchResult(DispatcherServlet.java:1142) ~[spring-webmvc-5.3.9.jar:5.3.9]
	at org.springframework.web.servlet.DispatcherServlet.doDispatch(DispatcherServlet.java:1081) ~[spring-webmvc-5.3.9.jar:5.3.9]
	at org.springframework.web.servlet.DispatcherServlet.doService(DispatcherServlet.java:963) ~[spring-webmvc-5.3.9.jar:5.3.9]
	at org.springframework.web.servlet.FrameworkServlet.processRequest(FrameworkServlet.java:1006) ~[spring-webmvc-5.3.9.jar:5.3.9]
	at org.springframework.web.servlet.FrameworkServlet.doGet(FrameworkServlet.java:898) ~[spring-webmvc-5.3.9.jar:5.3.9]
	at javax.servlet.http.HttpServlet.service(HttpServlet.java:655) ~[tomcat-embed-core-9.0.52.jar:4.0.FR]
	at org.springframework.web.servlet.FrameworkServlet.service(FrameworkServlet.java:883) ~[spring-webmvc-5.3.9.jar:5.3.9]
	at javax.servlet.http.HttpServlet.service(HttpServlet.java:764) ~[tomcat-embed-core-9.0.52.jar:4.0.FR]
	at org.apache.catalina.core.ApplicationFilterChain.internalDoFilter(ApplicationFilterChain.java:227) ~[tomcat-embed-core-9.0.52.jar:9.0.52]
	at org.apache.catalina.core.ApplicationFilterChain.doFilter(ApplicationFilterChain.java:162) ~[tomcat-embed-core-9.0.52.jar:9.0.52]
	at org.apache.tomcat.websocket.server.WsFilter.doFilter(WsFilter.java:53) ~[tomcat-embed-websocket-9.0.52.jar:9.0.52]
	at org.apache.catalina.core.ApplicationFilterChain.internalDoFilter(ApplicationFilterChain.java:189) ~[tomcat-embed-core-9.0.52.jar:9.0.52]
	at org.apache.catalina.core.ApplicationFilterChain.doFilter(ApplicationFilterChain.java:162) ~[tomcat-embed-core-9.0.52.jar:9.0.52]
	at org.springframework.web.filter.RequestContextFilter.doFilterInternal(RequestContextFilter.java:100) ~[spring-web-5.3.9.jar:5.3.9]
	at org.springframework.web.filter.OncePerRequestFilter.doFilter(OncePerRequestFilter.java:119) ~[spring-web-5.3.9.jar:5.3.9]
	at org.apache.catalina.core.ApplicationFilterChain.internalDoFilter(ApplicationFilterChain.java:189) ~[tomcat-embed-core-9.0.52.jar:9.0.52]
	at org.apache.catalina.core.ApplicationFilterChain.doFilter(ApplicationFilterChain.java:162) ~[tomcat-embed-core-9.0.52.jar:9.0.52]
	at org.springframework.web.filter.FormContentFilter.doFilterInternal(FormContentFilter.java:93) ~[spring-web-5.3.9.jar:5.3.9]
	at org.springframework.web.filter.OncePerRequestFilter.doFilter(OncePerRequestFilter.java:119) ~[spring-web-5.3.9.jar:5.3.9]
	at org.apache.catalina.core.ApplicationFilterChain.internalDoFilter(ApplicationFilterChain.java:189) ~[tomcat-embed-core-9.0.52.jar:9.0.52]
	at org.apache.catalina.core.ApplicationFilterChain.doFilter(ApplicationFilterChain.java:162) ~[tomcat-embed-core-9.0.52.jar:9.0.52]
	at org.springframework.web.filter.CharacterEncodingFilter.doFilterInternal(CharacterEncodingFilter.java:201) ~[spring-web-5.3.9.jar:5.3.9]
	at org.springframework.web.filter.OncePerRequestFilter.doFilter(OncePerRequestFilter.java:119) ~[spring-web-5.3.9.jar:5.3.9]
	at org.apache.catalina.core.ApplicationFilterChain.internalDoFilter(ApplicationFilterChain.java:189) ~[tomcat-embed-core-9.0.52.jar:9.0.52]
	at org.apache.catalina.core.ApplicationFilterChain.doFilter(ApplicationFilterChain.java:162) ~[tomcat-embed-core-9.0.52.jar:9.0.52]
	at org.apache.catalina.core.StandardWrapperValve.invoke(StandardWrapperValve.java:197) ~[tomcat-embed-core-9.0.52.jar:9.0.52]
	at org.apache.catalina.core.StandardContextValve.invoke(StandardContextValve.java:97) ~[tomcat-embed-core-9.0.52.jar:9.0.52]
	at org.apache.catalina.authenticator.AuthenticatorBase.invoke(AuthenticatorBase.java:542) ~[tomcat-embed-core-9.0.52.jar:9.0.52]
	at org.apache.catalina.core.StandardHostValve.invoke(StandardHostValve.java:135) ~[tomcat-embed-core-9.0.52.jar:9.0.52]
	at org.apache.catalina.valves.ErrorReportValve.invoke(ErrorReportValve.java:92) ~[tomcat-embed-core-9.0.52.jar:9.0.52]
	at org.apache.catalina.core.StandardEngineValve.invoke(StandardEngineValve.java:78) ~[tomcat-embed-core-9.0.52.jar:9.0.52]
	at org.apache.catalina.connector.CoyoteAdapter.service(CoyoteAdapter.java:357) ~[tomcat-embed-core-9.0.52.jar:9.0.52]
	at org.apache.coyote.http11.Http11Processor.service(Http11Processor.java:382) ~[tomcat-embed-core-9.0.52.jar:9.0.52]
	at org.apache.coyote.AbstractProcessorLight.process(AbstractProcessorLight.java:65) ~[tomcat-embed-core-9.0.52.jar:9.0.52]
	at org.apache.coyote.AbstractProtocol$ConnectionHandler.process(AbstractProtocol.java:893) ~[tomcat-embed-core-9.0.52.jar:9.0.52]
	at org.apache.tomcat.util.net.NioEndpoint$SocketProcessor.doRun(NioEndpoint.java:1726) ~[tomcat-embed-core-9.0.52.jar:9.0.52]
	at org.apache.tomcat.util.net.SocketProcessorBase.run(SocketProcessorBase.java:49) ~[tomcat-embed-core-9.0.52.jar:9.0.52]
	at org.apache.tomcat.util.threads.ThreadPoolExecutor.runWorker(ThreadPoolExecutor.java:1191) ~[tomcat-embed-core-9.0.52.jar:9.0.52]
	at org.apache.tomcat.util.threads.ThreadPoolExecutor$Worker.run(ThreadPoolExecutor.java:659) ~[tomcat-embed-core-9.0.52.jar:9.0.52]
	at org.apache.tomcat.util.threads.TaskThread$WrappingRunnable.run(TaskThread.java:61) ~[tomcat-embed-core-9.0.52.jar:9.0.52]
	at java.base/java.lang.Thread.run(Thread.java:832) ~[na:na]

2021-11-16 23:57:09.429  INFO 28324 --- [http-nio-8080-exec-3] com.zaxxer.hikari.HikariDataSource       : HikariPool-1 - Starting...
2021-11-16 23:57:09.657  INFO 28324 --- [http-nio-8080-exec-3] com.zaxxer.hikari.HikariDataSource       : HikariPool-1 - Start completed.
2021-11-16 23:57:09.662 DEBUG 28324 --- [http-nio-8080-exec-3] c.n.c.d.D.selectDiscussPostRows          : ==>  Preparing: select count(id) from discuss_post where status != 2
2021-11-16 23:57:09.683 DEBUG 28324 --- [http-nio-8080-exec-3] c.n.c.d.D.selectDiscussPostRows          : ==> Parameters: 
2021-11-16 23:57:09.705 DEBUG 28324 --- [http-nio-8080-exec-3] c.n.c.d.D.selectDiscussPostRows          : <==      Total: 1
2021-11-16 23:57:09.710 DEBUG 28324 --- [http-nio-8080-exec-3] c.n.c.d.D.selectDiscussPosts             : ==>  Preparing: select id, user_id, title, content, type, status, create_time, comment_count, score from discuss_post where status != 2 order by type desc, create_time desc limit ?, ?
2021-11-16 23:57:09.711 DEBUG 28324 --- [http-nio-8080-exec-3] c.n.c.d.D.selectDiscussPosts             : ==> Parameters: 0(Integer), 10(Integer)
2021-11-16 23:57:09.718 DEBUG 28324 --- [http-nio-8080-exec-3] c.n.c.d.D.selectDiscussPosts             : <==      Total: 10
2021-11-16 23:57:09.719 DEBUG 28324 --- [http-nio-8080-exec-3] c.n.community.dao.UserMapper.selectById  : ==>  Preparing: select id, username, password, salt, email, type, status, activation_code, header_url, create_time from user where id = ?
2021-11-16 23:57:09.719 DEBUG 28324 --- [http-nio-8080-exec-3] c.n.community.dao.UserMapper.selectById  : ==> Parameters: 11(Integer)
2021-11-16 23:57:09.721 DEBUG 28324 --- [http-nio-8080-exec-3] c.n.community.dao.UserMapper.selectById  : <==      Total: 1
2021-11-16 23:57:09.722 DEBUG 28324 --- [http-nio-8080-exec-3] c.n.community.dao.UserMapper.selectById  : ==>  Preparing: select id, username, password, salt, email, type, status, activation_code, header_url, create_time from user where id = ?
2021-11-16 23:57:09.722 DEBUG 28324 --- [http-nio-8080-exec-3] c.n.community.dao.UserMapper.selectById  : ==> Parameters: 111(Integer)
2021-11-16 23:57:09.724 DEBUG 28324 --- [http-nio-8080-exec-3] c.n.community.dao.UserMapper.selectById  : <==      Total: 1
2021-11-16 23:57:09.724 DEBUG 28324 --- [http-nio-8080-exec-3] c.n.community.dao.UserMapper.selectById  : ==>  Preparing: select id, username, password, salt, email, type, status, activation_code, header_url, create_time from user where id = ?
2021-11-16 23:57:09.724 DEBUG 28324 --- [http-nio-8080-exec-3] c.n.community.dao.UserMapper.selectById  : ==> Parameters: 149(Integer)
2021-11-16 23:57:09.726 DEBUG 28324 --- [http-nio-8080-exec-3] c.n.community.dao.UserMapper.selectById  : <==      Total: 1
2021-11-16 23:57:09.726 DEBUG 28324 --- [http-nio-8080-exec-3] c.n.community.dao.UserMapper.selectById  : ==>  Preparing: select id, username, password, salt, email, type, status, activation_code, header_url, create_time from user where id = ?
2021-11-16 23:57:09.726 DEBUG 28324 --- [http-nio-8080-exec-3] c.n.community.dao.UserMapper.selectById  : ==> Parameters: 149(Integer)
2021-11-16 23:57:09.728 DEBUG 28324 --- [http-nio-8080-exec-3] c.n.community.dao.UserMapper.selectById  : <==      Total: 1
2021-11-16 23:57:09.728 DEBUG 28324 --- [http-nio-8080-exec-3] c.n.community.dao.UserMapper.selectById  : ==>  Preparing: select id, username, password, salt, email, type, status, activation_code, header_url, create_time from user where id = ?
2021-11-16 23:57:09.728 DEBUG 28324 --- [http-nio-8080-exec-3] c.n.community.dao.UserMapper.selectById  : ==> Parameters: 149(Integer)
2021-11-16 23:57:09.729 DEBUG 28324 --- [http-nio-8080-exec-3] c.n.community.dao.UserMapper.selectById  : <==      Total: 1
2021-11-16 23:57:09.730 DEBUG 28324 --- [http-nio-8080-exec-3] c.n.community.dao.UserMapper.selectById  : ==>  Preparing: select id, username, password, salt, email, type, status, activation_code, header_url, create_time from user where id = ?
2021-11-16 23:57:09.730 DEBUG 28324 --- [http-nio-8080-exec-3] c.n.community.dao.UserMapper.selectById  : ==> Parameters: 146(Integer)
2021-11-16 23:57:09.732 DEBUG 28324 --- [http-nio-8080-exec-3] c.n.community.dao.UserMapper.selectById  : <==      Total: 1
2021-11-16 23:57:09.732 DEBUG 28324 --- [http-nio-8080-exec-3] c.n.community.dao.UserMapper.selectById  : ==>  Preparing: select id, username, password, salt, email, type, status, activation_code, header_url, create_time from user where id = ?
2021-11-16 23:57:09.733 DEBUG 28324 --- [http-nio-8080-exec-3] c.n.community.dao.UserMapper.selectById  : ==> Parameters: 145(Integer)
2021-11-16 23:57:09.734 DEBUG 28324 --- [http-nio-8080-exec-3] c.n.community.dao.UserMapper.selectById  : <==      Total: 1
2021-11-16 23:57:09.735 DEBUG 28324 --- [http-nio-8080-exec-3] c.n.community.dao.UserMapper.selectById  : ==>  Preparing: select id, username, password, salt, email, type, status, activation_code, header_url, create_time from user where id = ?
2021-11-16 23:57:09.735 DEBUG 28324 --- [http-nio-8080-exec-3] c.n.community.dao.UserMapper.selectById  : ==> Parameters: 138(Integer)
2021-11-16 23:57:09.737 DEBUG 28324 --- [http-nio-8080-exec-3] c.n.community.dao.UserMapper.selectById  : <==      Total: 1
2021-11-16 23:57:09.737 DEBUG 28324 --- [http-nio-8080-exec-3] c.n.community.dao.UserMapper.selectById  : ==>  Preparing: select id, username, password, salt, email, type, status, activation_code, header_url, create_time from user where id = ?
2021-11-16 23:57:09.738 DEBUG 28324 --- [http-nio-8080-exec-3] c.n.community.dao.UserMapper.selectById  : ==> Parameters: 138(Integer)
2021-11-16 23:57:09.739 DEBUG 28324 --- [http-nio-8080-exec-3] c.n.community.dao.UserMapper.selectById  : <==      Total: 1
2021-11-16 23:57:09.739 DEBUG 28324 --- [http-nio-8080-exec-3] c.n.community.dao.UserMapper.selectById  : ==>  Preparing: select id, username, password, salt, email, type, status, activation_code, header_url, create_time from user where id = ?
2021-11-16 23:57:09.740 DEBUG 28324 --- [http-nio-8080-exec-3] c.n.community.dao.UserMapper.selectById  : ==> Parameters: 103(Integer)
2021-11-16 23:57:09.741 DEBUG 28324 --- [http-nio-8080-exec-3] c.n.community.dao.UserMapper.selectById  : <==      Total: 1
2021-11-16 23:57:23.962 DEBUG 28324 --- [http-nio-8080-exec-2] c.n.c.dao.UserMapper.selectByName        : ==>  Preparing: select id, username, password, salt, email, type, status, activation_code, header_url, create_time from user where username = ?
2021-11-16 23:57:23.963 DEBUG 28324 --- [http-nio-8080-exec-2] c.n.c.dao.UserMapper.selectByName        : ==> Parameters: abc(String)
2021-11-16 23:57:23.964 DEBUG 28324 --- [http-nio-8080-exec-2] c.n.c.dao.UserMapper.selectByName        : <==      Total: 0
2021-11-16 23:57:23.964 DEBUG 28324 --- [http-nio-8080-exec-2] c.n.c.dao.UserMapper.selectByEmail       : ==>  Preparing: select id, username, password, salt, email, type, status, activation_code, header_url, create_time from user where email = ?
2021-11-16 23:57:23.964 DEBUG 28324 --- [http-nio-8080-exec-2] c.n.c.dao.UserMapper.selectByEmail       : ==> Parameters: 2411178558@qq.com(String)
2021-11-16 23:57:23.965 DEBUG 28324 --- [http-nio-8080-exec-2] c.n.c.dao.UserMapper.selectByEmail       : <==      Total: 0
2021-11-16 23:57:23.967 DEBUG 28324 --- [http-nio-8080-exec-2] c.n.community.dao.UserMapper.insertUser  : ==>  Preparing: insert into user( username, password, salt, email, type, status, activation_code, header_url, create_time ) values(?, ?, ?, ?, ?, ?, ?, ?, ?)
2021-11-16 23:57:23.968 DEBUG 28324 --- [http-nio-8080-exec-2] c.n.community.dao.UserMapper.insertUser  : ==> Parameters: abc(String), 68bb6c4ff160bbf37d0dcdd90692786a(String), 27dc0(String), 2411178558@qq.com(String), 0(Integer), 0(Integer), 7322b40501464a7eab35ef0a33441c0a(String), http://images.nowcoder.com/head/366t.png(String), 2021-11-16 23:57:23.967(Timestamp)
2021-11-16 23:57:23.971 DEBUG 28324 --- [http-nio-8080-exec-2] c.n.community.dao.UserMapper.insertUser  : <==    Updates: 1
2021-11-16 23:57:33.130 DEBUG 28324 --- [http-nio-8080-exec-4] c.n.c.d.D.selectDiscussPostRows          : ==>  Preparing: select count(id) from discuss_post where status != 2
2021-11-16 23:57:33.130 DEBUG 28324 --- [http-nio-8080-exec-4] c.n.c.d.D.selectDiscussPostRows          : ==> Parameters: 
2021-11-16 23:57:33.132 DEBUG 28324 --- [http-nio-8080-exec-4] c.n.c.d.D.selectDiscussPostRows          : <==      Total: 1
2021-11-16 23:57:33.133 DEBUG 28324 --- [http-nio-8080-exec-4] c.n.c.d.D.selectDiscussPosts             : ==>  Preparing: select id, user_id, title, content, type, status, create_time, comment_count, score from discuss_post where status != 2 order by type desc, create_time desc limit ?, ?
2021-11-16 23:57:33.133 DEBUG 28324 --- [http-nio-8080-exec-4] c.n.c.d.D.selectDiscussPosts             : ==> Parameters: 0(Integer), 10(Integer)
2021-11-16 23:57:33.139 DEBUG 28324 --- [http-nio-8080-exec-4] c.n.c.d.D.selectDiscussPosts             : <==      Total: 10
2021-11-16 23:57:33.140 DEBUG 28324 --- [http-nio-8080-exec-4] c.n.community.dao.UserMapper.selectById  : ==>  Preparing: select id, username, password, salt, email, type, status, activation_code, header_url, create_time from user where id = ?
2021-11-16 23:57:33.140 DEBUG 28324 --- [http-nio-8080-exec-4] c.n.community.dao.UserMapper.selectById  : ==> Parameters: 11(Integer)
2021-11-16 23:57:33.141 DEBUG 28324 --- [http-nio-8080-exec-4] c.n.community.dao.UserMapper.selectById  : <==      Total: 1
2021-11-16 23:57:33.142 DEBUG 28324 --- [http-nio-8080-exec-4] c.n.community.dao.UserMapper.selectById  : ==>  Preparing: select id, username, password, salt, email, type, status, activation_code, header_url, create_time from user where id = ?
2021-11-16 23:57:33.142 DEBUG 28324 --- [http-nio-8080-exec-4] c.n.community.dao.UserMapper.selectById  : ==> Parameters: 111(Integer)
2021-11-16 23:57:33.143 DEBUG 28324 --- [http-nio-8080-exec-4] c.n.community.dao.UserMapper.selectById  : <==      Total: 1
2021-11-16 23:57:33.143 DEBUG 28324 --- [http-nio-8080-exec-4] c.n.community.dao.UserMapper.selectById  : ==>  Preparing: select id, username, password, salt, email, type, status, activation_code, header_url, create_time from user where id = ?
2021-11-16 23:57:33.143 DEBUG 28324 --- [http-nio-8080-exec-4] c.n.community.dao.UserMapper.selectById  : ==> Parameters: 149(Integer)
2021-11-16 23:57:33.144 DEBUG 28324 --- [http-nio-8080-exec-4] c.n.community.dao.UserMapper.selectById  : <==      Total: 1
2021-11-16 23:57:33.145 DEBUG 28324 --- [http-nio-8080-exec-4] c.n.community.dao.UserMapper.selectById  : ==>  Preparing: select id, username, password, salt, email, type, status, activation_code, header_url, create_time from user where id = ?
2021-11-16 23:57:33.145 DEBUG 28324 --- [http-nio-8080-exec-4] c.n.community.dao.UserMapper.selectById  : ==> Parameters: 149(Integer)
2021-11-16 23:57:33.146 DEBUG 28324 --- [http-nio-8080-exec-4] c.n.community.dao.UserMapper.selectById  : <==      Total: 1
2021-11-16 23:57:33.147 DEBUG 28324 --- [http-nio-8080-exec-4] c.n.community.dao.UserMapper.selectById  : ==>  Preparing: select id, username, password, salt, email, type, status, activation_code, header_url, create_time from user where id = ?
2021-11-16 23:57:33.147 DEBUG 28324 --- [http-nio-8080-exec-4] c.n.community.dao.UserMapper.selectById  : ==> Parameters: 149(Integer)
2021-11-16 23:57:33.148 DEBUG 28324 --- [http-nio-8080-exec-4] c.n.community.dao.UserMapper.selectById  : <==      Total: 1
2021-11-16 23:57:33.148 DEBUG 28324 --- [http-nio-8080-exec-4] c.n.community.dao.UserMapper.selectById  : ==>  Preparing: select id, username, password, salt, email, type, status, activation_code, header_url, create_time from user where id = ?
2021-11-16 23:57:33.148 DEBUG 28324 --- [http-nio-8080-exec-4] c.n.community.dao.UserMapper.selectById  : ==> Parameters: 146(Integer)
2021-11-16 23:57:33.150 DEBUG 28324 --- [http-nio-8080-exec-4] c.n.community.dao.UserMapper.selectById  : <==      Total: 1
2021-11-16 23:57:33.150 DEBUG 28324 --- [http-nio-8080-exec-4] c.n.community.dao.UserMapper.selectById  : ==>  Preparing: select id, username, password, salt, email, type, status, activation_code, header_url, create_time from user where id = ?
2021-11-16 23:57:33.150 DEBUG 28324 --- [http-nio-8080-exec-4] c.n.community.dao.UserMapper.selectById  : ==> Parameters: 145(Integer)
2021-11-16 23:57:33.151 DEBUG 28324 --- [http-nio-8080-exec-4] c.n.community.dao.UserMapper.selectById  : <==      Total: 1
2021-11-16 23:57:33.152 DEBUG 28324 --- [http-nio-8080-exec-4] c.n.community.dao.UserMapper.selectById  : ==>  Preparing: select id, username, password, salt, email, type, status, activation_code, header_url, create_time from user where id = ?
2021-11-16 23:57:33.152 DEBUG 28324 --- [http-nio-8080-exec-4] c.n.community.dao.UserMapper.selectById  : ==> Parameters: 138(Integer)
2021-11-16 23:57:33.153 DEBUG 28324 --- [http-nio-8080-exec-4] c.n.community.dao.UserMapper.selectById  : <==      Total: 1
2021-11-16 23:57:33.153 DEBUG 28324 --- [http-nio-8080-exec-4] c.n.community.dao.UserMapper.selectById  : ==>  Preparing: select id, username, password, salt, email, type, status, activation_code, header_url, create_time from user where id = ?
2021-11-16 23:57:33.153 DEBUG 28324 --- [http-nio-8080-exec-4] c.n.community.dao.UserMapper.selectById  : ==> Parameters: 138(Integer)
2021-11-16 23:57:33.154 DEBUG 28324 --- [http-nio-8080-exec-4] c.n.community.dao.UserMapper.selectById  : <==      Total: 1
2021-11-16 23:57:33.155 DEBUG 28324 --- [http-nio-8080-exec-4] c.n.community.dao.UserMapper.selectById  : ==>  Preparing: select id, username, password, salt, email, type, status, activation_code, header_url, create_time from user where id = ?
2021-11-16 23:57:33.155 DEBUG 28324 --- [http-nio-8080-exec-4] c.n.community.dao.UserMapper.selectById  : ==> Parameters: 103(Integer)
2021-11-16 23:57:33.156 DEBUG 28324 --- [http-nio-8080-exec-4] c.n.community.dao.UserMapper.selectById  : <==      Total: 1
2021-11-16 23:57:54.630 DEBUG 28324 --- [http-nio-8080-exec-1] c.n.c.dao.UserMapper.selectByName        : ==>  Preparing: select id, username, password, salt, email, type, status, activation_code, header_url, create_time from user where username = ?
2021-11-16 23:57:54.630 DEBUG 28324 --- [http-nio-8080-exec-1] c.n.c.dao.UserMapper.selectByName        : ==> Parameters: abc(String)
2021-11-16 23:57:54.631 DEBUG 28324 --- [http-nio-8080-exec-1] c.n.c.dao.UserMapper.selectByName        : <==      Total: 1
2021-11-16 23:57:54.632 DEBUG 28324 --- [http-nio-8080-exec-1] c.n.c.d.L.insertLoginTicket              : ==>  Preparing: insert into login_ticket(user_id, ticket, status, expired) values(?, ?, ?, ?)
2021-11-16 23:57:54.632 DEBUG 28324 --- [http-nio-8080-exec-1] c.n.c.d.L.insertLoginTicket              : ==> Parameters: 154(Integer), a28d0d3846c64a02b52c4aca18e9fe6a(String), 0(Integer), 2021-11-17 23:57:54.632(Timestamp)
2021-11-16 23:57:54.635 DEBUG 28324 --- [http-nio-8080-exec-1] c.n.c.d.L.insertLoginTicket              : <==    Updates: 1
2021-11-16 23:57:54.656 DEBUG 28324 --- [http-nio-8080-exec-2] c.n.c.d.D.selectDiscussPostRows          : ==>  Preparing: select count(id) from discuss_post where status != 2
2021-11-16 23:57:54.656 DEBUG 28324 --- [http-nio-8080-exec-2] c.n.c.d.D.selectDiscussPostRows          : ==> Parameters: 
2021-11-16 23:57:54.657 DEBUG 28324 --- [http-nio-8080-exec-2] c.n.c.d.D.selectDiscussPostRows          : <==      Total: 1
2021-11-16 23:57:54.658 DEBUG 28324 --- [http-nio-8080-exec-2] c.n.c.d.D.selectDiscussPosts             : ==>  Preparing: select id, user_id, title, content, type, status, create_time, comment_count, score from discuss_post where status != 2 order by type desc, create_time desc limit ?, ?
2021-11-16 23:57:54.658 DEBUG 28324 --- [http-nio-8080-exec-2] c.n.c.d.D.selectDiscussPosts             : ==> Parameters: 0(Integer), 10(Integer)
2021-11-16 23:57:54.660 DEBUG 28324 --- [http-nio-8080-exec-2] c.n.c.d.D.selectDiscussPosts             : <==      Total: 10
2021-11-16 23:57:54.661 DEBUG 28324 --- [http-nio-8080-exec-2] c.n.community.dao.UserMapper.selectById  : ==>  Preparing: select id, username, password, salt, email, type, status, activation_code, header_url, create_time from user where id = ?
2021-11-16 23:57:54.661 DEBUG 28324 --- [http-nio-8080-exec-2] c.n.community.dao.UserMapper.selectById  : ==> Parameters: 11(Integer)
2021-11-16 23:57:54.662 DEBUG 28324 --- [http-nio-8080-exec-2] c.n.community.dao.UserMapper.selectById  : <==      Total: 1
2021-11-16 23:57:54.662 DEBUG 28324 --- [http-nio-8080-exec-2] c.n.community.dao.UserMapper.selectById  : ==>  Preparing: select id, username, password, salt, email, type, status, activation_code, header_url, create_time from user where id = ?
2021-11-16 23:57:54.662 DEBUG 28324 --- [http-nio-8080-exec-2] c.n.community.dao.UserMapper.selectById  : ==> Parameters: 111(Integer)
2021-11-16 23:57:54.663 DEBUG 28324 --- [http-nio-8080-exec-2] c.n.community.dao.UserMapper.selectById  : <==      Total: 1
2021-11-16 23:57:54.664 DEBUG 28324 --- [http-nio-8080-exec-2] c.n.community.dao.UserMapper.selectById  : ==>  Preparing: select id, username, password, salt, email, type, status, activation_code, header_url, create_time from user where id = ?
2021-11-16 23:57:54.664 DEBUG 28324 --- [http-nio-8080-exec-2] c.n.community.dao.UserMapper.selectById  : ==> Parameters: 149(Integer)
2021-11-16 23:57:54.665 DEBUG 28324 --- [http-nio-8080-exec-2] c.n.community.dao.UserMapper.selectById  : <==      Total: 1
2021-11-16 23:57:54.665 DEBUG 28324 --- [http-nio-8080-exec-2] c.n.community.dao.UserMapper.selectById  : ==>  Preparing: select id, username, password, salt, email, type, status, activation_code, header_url, create_time from user where id = ?
2021-11-16 23:57:54.666 DEBUG 28324 --- [http-nio-8080-exec-2] c.n.community.dao.UserMapper.selectById  : ==> Parameters: 149(Integer)
2021-11-16 23:57:54.666 DEBUG 28324 --- [http-nio-8080-exec-2] c.n.community.dao.UserMapper.selectById  : <==      Total: 1
2021-11-16 23:57:54.667 DEBUG 28324 --- [http-nio-8080-exec-2] c.n.community.dao.UserMapper.selectById  : ==>  Preparing: select id, username, password, salt, email, type, status, activation_code, header_url, create_time from user where id = ?
2021-11-16 23:57:54.667 DEBUG 28324 --- [http-nio-8080-exec-2] c.n.community.dao.UserMapper.selectById  : ==> Parameters: 149(Integer)
2021-11-16 23:57:54.668 DEBUG 28324 --- [http-nio-8080-exec-2] c.n.community.dao.UserMapper.selectById  : <==      Total: 1
2021-11-16 23:57:54.668 DEBUG 28324 --- [http-nio-8080-exec-2] c.n.community.dao.UserMapper.selectById  : ==>  Preparing: select id, username, password, salt, email, type, status, activation_code, header_url, create_time from user where id = ?
2021-11-16 23:57:54.668 DEBUG 28324 --- [http-nio-8080-exec-2] c.n.community.dao.UserMapper.selectById  : ==> Parameters: 146(Integer)
2021-11-16 23:57:54.669 DEBUG 28324 --- [http-nio-8080-exec-2] c.n.community.dao.UserMapper.selectById  : <==      Total: 1
2021-11-16 23:57:54.669 DEBUG 28324 --- [http-nio-8080-exec-2] c.n.community.dao.UserMapper.selectById  : ==>  Preparing: select id, username, password, salt, email, type, status, activation_code, header_url, create_time from user where id = ?
2021-11-16 23:57:54.670 DEBUG 28324 --- [http-nio-8080-exec-2] c.n.community.dao.UserMapper.selectById  : ==> Parameters: 145(Integer)
2021-11-16 23:57:54.671 DEBUG 28324 --- [http-nio-8080-exec-2] c.n.community.dao.UserMapper.selectById  : <==      Total: 1
2021-11-16 23:57:54.671 DEBUG 28324 --- [http-nio-8080-exec-2] c.n.community.dao.UserMapper.selectById  : ==>  Preparing: select id, username, password, salt, email, type, status, activation_code, header_url, create_time from user where id = ?
2021-11-16 23:57:54.671 DEBUG 28324 --- [http-nio-8080-exec-2] c.n.community.dao.UserMapper.selectById  : ==> Parameters: 138(Integer)
2021-11-16 23:57:54.672 DEBUG 28324 --- [http-nio-8080-exec-2] c.n.community.dao.UserMapper.selectById  : <==      Total: 1
2021-11-16 23:57:54.672 DEBUG 28324 --- [http-nio-8080-exec-2] c.n.community.dao.UserMapper.selectById  : ==>  Preparing: select id, username, password, salt, email, type, status, activation_code, header_url, create_time from user where id = ?
2021-11-16 23:57:54.672 DEBUG 28324 --- [http-nio-8080-exec-2] c.n.community.dao.UserMapper.selectById  : ==> Parameters: 138(Integer)
2021-11-16 23:57:54.673 DEBUG 28324 --- [http-nio-8080-exec-2] c.n.community.dao.UserMapper.selectById  : <==      Total: 1
2021-11-16 23:57:54.673 DEBUG 28324 --- [http-nio-8080-exec-2] c.n.community.dao.UserMapper.selectById  : ==>  Preparing: select id, username, password, salt, email, type, status, activation_code, header_url, create_time from user where id = ?
2021-11-16 23:57:54.674 DEBUG 28324 --- [http-nio-8080-exec-2] c.n.community.dao.UserMapper.selectById  : ==> Parameters: 103(Integer)
2021-11-16 23:57:54.674 DEBUG 28324 --- [http-nio-8080-exec-2] c.n.community.dao.UserMapper.selectById  : <==      Total: 1
2021-11-16 23:59:16.220 DEBUG 28324 --- [http-nio-8080-exec-3] c.n.community.dao.UserMapper.selectById  : ==>  Preparing: select id, username, password, salt, email, type, status, activation_code, header_url, create_time from user where id = ?
2021-11-16 23:59:16.220 DEBUG 28324 --- [http-nio-8080-exec-3] c.n.community.dao.UserMapper.selectById  : ==> Parameters: 154(Integer)
2021-11-16 23:59:16.222 DEBUG 28324 --- [http-nio-8080-exec-3] c.n.community.dao.UserMapper.selectById  : <==      Total: 1
2021-11-16 23:59:16.222 DEBUG 28324 --- [http-nio-8080-exec-3] c.n.c.dao.UserMapper.updateStatus        : ==>  Preparing: update user set status = ? where id = ?
2021-11-16 23:59:16.222 DEBUG 28324 --- [http-nio-8080-exec-3] c.n.c.dao.UserMapper.updateStatus        : ==> Parameters: 1(Integer), 154(Integer)
2021-11-16 23:59:16.224 DEBUG 28324 --- [http-nio-8080-exec-3] c.n.c.dao.UserMapper.updateStatus        : <==    Updates: 1
2021-11-16 23:59:56.749 DEBUG 28324 --- [http-nio-8080-exec-9] c.n.c.dao.UserMapper.selectByName        : ==>  Preparing: select id, username, password, salt, email, type, status, activation_code, header_url, create_time from user where username = ?
2021-11-16 23:59:56.749 DEBUG 28324 --- [http-nio-8080-exec-9] c.n.c.dao.UserMapper.selectByName        : ==> Parameters: abc(String)
2021-11-16 23:59:56.751 DEBUG 28324 --- [http-nio-8080-exec-9] c.n.c.dao.UserMapper.selectByName        : <==      Total: 1
