2021-12-06 14:46:43.600  INFO 31372 --- [main] c.nowcoder.community.MessageMapperTest   : Starting MessageMapperTest using Java 14.0.1 on LAPTOP-5CRCV1LI with PID 31372 (started by Real in D:\Java\IdeaProjects\community)
2021-12-06 14:46:43.604 DEBUG 31372 --- [main] c.nowcoder.community.MessageMapperTest   : Running with Spring Boot v2.4.10, Spring v5.3.9
2021-12-06 14:46:43.605  INFO 31372 --- [main] c.nowcoder.community.MessageMapperTest   : No active profile set, falling back to default profiles: default
2021-12-06 14:46:45.199  INFO 31372 --- [main] o.s.b.a.w.s.WelcomePageHandlerMapping    : Adding welcome page template: index
2021-12-06 14:46:45.415  INFO 31372 --- [main] c.nowcoder.community.MessageMapperTest   : Started MessageMapperTest in 2.11 seconds (JVM running for 2.823)
2021-12-06 14:46:45.839  INFO 31372 --- [main] com.zaxxer.hikari.HikariDataSource       : HikariPool-1 - Starting...
2021-12-06 14:46:46.202  INFO 31372 --- [main] com.zaxxer.hikari.HikariDataSource       : HikariPool-1 - Start completed.
2021-12-06 14:46:46.209 DEBUG 31372 --- [main] c.n.c.d.M.selectConversations            : ==>  Preparing: select id, from_id, to_id, conversation_id, content, status, create_time from message where id in ( select max(id) from message where status != 2 and from_id != 1 and (from_id = ? or to_id = ?) group by conversation_id ) order by id desc limit ?, ?
2021-12-06 14:46:46.235 DEBUG 31372 --- [main] c.n.c.d.M.selectConversations            : ==> Parameters: 111(Integer), 111(Integer), 0(Integer), 20(Integer)
2021-12-06 14:46:46.264 DEBUG 31372 --- [main] c.n.c.d.M.selectConversations            : <==      Total: 14
2021-12-06 14:46:46.281  INFO 31372 --- [SpringContextShutdownHook] com.zaxxer.hikari.HikariDataSource       : HikariPool-1 - Shutdown initiated...
2021-12-06 14:46:46.286  INFO 31372 --- [SpringContextShutdownHook] com.zaxxer.hikari.HikariDataSource       : HikariPool-1 - Shutdown completed.
2021-12-06 14:47:54.058  INFO 54912 --- [main] c.nowcoder.community.MessageMapperTest   : Starting MessageMapperTest using Java 14.0.1 on LAPTOP-5CRCV1LI with PID 54912 (started by Real in D:\Java\IdeaProjects\community)
2021-12-06 14:47:54.059 DEBUG 54912 --- [main] c.nowcoder.community.MessageMapperTest   : Running with Spring Boot v2.4.10, Spring v5.3.9
2021-12-06 14:47:54.060  INFO 54912 --- [main] c.nowcoder.community.MessageMapperTest   : No active profile set, falling back to default profiles: default
2021-12-06 14:47:55.603  INFO 54912 --- [main] o.s.b.a.w.s.WelcomePageHandlerMapping    : Adding welcome page template: index
2021-12-06 14:47:55.794  INFO 54912 --- [main] c.nowcoder.community.MessageMapperTest   : Started MessageMapperTest in 2.005 seconds (JVM running for 2.642)
2021-12-06 14:47:56.174  INFO 54912 --- [main] com.zaxxer.hikari.HikariDataSource       : HikariPool-1 - Starting...
2021-12-06 14:47:56.442  INFO 54912 --- [main] com.zaxxer.hikari.HikariDataSource       : HikariPool-1 - Start completed.
2021-12-06 14:47:56.449 DEBUG 54912 --- [main] c.n.c.d.M.selectConversations            : ==>  Preparing: select id, from_id, to_id, conversation_id, content, status, create_time from message where id in ( select max(id) from message where status != 2 and from_id != 1 and (from_id = ? or to_id = ?) group by conversation_id ) order by id desc limit ?, ?
2021-12-06 14:47:56.471 DEBUG 54912 --- [main] c.n.c.d.M.selectConversations            : ==> Parameters: 111(Integer), 111(Integer), 0(Integer), 20(Integer)
2021-12-06 14:47:56.497 DEBUG 54912 --- [main] c.n.c.d.M.selectConversations            : <==      Total: 14
2021-12-06 14:47:56.505 DEBUG 54912 --- [main] c.n.c.d.M.selectedConversationsCount     : ==>  Preparing: select count(m.maxid) from ( select max(id) as maxid from message where status != 2 and from_id != 1 and (from_id = ? or to_id = ?) group by conversation_id ) as m
2021-12-06 14:47:56.506 DEBUG 54912 --- [main] c.n.c.d.M.selectedConversationsCount     : ==> Parameters: 111(Integer), 111(Integer)
2021-12-06 14:47:56.511 DEBUG 54912 --- [main] c.n.c.d.M.selectedConversationsCount     : <==      Total: 1
2021-12-06 14:47:56.524  INFO 54912 --- [SpringContextShutdownHook] com.zaxxer.hikari.HikariDataSource       : HikariPool-1 - Shutdown initiated...
2021-12-06 14:47:56.528  INFO 54912 --- [SpringContextShutdownHook] com.zaxxer.hikari.HikariDataSource       : HikariPool-1 - Shutdown completed.
2021-12-06 14:49:51.739  INFO 60492 --- [main] c.nowcoder.community.MessageMapperTest   : Starting MessageMapperTest using Java 14.0.1 on LAPTOP-5CRCV1LI with PID 60492 (started by Real in D:\Java\IdeaProjects\community)
2021-12-06 14:49:51.740 DEBUG 60492 --- [main] c.nowcoder.community.MessageMapperTest   : Running with Spring Boot v2.4.10, Spring v5.3.9
2021-12-06 14:49:51.741  INFO 60492 --- [main] c.nowcoder.community.MessageMapperTest   : No active profile set, falling back to default profiles: default
2021-12-06 14:49:53.166  INFO 60492 --- [main] o.s.b.a.w.s.WelcomePageHandlerMapping    : Adding welcome page template: index
2021-12-06 14:49:53.346  INFO 60492 --- [main] c.nowcoder.community.MessageMapperTest   : Started MessageMapperTest in 1.886 seconds (JVM running for 2.511)
2021-12-06 14:49:53.711  INFO 60492 --- [main] com.zaxxer.hikari.HikariDataSource       : HikariPool-1 - Starting...
2021-12-06 14:49:53.992  INFO 60492 --- [main] com.zaxxer.hikari.HikariDataSource       : HikariPool-1 - Start completed.
2021-12-06 14:49:53.999 DEBUG 60492 --- [main] c.n.c.d.M.selectConversations            : ==>  Preparing: select id, from_id, to_id, conversation_id, content, status, create_time from message where id in ( select max(id) from message where status != 2 and from_id != 1 and (from_id = ? or to_id = ?) group by conversation_id ) order by id desc limit ?, ?
2021-12-06 14:49:54.022 DEBUG 60492 --- [main] c.n.c.d.M.selectConversations            : ==> Parameters: 111(Integer), 111(Integer), 0(Integer), 20(Integer)
2021-12-06 14:49:54.048 DEBUG 60492 --- [main] c.n.c.d.M.selectConversations            : <==      Total: 14
2021-12-06 14:49:54.054 DEBUG 60492 --- [main] c.n.c.d.M.selectedConversationsCount     : ==>  Preparing: select count(m.maxid) from ( select max(id) as maxid from message where status != 2 and from_id != 1 and (from_id = ? or to_id = ?) group by conversation_id ) as m
2021-12-06 14:49:54.055 DEBUG 60492 --- [main] c.n.c.d.M.selectedConversationsCount     : ==> Parameters: 111(Integer), 111(Integer)
2021-12-06 14:49:54.058 DEBUG 60492 --- [main] c.n.c.d.M.selectedConversationsCount     : <==      Total: 1
2021-12-06 14:49:54.059 DEBUG 60492 --- [main] c.n.c.dao.MessageMapper.selectLetters    : ==>  Preparing: select id, from_id, to_id, conversation_id, content, status, create_time from message where status != 2 and from_id != 1 and conversation_id = ? order by id desc limit ?, ?
2021-12-06 14:49:54.060 DEBUG 60492 --- [main] c.n.c.dao.MessageMapper.selectLetters    : ==> Parameters: 111_114(String), 0(Integer), 20(Integer)
2021-12-06 14:49:54.063 DEBUG 60492 --- [main] c.n.c.dao.MessageMapper.selectLetters    : <==      Total: 3
2021-12-06 14:49:54.064 DEBUG 60492 --- [main] c.n.c.d.M.selectedLetterCount            : ==>  Preparing: select count(id) from message where status != 2 and from_id != 1 and conversation_id = ?
2021-12-06 14:49:54.064 DEBUG 60492 --- [main] c.n.c.d.M.selectedLetterCount            : ==> Parameters: 111_114(String)
2021-12-06 14:49:54.065 DEBUG 60492 --- [main] c.n.c.d.M.selectedLetterCount            : <==      Total: 1
2021-12-06 14:49:54.077 DEBUG 60492 --- [main] c.n.c.d.M.selectLetterUnreadCount        : ==>  Preparing: select count(id) from message where status = 0 and from_id != 1 and to_id = ? and conversation_id = ?
2021-12-06 14:49:54.078 DEBUG 60492 --- [main] c.n.c.d.M.selectLetterUnreadCount        : ==> Parameters: 111(Integer), 111_114(String)
2021-12-06 14:49:54.080 DEBUG 60492 --- [main] c.n.c.d.M.selectLetterUnreadCount        : <==      Total: 1
2021-12-06 14:49:54.089  INFO 60492 --- [SpringContextShutdownHook] com.zaxxer.hikari.HikariDataSource       : HikariPool-1 - Shutdown initiated...
2021-12-06 14:49:54.093  INFO 60492 --- [SpringContextShutdownHook] com.zaxxer.hikari.HikariDataSource       : HikariPool-1 - Shutdown completed.
2021-12-06 14:51:17.005  INFO 37456 --- [main] c.nowcoder.community.MessageMapperTest   : Starting MessageMapperTest using Java 14.0.1 on LAPTOP-5CRCV1LI with PID 37456 (started by Real in D:\Java\IdeaProjects\community)
2021-12-06 14:51:17.006 DEBUG 37456 --- [main] c.nowcoder.community.MessageMapperTest   : Running with Spring Boot v2.4.10, Spring v5.3.9
2021-12-06 14:51:17.007  INFO 37456 --- [main] c.nowcoder.community.MessageMapperTest   : No active profile set, falling back to default profiles: default
2021-12-06 14:51:18.495  INFO 37456 --- [main] o.s.b.a.w.s.WelcomePageHandlerMapping    : Adding welcome page template: index
2021-12-06 14:51:18.685  INFO 37456 --- [main] c.nowcoder.community.MessageMapperTest   : Started MessageMapperTest in 1.96 seconds (JVM running for 2.629)
2021-12-06 14:51:19.085  INFO 37456 --- [main] com.zaxxer.hikari.HikariDataSource       : HikariPool-1 - Starting...
2021-12-06 14:51:19.357  INFO 37456 --- [main] com.zaxxer.hikari.HikariDataSource       : HikariPool-1 - Start completed.
2021-12-06 14:51:19.363 DEBUG 37456 --- [main] c.n.c.d.M.selectConversations            : ==>  Preparing: select id, from_id, to_id, conversation_id, content, status, create_time from message where id in ( select max(id) from message where status != 2 and from_id != 1 and (from_id = ? or to_id = ?) group by conversation_id ) order by id desc limit ?, ?
2021-12-06 14:51:19.387 DEBUG 37456 --- [main] c.n.c.d.M.selectConversations            : ==> Parameters: 111(Integer), 111(Integer), 0(Integer), 20(Integer)
2021-12-06 14:51:19.412 DEBUG 37456 --- [main] c.n.c.d.M.selectConversations            : <==      Total: 14
2021-12-06 14:51:19.418 DEBUG 37456 --- [main] c.n.c.d.M.selectedConversationsCount     : ==>  Preparing: select count(m.maxid) from ( select max(id) as maxid from message where status != 2 and from_id != 1 and (from_id = ? or to_id = ?) group by conversation_id ) as m
2021-12-06 14:51:19.419 DEBUG 37456 --- [main] c.n.c.d.M.selectedConversationsCount     : ==> Parameters: 111(Integer), 111(Integer)
2021-12-06 14:51:19.422 DEBUG 37456 --- [main] c.n.c.d.M.selectedConversationsCount     : <==      Total: 1
2021-12-06 14:51:19.424 DEBUG 37456 --- [main] c.n.c.dao.MessageMapper.selectLetters    : ==>  Preparing: select id, from_id, to_id, conversation_id, content, status, create_time from message where status != 2 and from_id != 1 and conversation_id = ? order by id desc limit ?, ?
2021-12-06 14:51:19.424 DEBUG 37456 --- [main] c.n.c.dao.MessageMapper.selectLetters    : ==> Parameters: 111_114(String), 0(Integer), 20(Integer)
2021-12-06 14:51:19.427 DEBUG 37456 --- [main] c.n.c.dao.MessageMapper.selectLetters    : <==      Total: 3
2021-12-06 14:51:19.428 DEBUG 37456 --- [main] c.n.c.d.M.selectedLetterCount            : ==>  Preparing: select count(id) from message where status != 2 and from_id != 1 and conversation_id = ?
2021-12-06 14:51:19.428 DEBUG 37456 --- [main] c.n.c.d.M.selectedLetterCount            : ==> Parameters: 111_114(String)
2021-12-06 14:51:19.429 DEBUG 37456 --- [main] c.n.c.d.M.selectedLetterCount            : <==      Total: 1
2021-12-06 14:51:19.441 DEBUG 37456 --- [main] c.n.c.d.M.selectLetterUnreadCount        : ==>  Preparing: select count(id) from message where status = 0 and from_id != 1 and to_id = ? and conversation_id = ?
2021-12-06 14:51:19.442 DEBUG 37456 --- [main] c.n.c.d.M.selectLetterUnreadCount        : ==> Parameters: 131(Integer), 111_131(String)
2021-12-06 14:51:19.443 DEBUG 37456 --- [main] c.n.c.d.M.selectLetterUnreadCount        : <==      Total: 1
2021-12-06 14:51:19.455  INFO 37456 --- [SpringContextShutdownHook] com.zaxxer.hikari.HikariDataSource       : HikariPool-1 - Shutdown initiated...
2021-12-06 14:51:19.460  INFO 37456 --- [SpringContextShutdownHook] com.zaxxer.hikari.HikariDataSource       : HikariPool-1 - Shutdown completed.
