2021-12-02 20:40:29.839  INFO 44908 --- [restartedMain] c.n.community.CommunityApplication       : Starting CommunityApplication using Java 14.0.1 on LAPTOP-5CRCV1LI with PID 44908 (D:\Java\IdeaProjects\community\target\classes started by Real in D:\Java\IdeaProjects\community)
2021-12-02 20:40:29.844 DEBUG 44908 --- [restartedMain] c.n.community.CommunityApplication       : Running with Spring Boot v2.4.10, Spring v5.3.9
2021-12-02 20:40:29.844  INFO 44908 --- [restartedMain] c.n.community.CommunityApplication       : No active profile set, falling back to default profiles: default
2021-12-02 20:40:29.888  INFO 44908 --- [restartedMain] .e.DevToolsPropertyDefaultsPostProcessor : Devtools property defaults active! Set 'spring.devtools.add-properties' to 'false' to disable
2021-12-02 20:40:29.889  INFO 44908 --- [restartedMain] .e.DevToolsPropertyDefaultsPostProcessor : For additional web related logging consider setting the 'logging.level.web' property to 'DEBUG'
2021-12-02 20:40:30.824  INFO 44908 --- [restartedMain] o.s.b.w.embedded.tomcat.TomcatWebServer  : Tomcat initialized with port(s): 8080 (http)
2021-12-02 20:40:30.831  INFO 44908 --- [restartedMain] o.apache.catalina.core.StandardService   : Starting service [Tomcat]
2021-12-02 20:40:30.832  INFO 44908 --- [restartedMain] org.apache.catalina.core.StandardEngine  : Starting Servlet engine: [Apache Tomcat/9.0.52]
2021-12-02 20:40:30.907  INFO 44908 --- [restartedMain] o.a.c.c.C.[.[localhost].[/community]     : Initializing Spring embedded WebApplicationContext
2021-12-02 20:40:30.907  INFO 44908 --- [restartedMain] w.s.c.ServletWebServerApplicationContext : Root WebApplicationContext: initialization completed in 1017 ms
2021-12-02 20:40:31.452  INFO 44908 --- [restartedMain] o.s.b.a.w.s.WelcomePageHandlerMapping    : Adding welcome page template: index
2021-12-02 20:40:31.596  INFO 44908 --- [restartedMain] o.s.b.d.a.OptionalLiveReloadServer       : LiveReload server is running on port 35729
2021-12-02 20:40:31.640  INFO 44908 --- [restartedMain] o.s.b.w.embedded.tomcat.TomcatWebServer  : Tomcat started on port(s): 8080 (http) with context path '/community'
2021-12-02 20:40:31.652  INFO 44908 --- [restartedMain] c.n.community.CommunityApplication       : Started CommunityApplication in 2.135 seconds (JVM running for 2.761)
2021-12-02 20:40:37.618  INFO 44908 --- [http-nio-8080-exec-1] o.a.c.c.C.[.[localhost].[/community]     : Initializing Spring DispatcherServlet 'dispatcherServlet'
2021-12-02 20:40:37.618  INFO 44908 --- [http-nio-8080-exec-1] o.s.web.servlet.DispatcherServlet        : Initializing Servlet 'dispatcherServlet'
2021-12-02 20:40:37.619  INFO 44908 --- [http-nio-8080-exec-1] o.s.web.servlet.DispatcherServlet        : Completed initialization in 1 ms
2021-12-02 20:40:37.642  INFO 44908 --- [http-nio-8080-exec-1] com.zaxxer.hikari.HikariDataSource       : HikariPool-1 - Starting...
2021-12-02 20:40:37.966  INFO 44908 --- [http-nio-8080-exec-1] com.zaxxer.hikari.HikariDataSource       : HikariPool-1 - Start completed.
2021-12-02 20:40:37.973 DEBUG 44908 --- [http-nio-8080-exec-1] c.n.c.d.L.selectByTicket                 : ==>  Preparing: select id, user_id, ticket, status, expired from login_ticket where ticket = ?
2021-12-02 20:40:37.994 DEBUG 44908 --- [http-nio-8080-exec-1] c.n.c.d.L.selectByTicket                 : ==> Parameters: 4750a2d378494bc08f08e2ba8eacc33d(String)
2021-12-02 20:40:38.017 DEBUG 44908 --- [http-nio-8080-exec-1] c.n.c.d.L.selectByTicket                 : <==      Total: 1
2021-12-02 20:40:38.023 DEBUG 44908 --- [http-nio-8080-exec-1] c.n.community.dao.UserMapper.selectById  : ==>  Preparing: select id, username, password, salt, email, type, status, activation_code, header_url, create_time from user where id = ?
2021-12-02 20:40:38.023 DEBUG 44908 --- [http-nio-8080-exec-1] c.n.community.dao.UserMapper.selectById  : ==> Parameters: 154(Integer)
2021-12-02 20:40:38.025 DEBUG 44908 --- [http-nio-8080-exec-1] c.n.community.dao.UserMapper.selectById  : <==      Total: 1
2021-12-02 20:40:38.052 DEBUG 44908 --- [http-nio-8080-exec-1] c.n.c.d.D.selectDiscussPostRows          : ==>  Preparing: select count(id) from discuss_post where status != 2
2021-12-02 20:40:38.053 DEBUG 44908 --- [http-nio-8080-exec-1] c.n.c.d.D.selectDiscussPostRows          : ==> Parameters: 
2021-12-02 20:40:38.056 DEBUG 44908 --- [http-nio-8080-exec-1] c.n.c.d.D.selectDiscussPostRows          : <==      Total: 1
2021-12-02 20:40:38.058 DEBUG 44908 --- [http-nio-8080-exec-1] c.n.c.d.D.selectDiscussPosts             : ==>  Preparing: select id, user_id, title, content, type, status, create_time, comment_count, score from discuss_post where status != 2 order by type desc, create_time desc limit ?, ?
2021-12-02 20:40:38.058 DEBUG 44908 --- [http-nio-8080-exec-1] c.n.c.d.D.selectDiscussPosts             : ==> Parameters: 0(Integer), 10(Integer)
2021-12-02 20:40:38.063 DEBUG 44908 --- [http-nio-8080-exec-1] c.n.c.d.D.selectDiscussPosts             : <==      Total: 10
2021-12-02 20:40:38.064 DEBUG 44908 --- [http-nio-8080-exec-1] c.n.community.dao.UserMapper.selectById  : ==>  Preparing: select id, username, password, salt, email, type, status, activation_code, header_url, create_time from user where id = ?
2021-12-02 20:40:38.064 DEBUG 44908 --- [http-nio-8080-exec-1] c.n.community.dao.UserMapper.selectById  : ==> Parameters: 11(Integer)
2021-12-02 20:40:38.066 DEBUG 44908 --- [http-nio-8080-exec-1] c.n.community.dao.UserMapper.selectById  : <==      Total: 1
2021-12-02 20:40:38.066 DEBUG 44908 --- [http-nio-8080-exec-1] c.n.community.dao.UserMapper.selectById  : ==>  Preparing: select id, username, password, salt, email, type, status, activation_code, header_url, create_time from user where id = ?
2021-12-02 20:40:38.067 DEBUG 44908 --- [http-nio-8080-exec-1] c.n.community.dao.UserMapper.selectById  : ==> Parameters: 111(Integer)
2021-12-02 20:40:38.068 DEBUG 44908 --- [http-nio-8080-exec-1] c.n.community.dao.UserMapper.selectById  : <==      Total: 1
2021-12-02 20:40:38.069 DEBUG 44908 --- [http-nio-8080-exec-1] c.n.community.dao.UserMapper.selectById  : ==>  Preparing: select id, username, password, salt, email, type, status, activation_code, header_url, create_time from user where id = ?
2021-12-02 20:40:38.069 DEBUG 44908 --- [http-nio-8080-exec-1] c.n.community.dao.UserMapper.selectById  : ==> Parameters: 154(Integer)
2021-12-02 20:40:38.071 DEBUG 44908 --- [http-nio-8080-exec-1] c.n.community.dao.UserMapper.selectById  : <==      Total: 1
2021-12-02 20:40:38.071 DEBUG 44908 --- [http-nio-8080-exec-1] c.n.community.dao.UserMapper.selectById  : ==>  Preparing: select id, username, password, salt, email, type, status, activation_code, header_url, create_time from user where id = ?
2021-12-02 20:40:38.072 DEBUG 44908 --- [http-nio-8080-exec-1] c.n.community.dao.UserMapper.selectById  : ==> Parameters: 154(Integer)
2021-12-02 20:40:38.074 DEBUG 44908 --- [http-nio-8080-exec-1] c.n.community.dao.UserMapper.selectById  : <==      Total: 1
2021-12-02 20:40:38.074 DEBUG 44908 --- [http-nio-8080-exec-1] c.n.community.dao.UserMapper.selectById  : ==>  Preparing: select id, username, password, salt, email, type, status, activation_code, header_url, create_time from user where id = ?
2021-12-02 20:40:38.074 DEBUG 44908 --- [http-nio-8080-exec-1] c.n.community.dao.UserMapper.selectById  : ==> Parameters: 154(Integer)
2021-12-02 20:40:38.076 DEBUG 44908 --- [http-nio-8080-exec-1] c.n.community.dao.UserMapper.selectById  : <==      Total: 1
2021-12-02 20:40:38.076 DEBUG 44908 --- [http-nio-8080-exec-1] c.n.community.dao.UserMapper.selectById  : ==>  Preparing: select id, username, password, salt, email, type, status, activation_code, header_url, create_time from user where id = ?
2021-12-02 20:40:38.077 DEBUG 44908 --- [http-nio-8080-exec-1] c.n.community.dao.UserMapper.selectById  : ==> Parameters: 154(Integer)
2021-12-02 20:40:38.078 DEBUG 44908 --- [http-nio-8080-exec-1] c.n.community.dao.UserMapper.selectById  : <==      Total: 1
2021-12-02 20:40:38.079 DEBUG 44908 --- [http-nio-8080-exec-1] c.n.community.dao.UserMapper.selectById  : ==>  Preparing: select id, username, password, salt, email, type, status, activation_code, header_url, create_time from user where id = ?
2021-12-02 20:40:38.079 DEBUG 44908 --- [http-nio-8080-exec-1] c.n.community.dao.UserMapper.selectById  : ==> Parameters: 149(Integer)
2021-12-02 20:40:38.080 DEBUG 44908 --- [http-nio-8080-exec-1] c.n.community.dao.UserMapper.selectById  : <==      Total: 1
2021-12-02 20:40:38.081 DEBUG 44908 --- [http-nio-8080-exec-1] c.n.community.dao.UserMapper.selectById  : ==>  Preparing: select id, username, password, salt, email, type, status, activation_code, header_url, create_time from user where id = ?
2021-12-02 20:40:38.081 DEBUG 44908 --- [http-nio-8080-exec-1] c.n.community.dao.UserMapper.selectById  : ==> Parameters: 149(Integer)
2021-12-02 20:40:38.083 DEBUG 44908 --- [http-nio-8080-exec-1] c.n.community.dao.UserMapper.selectById  : <==      Total: 1
2021-12-02 20:40:38.084 DEBUG 44908 --- [http-nio-8080-exec-1] c.n.community.dao.UserMapper.selectById  : ==>  Preparing: select id, username, password, salt, email, type, status, activation_code, header_url, create_time from user where id = ?
2021-12-02 20:40:38.084 DEBUG 44908 --- [http-nio-8080-exec-1] c.n.community.dao.UserMapper.selectById  : ==> Parameters: 149(Integer)
2021-12-02 20:40:38.087 DEBUG 44908 --- [http-nio-8080-exec-1] c.n.community.dao.UserMapper.selectById  : <==      Total: 1
2021-12-02 20:40:38.088 DEBUG 44908 --- [http-nio-8080-exec-1] c.n.community.dao.UserMapper.selectById  : ==>  Preparing: select id, username, password, salt, email, type, status, activation_code, header_url, create_time from user where id = ?
2021-12-02 20:40:38.088 DEBUG 44908 --- [http-nio-8080-exec-1] c.n.community.dao.UserMapper.selectById  : ==> Parameters: 146(Integer)
2021-12-02 20:40:38.090 DEBUG 44908 --- [http-nio-8080-exec-1] c.n.community.dao.UserMapper.selectById  : <==      Total: 1
2021-12-02 20:40:41.222 DEBUG 44908 --- [http-nio-8080-exec-6] c.n.c.d.L.selectByTicket                 : ==>  Preparing: select id, user_id, ticket, status, expired from login_ticket where ticket = ?
2021-12-02 20:40:41.222 DEBUG 44908 --- [http-nio-8080-exec-6] c.n.c.d.L.selectByTicket                 : ==> Parameters: 4750a2d378494bc08f08e2ba8eacc33d(String)
2021-12-02 20:40:41.223 DEBUG 44908 --- [http-nio-8080-exec-6] c.n.c.d.L.selectByTicket                 : <==      Total: 1
2021-12-02 20:40:41.224 DEBUG 44908 --- [http-nio-8080-exec-6] c.n.community.dao.UserMapper.selectById  : ==>  Preparing: select id, username, password, salt, email, type, status, activation_code, header_url, create_time from user where id = ?
2021-12-02 20:40:41.224 DEBUG 44908 --- [http-nio-8080-exec-6] c.n.community.dao.UserMapper.selectById  : ==> Parameters: 154(Integer)
2021-12-02 20:40:41.226 DEBUG 44908 --- [http-nio-8080-exec-6] c.n.community.dao.UserMapper.selectById  : <==      Total: 1
2021-12-02 20:40:41.228 DEBUG 44908 --- [http-nio-8080-exec-6] c.n.c.d.D.selectDiscussPostById          : ==>  Preparing: select id, user_id, title, content, type, status, create_time, comment_count, score from discuss_post where id = ?
2021-12-02 20:40:41.228 DEBUG 44908 --- [http-nio-8080-exec-6] c.n.c.d.D.selectDiscussPostById          : ==> Parameters: 275(Integer)
2021-12-02 20:40:41.229 DEBUG 44908 --- [http-nio-8080-exec-6] c.n.c.d.D.selectDiscussPostById          : <==      Total: 1
2021-12-02 20:40:41.230 DEBUG 44908 --- [http-nio-8080-exec-6] c.n.community.dao.UserMapper.selectById  : ==>  Preparing: select id, username, password, salt, email, type, status, activation_code, header_url, create_time from user where id = ?
2021-12-02 20:40:41.230 DEBUG 44908 --- [http-nio-8080-exec-6] c.n.community.dao.UserMapper.selectById  : ==> Parameters: 11(Integer)
2021-12-02 20:40:41.231 DEBUG 44908 --- [http-nio-8080-exec-6] c.n.community.dao.UserMapper.selectById  : <==      Total: 1
2021-12-02 20:40:50.373 DEBUG 44908 --- [http-nio-8080-exec-4] c.n.c.d.L.selectByTicket                 : ==>  Preparing: select id, user_id, ticket, status, expired from login_ticket where ticket = ?
2021-12-02 20:40:50.373 DEBUG 44908 --- [http-nio-8080-exec-4] c.n.c.d.L.selectByTicket                 : ==> Parameters: 4750a2d378494bc08f08e2ba8eacc33d(String)
2021-12-02 20:40:50.374 DEBUG 44908 --- [http-nio-8080-exec-4] c.n.c.d.L.selectByTicket                 : <==      Total: 1
2021-12-02 20:40:50.374 DEBUG 44908 --- [http-nio-8080-exec-4] c.n.community.dao.UserMapper.selectById  : ==>  Preparing: select id, username, password, salt, email, type, status, activation_code, header_url, create_time from user where id = ?
2021-12-02 20:40:50.374 DEBUG 44908 --- [http-nio-8080-exec-4] c.n.community.dao.UserMapper.selectById  : ==> Parameters: 154(Integer)
2021-12-02 20:40:50.375 DEBUG 44908 --- [http-nio-8080-exec-4] c.n.community.dao.UserMapper.selectById  : <==      Total: 1
2021-12-02 20:40:50.376 DEBUG 44908 --- [http-nio-8080-exec-4] c.n.c.d.D.selectDiscussPostById          : ==>  Preparing: select id, user_id, title, content, type, status, create_time, comment_count, score from discuss_post where id = ?
2021-12-02 20:40:50.376 DEBUG 44908 --- [http-nio-8080-exec-4] c.n.c.d.D.selectDiscussPostById          : ==> Parameters: 284(Integer)
2021-12-02 20:40:50.377 DEBUG 44908 --- [http-nio-8080-exec-4] c.n.c.d.D.selectDiscussPostById          : <==      Total: 1
2021-12-02 20:40:50.377 DEBUG 44908 --- [http-nio-8080-exec-4] c.n.community.dao.UserMapper.selectById  : ==>  Preparing: select id, username, password, salt, email, type, status, activation_code, header_url, create_time from user where id = ?
2021-12-02 20:40:50.377 DEBUG 44908 --- [http-nio-8080-exec-4] c.n.community.dao.UserMapper.selectById  : ==> Parameters: 154(Integer)
2021-12-02 20:40:50.378 DEBUG 44908 --- [http-nio-8080-exec-4] c.n.community.dao.UserMapper.selectById  : <==      Total: 1
2021-12-02 20:40:57.578 DEBUG 44908 --- [http-nio-8080-exec-2] c.n.c.d.L.selectByTicket                 : ==>  Preparing: select id, user_id, ticket, status, expired from login_ticket where ticket = ?
2021-12-02 20:40:57.578 DEBUG 44908 --- [http-nio-8080-exec-2] c.n.c.d.L.selectByTicket                 : ==> Parameters: 4750a2d378494bc08f08e2ba8eacc33d(String)
2021-12-02 20:40:57.579 DEBUG 44908 --- [http-nio-8080-exec-2] c.n.c.d.L.selectByTicket                 : <==      Total: 1
2021-12-02 20:40:57.579 DEBUG 44908 --- [http-nio-8080-exec-2] c.n.community.dao.UserMapper.selectById  : ==>  Preparing: select id, username, password, salt, email, type, status, activation_code, header_url, create_time from user where id = ?
2021-12-02 20:40:57.580 DEBUG 44908 --- [http-nio-8080-exec-2] c.n.community.dao.UserMapper.selectById  : ==> Parameters: 154(Integer)
2021-12-02 20:40:57.582 DEBUG 44908 --- [http-nio-8080-exec-2] c.n.community.dao.UserMapper.selectById  : <==      Total: 1
2021-12-02 20:40:57.582 DEBUG 44908 --- [http-nio-8080-exec-2] c.n.c.d.D.selectDiscussPostById          : ==>  Preparing: select id, user_id, title, content, type, status, create_time, comment_count, score from discuss_post where id = ?
2021-12-02 20:40:57.582 DEBUG 44908 --- [http-nio-8080-exec-2] c.n.c.d.D.selectDiscussPostById          : ==> Parameters: 283(Integer)
2021-12-02 20:40:57.583 DEBUG 44908 --- [http-nio-8080-exec-2] c.n.c.d.D.selectDiscussPostById          : <==      Total: 1
2021-12-02 20:40:57.583 DEBUG 44908 --- [http-nio-8080-exec-2] c.n.community.dao.UserMapper.selectById  : ==>  Preparing: select id, username, password, salt, email, type, status, activation_code, header_url, create_time from user where id = ?
2021-12-02 20:40:57.583 DEBUG 44908 --- [http-nio-8080-exec-2] c.n.community.dao.UserMapper.selectById  : ==> Parameters: 154(Integer)
2021-12-02 20:40:57.584 DEBUG 44908 --- [http-nio-8080-exec-2] c.n.community.dao.UserMapper.selectById  : <==      Total: 1
2021-12-02 20:41:06.609 DEBUG 44908 --- [http-nio-8080-exec-9] c.n.c.d.L.selectByTicket                 : ==>  Preparing: select id, user_id, ticket, status, expired from login_ticket where ticket = ?
2021-12-02 20:41:06.609 DEBUG 44908 --- [http-nio-8080-exec-9] c.n.c.d.L.selectByTicket                 : ==> Parameters: 4750a2d378494bc08f08e2ba8eacc33d(String)
2021-12-02 20:41:06.610 DEBUG 44908 --- [http-nio-8080-exec-9] c.n.c.d.L.selectByTicket                 : <==      Total: 1
2021-12-02 20:41:06.610 DEBUG 44908 --- [http-nio-8080-exec-9] c.n.community.dao.UserMapper.selectById  : ==>  Preparing: select id, username, password, salt, email, type, status, activation_code, header_url, create_time from user where id = ?
2021-12-02 20:41:06.610 DEBUG 44908 --- [http-nio-8080-exec-9] c.n.community.dao.UserMapper.selectById  : ==> Parameters: 154(Integer)
2021-12-02 20:41:06.611 DEBUG 44908 --- [http-nio-8080-exec-9] c.n.community.dao.UserMapper.selectById  : <==      Total: 1
2021-12-02 20:41:06.611 DEBUG 44908 --- [http-nio-8080-exec-9] c.n.c.d.D.selectDiscussPostById          : ==>  Preparing: select id, user_id, title, content, type, status, create_time, comment_count, score from discuss_post where id = ?
2021-12-02 20:41:06.611 DEBUG 44908 --- [http-nio-8080-exec-9] c.n.c.d.D.selectDiscussPostById          : ==> Parameters: 281(Integer)
2021-12-02 20:41:06.612 DEBUG 44908 --- [http-nio-8080-exec-9] c.n.c.d.D.selectDiscussPostById          : <==      Total: 1
2021-12-02 20:41:06.612 DEBUG 44908 --- [http-nio-8080-exec-9] c.n.community.dao.UserMapper.selectById  : ==>  Preparing: select id, username, password, salt, email, type, status, activation_code, header_url, create_time from user where id = ?
2021-12-02 20:41:06.612 DEBUG 44908 --- [http-nio-8080-exec-9] c.n.community.dao.UserMapper.selectById  : ==> Parameters: 154(Integer)
2021-12-02 20:41:06.613 DEBUG 44908 --- [http-nio-8080-exec-9] c.n.community.dao.UserMapper.selectById  : <==      Total: 1
2021-12-02 20:41:09.821 DEBUG 44908 --- [http-nio-8080-exec-8] c.n.c.d.L.selectByTicket                 : ==>  Preparing: select id, user_id, ticket, status, expired from login_ticket where ticket = ?
2021-12-02 20:41:09.822 DEBUG 44908 --- [http-nio-8080-exec-8] c.n.c.d.L.selectByTicket                 : ==> Parameters: 4750a2d378494bc08f08e2ba8eacc33d(String)
2021-12-02 20:41:09.823 DEBUG 44908 --- [http-nio-8080-exec-8] c.n.c.d.L.selectByTicket                 : <==      Total: 1
2021-12-02 20:41:09.823 DEBUG 44908 --- [http-nio-8080-exec-8] c.n.community.dao.UserMapper.selectById  : ==>  Preparing: select id, username, password, salt, email, type, status, activation_code, header_url, create_time from user where id = ?
2021-12-02 20:41:09.823 DEBUG 44908 --- [http-nio-8080-exec-8] c.n.community.dao.UserMapper.selectById  : ==> Parameters: 154(Integer)
2021-12-02 20:41:09.824 DEBUG 44908 --- [http-nio-8080-exec-8] c.n.community.dao.UserMapper.selectById  : <==      Total: 1
2021-12-02 20:41:09.824 DEBUG 44908 --- [http-nio-8080-exec-8] c.n.c.d.D.selectDiscussPostById          : ==>  Preparing: select id, user_id, title, content, type, status, create_time, comment_count, score from discuss_post where id = ?
2021-12-02 20:41:09.824 DEBUG 44908 --- [http-nio-8080-exec-8] c.n.c.d.D.selectDiscussPostById          : ==> Parameters: 282(Integer)
2021-12-02 20:41:09.825 DEBUG 44908 --- [http-nio-8080-exec-8] c.n.c.d.D.selectDiscussPostById          : <==      Total: 1
2021-12-02 20:41:09.825 DEBUG 44908 --- [http-nio-8080-exec-8] c.n.community.dao.UserMapper.selectById  : ==>  Preparing: select id, username, password, salt, email, type, status, activation_code, header_url, create_time from user where id = ?
2021-12-02 20:41:09.825 DEBUG 44908 --- [http-nio-8080-exec-8] c.n.community.dao.UserMapper.selectById  : ==> Parameters: 154(Integer)
2021-12-02 20:41:09.826 DEBUG 44908 --- [http-nio-8080-exec-8] c.n.community.dao.UserMapper.selectById  : <==      Total: 1
2021-12-02 20:41:13.033 DEBUG 44908 --- [http-nio-8080-exec-6] c.n.c.d.L.selectByTicket                 : ==>  Preparing: select id, user_id, ticket, status, expired from login_ticket where ticket = ?
2021-12-02 20:41:13.033 DEBUG 44908 --- [http-nio-8080-exec-6] c.n.c.d.L.selectByTicket                 : ==> Parameters: 4750a2d378494bc08f08e2ba8eacc33d(String)
2021-12-02 20:41:13.034 DEBUG 44908 --- [http-nio-8080-exec-6] c.n.c.d.L.selectByTicket                 : <==      Total: 1
2021-12-02 20:41:13.034 DEBUG 44908 --- [http-nio-8080-exec-6] c.n.community.dao.UserMapper.selectById  : ==>  Preparing: select id, username, password, salt, email, type, status, activation_code, header_url, create_time from user where id = ?
2021-12-02 20:41:13.035 DEBUG 44908 --- [http-nio-8080-exec-6] c.n.community.dao.UserMapper.selectById  : ==> Parameters: 154(Integer)
2021-12-02 20:41:13.035 DEBUG 44908 --- [http-nio-8080-exec-6] c.n.community.dao.UserMapper.selectById  : <==      Total: 1
2021-12-02 20:41:13.036 DEBUG 44908 --- [http-nio-8080-exec-6] c.n.c.d.D.selectDiscussPostById          : ==>  Preparing: select id, user_id, title, content, type, status, create_time, comment_count, score from discuss_post where id = ?
2021-12-02 20:41:13.036 DEBUG 44908 --- [http-nio-8080-exec-6] c.n.c.d.D.selectDiscussPostById          : ==> Parameters: 283(Integer)
2021-12-02 20:41:13.038 DEBUG 44908 --- [http-nio-8080-exec-6] c.n.c.d.D.selectDiscussPostById          : <==      Total: 1
2021-12-02 20:41:13.038 DEBUG 44908 --- [http-nio-8080-exec-6] c.n.community.dao.UserMapper.selectById  : ==>  Preparing: select id, username, password, salt, email, type, status, activation_code, header_url, create_time from user where id = ?
2021-12-02 20:41:13.038 DEBUG 44908 --- [http-nio-8080-exec-6] c.n.community.dao.UserMapper.selectById  : ==> Parameters: 154(Integer)
2021-12-02 20:41:13.039 DEBUG 44908 --- [http-nio-8080-exec-6] c.n.community.dao.UserMapper.selectById  : <==      Total: 1
2021-12-02 20:41:18.829 DEBUG 44908 --- [http-nio-8080-exec-3] c.n.c.d.L.selectByTicket                 : ==>  Preparing: select id, user_id, ticket, status, expired from login_ticket where ticket = ?
2021-12-02 20:41:18.830 DEBUG 44908 --- [http-nio-8080-exec-3] c.n.c.d.L.selectByTicket                 : ==> Parameters: 4750a2d378494bc08f08e2ba8eacc33d(String)
2021-12-02 20:41:18.831 DEBUG 44908 --- [http-nio-8080-exec-3] c.n.c.d.L.selectByTicket                 : <==      Total: 1
2021-12-02 20:41:18.831 DEBUG 44908 --- [http-nio-8080-exec-3] c.n.community.dao.UserMapper.selectById  : ==>  Preparing: select id, username, password, salt, email, type, status, activation_code, header_url, create_time from user where id = ?
2021-12-02 20:41:18.831 DEBUG 44908 --- [http-nio-8080-exec-3] c.n.community.dao.UserMapper.selectById  : ==> Parameters: 154(Integer)
2021-12-02 20:41:18.832 DEBUG 44908 --- [http-nio-8080-exec-3] c.n.community.dao.UserMapper.selectById  : <==      Total: 1
2021-12-02 20:41:18.836 DEBUG 44908 --- [http-nio-8080-exec-3] c.n.c.d.L.selectByTicket                 : ==>  Preparing: select id, user_id, ticket, status, expired from login_ticket where ticket = ?
2021-12-02 20:41:18.836 DEBUG 44908 --- [http-nio-8080-exec-3] c.n.c.d.L.selectByTicket                 : ==> Parameters: 4750a2d378494bc08f08e2ba8eacc33d(String)
2021-12-02 20:41:18.837 DEBUG 44908 --- [http-nio-8080-exec-3] c.n.c.d.L.selectByTicket                 : <==      Total: 1
2021-12-02 20:41:18.837 DEBUG 44908 --- [http-nio-8080-exec-3] c.n.community.dao.UserMapper.selectById  : ==>  Preparing: select id, username, password, salt, email, type, status, activation_code, header_url, create_time from user where id = ?
2021-12-02 20:41:18.838 DEBUG 44908 --- [http-nio-8080-exec-3] c.n.community.dao.UserMapper.selectById  : ==> Parameters: 154(Integer)
2021-12-02 20:41:18.838 DEBUG 44908 --- [http-nio-8080-exec-3] c.n.community.dao.UserMapper.selectById  : <==      Total: 1
2021-12-02 20:41:20.844 DEBUG 44908 --- [http-nio-8080-exec-9] c.n.c.d.L.selectByTicket                 : ==>  Preparing: select id, user_id, ticket, status, expired from login_ticket where ticket = ?
2021-12-02 20:41:20.844 DEBUG 44908 --- [http-nio-8080-exec-9] c.n.c.d.L.selectByTicket                 : ==> Parameters: 4750a2d378494bc08f08e2ba8eacc33d(String)
2021-12-02 20:41:20.845 DEBUG 44908 --- [http-nio-8080-exec-9] c.n.c.d.L.selectByTicket                 : <==      Total: 1
2021-12-02 20:41:20.846 DEBUG 44908 --- [http-nio-8080-exec-9] c.n.community.dao.UserMapper.selectById  : ==>  Preparing: select id, username, password, salt, email, type, status, activation_code, header_url, create_time from user where id = ?
2021-12-02 20:41:20.846 DEBUG 44908 --- [http-nio-8080-exec-9] c.n.community.dao.UserMapper.selectById  : ==> Parameters: 154(Integer)
2021-12-02 20:41:20.846 DEBUG 44908 --- [http-nio-8080-exec-9] c.n.community.dao.UserMapper.selectById  : <==      Total: 1
2021-12-02 20:41:20.847 DEBUG 44908 --- [http-nio-8080-exec-9] c.n.c.d.D.selectDiscussPostById          : ==>  Preparing: select id, user_id, title, content, type, status, create_time, comment_count, score from discuss_post where id = ?
2021-12-02 20:41:20.847 DEBUG 44908 --- [http-nio-8080-exec-9] c.n.c.d.D.selectDiscussPostById          : ==> Parameters: 234(Integer)
2021-12-02 20:41:20.848 DEBUG 44908 --- [http-nio-8080-exec-9] c.n.c.d.D.selectDiscussPostById          : <==      Total: 1
2021-12-02 20:41:20.848 DEBUG 44908 --- [http-nio-8080-exec-9] c.n.community.dao.UserMapper.selectById  : ==>  Preparing: select id, username, password, salt, email, type, status, activation_code, header_url, create_time from user where id = ?
2021-12-02 20:41:20.848 DEBUG 44908 --- [http-nio-8080-exec-9] c.n.community.dao.UserMapper.selectById  : ==> Parameters: 111(Integer)
2021-12-02 20:41:20.849 DEBUG 44908 --- [http-nio-8080-exec-9] c.n.community.dao.UserMapper.selectById  : <==      Total: 1
2021-12-02 20:41:25.406 DEBUG 44908 --- [http-nio-8080-exec-7] c.n.c.d.L.selectByTicket                 : ==>  Preparing: select id, user_id, ticket, status, expired from login_ticket where ticket = ?
2021-12-02 20:41:25.406 DEBUG 44908 --- [http-nio-8080-exec-7] c.n.c.d.L.selectByTicket                 : ==> Parameters: 4750a2d378494bc08f08e2ba8eacc33d(String)
2021-12-02 20:41:25.407 DEBUG 44908 --- [http-nio-8080-exec-7] c.n.c.d.L.selectByTicket                 : <==      Total: 1
2021-12-02 20:41:25.407 DEBUG 44908 --- [http-nio-8080-exec-7] c.n.community.dao.UserMapper.selectById  : ==>  Preparing: select id, username, password, salt, email, type, status, activation_code, header_url, create_time from user where id = ?
2021-12-02 20:41:25.407 DEBUG 44908 --- [http-nio-8080-exec-7] c.n.community.dao.UserMapper.selectById  : ==> Parameters: 154(Integer)
2021-12-02 20:41:25.408 DEBUG 44908 --- [http-nio-8080-exec-7] c.n.community.dao.UserMapper.selectById  : <==      Total: 1
2021-12-02 20:41:25.409 DEBUG 44908 --- [http-nio-8080-exec-7] c.n.c.d.D.selectDiscussPostById          : ==>  Preparing: select id, user_id, title, content, type, status, create_time, comment_count, score from discuss_post where id = ?
2021-12-02 20:41:25.409 DEBUG 44908 --- [http-nio-8080-exec-7] c.n.c.d.D.selectDiscussPostById          : ==> Parameters: 284(Integer)
2021-12-02 20:41:25.409 DEBUG 44908 --- [http-nio-8080-exec-7] c.n.c.d.D.selectDiscussPostById          : <==      Total: 1
2021-12-02 20:41:25.410 DEBUG 44908 --- [http-nio-8080-exec-7] c.n.community.dao.UserMapper.selectById  : ==>  Preparing: select id, username, password, salt, email, type, status, activation_code, header_url, create_time from user where id = ?
2021-12-02 20:41:25.410 DEBUG 44908 --- [http-nio-8080-exec-7] c.n.community.dao.UserMapper.selectById  : ==> Parameters: 154(Integer)
2021-12-02 20:41:25.410 DEBUG 44908 --- [http-nio-8080-exec-7] c.n.community.dao.UserMapper.selectById  : <==      Total: 1
2021-12-02 21:26:06.451  INFO 44908 --- [Thread-5] com.zaxxer.hikari.HikariDataSource       : HikariPool-1 - Shutdown initiated...
2021-12-02 21:26:06.455  INFO 44908 --- [Thread-5] com.zaxxer.hikari.HikariDataSource       : HikariPool-1 - Shutdown completed.
2021-12-02 21:26:06.548  INFO 44908 --- [restartedMain] c.n.community.CommunityApplication       : Starting CommunityApplication using Java 14.0.1 on LAPTOP-5CRCV1LI with PID 44908 (D:\Java\IdeaProjects\community\target\classes started by Real in D:\Java\IdeaProjects\community)
2021-12-02 21:26:06.549 DEBUG 44908 --- [restartedMain] c.n.community.CommunityApplication       : Running with Spring Boot v2.4.10, Spring v5.3.9
2021-12-02 21:26:06.549  INFO 44908 --- [restartedMain] c.n.community.CommunityApplication       : No active profile set, falling back to default profiles: default
2021-12-02 21:26:06.774  INFO 44908 --- [restartedMain] o.s.b.w.embedded.tomcat.TomcatWebServer  : Tomcat initialized with port(s): 8080 (http)
2021-12-02 21:26:06.775  INFO 44908 --- [restartedMain] o.apache.catalina.core.StandardService   : Starting service [Tomcat]
2021-12-02 21:26:06.775  INFO 44908 --- [restartedMain] org.apache.catalina.core.StandardEngine  : Starting Servlet engine: [Apache Tomcat/9.0.52]
2021-12-02 21:26:06.809  INFO 44908 --- [restartedMain] o.a.c.c.C.[.[localhost].[/community]     : Initializing Spring embedded WebApplicationContext
2021-12-02 21:26:06.809  INFO 44908 --- [restartedMain] w.s.c.ServletWebServerApplicationContext : Root WebApplicationContext: initialization completed in 257 ms
2021-12-02 21:26:07.034  INFO 44908 --- [restartedMain] o.s.b.a.w.s.WelcomePageHandlerMapping    : Adding welcome page template: index
2021-12-02 21:26:07.089  INFO 44908 --- [restartedMain] o.s.b.d.a.OptionalLiveReloadServer       : LiveReload server is running on port 35729
2021-12-02 21:26:07.106  INFO 44908 --- [restartedMain] o.s.b.w.embedded.tomcat.TomcatWebServer  : Tomcat started on port(s): 8080 (http) with context path '/community'
2021-12-02 21:26:07.110  INFO 44908 --- [restartedMain] c.n.community.CommunityApplication       : Started CommunityApplication in 0.596 seconds (JVM running for 2738.218)
2021-12-02 21:26:07.112  INFO 44908 --- [restartedMain] .ConditionEvaluationDeltaLoggingListener : Condition evaluation unchanged
2021-12-02 21:26:08.247  INFO 29808 --- [main] com.nowcoder.community.TransactionTests  : Starting TransactionTests using Java 14.0.1 on LAPTOP-5CRCV1LI with PID 29808 (started by Real in D:\Java\IdeaProjects\community)
2021-12-02 21:26:08.248 DEBUG 29808 --- [main] com.nowcoder.community.TransactionTests  : Running with Spring Boot v2.4.10, Spring v5.3.9
2021-12-02 21:26:08.249  INFO 29808 --- [main] com.nowcoder.community.TransactionTests  : No active profile set, falling back to default profiles: default
2021-12-02 21:26:08.686  INFO 44908 --- [restartedMain] c.n.community.CommunityApplication       : Starting CommunityApplication using Java 14.0.1 on LAPTOP-5CRCV1LI with PID 44908 (D:\Java\IdeaProjects\community\target\classes started by Real in D:\Java\IdeaProjects\community)
2021-12-02 21:26:08.687 DEBUG 44908 --- [restartedMain] c.n.community.CommunityApplication       : Running with Spring Boot v2.4.10, Spring v5.3.9
2021-12-02 21:26:08.687  INFO 44908 --- [restartedMain] c.n.community.CommunityApplication       : No active profile set, falling back to default profiles: default
2021-12-02 21:26:09.154  INFO 44908 --- [restartedMain] o.s.b.w.embedded.tomcat.TomcatWebServer  : Tomcat initialized with port(s): 8080 (http)
2021-12-02 21:26:09.155  INFO 44908 --- [restartedMain] o.apache.catalina.core.StandardService   : Starting service [Tomcat]
2021-12-02 21:26:09.156  INFO 44908 --- [restartedMain] org.apache.catalina.core.StandardEngine  : Starting Servlet engine: [Apache Tomcat/9.0.52]
2021-12-02 21:26:09.197  INFO 44908 --- [restartedMain] o.a.c.c.C.[.[localhost].[/community]     : Initializing Spring embedded WebApplicationContext
2021-12-02 21:26:09.197  INFO 44908 --- [restartedMain] w.s.c.ServletWebServerApplicationContext : Root WebApplicationContext: initialization completed in 487 ms
2021-12-02 21:26:09.387  INFO 44908 --- [restartedMain] o.s.b.a.w.s.WelcomePageHandlerMapping    : Adding welcome page template: index
2021-12-02 21:26:09.424  INFO 44908 --- [restartedMain] o.s.b.d.a.OptionalLiveReloadServer       : LiveReload server is running on port 35729
2021-12-02 21:26:09.436  INFO 44908 --- [restartedMain] o.s.b.w.embedded.tomcat.TomcatWebServer  : Tomcat started on port(s): 8080 (http) with context path '/community'
2021-12-02 21:26:09.439  INFO 44908 --- [restartedMain] c.n.community.CommunityApplication       : Started CommunityApplication in 0.818 seconds (JVM running for 2740.548)
2021-12-02 21:26:09.441  INFO 44908 --- [restartedMain] .ConditionEvaluationDeltaLoggingListener : Condition evaluation unchanged
2021-12-02 21:26:10.395  INFO 29808 --- [main] o.s.b.a.w.s.WelcomePageHandlerMapping    : Adding welcome page template: index
2021-12-02 21:26:10.625  INFO 29808 --- [main] com.nowcoder.community.TransactionTests  : Started TransactionTests in 2.679 seconds (JVM running for 3.465)
2021-12-02 21:26:11.067  INFO 29808 --- [main] com.zaxxer.hikari.HikariDataSource       : HikariPool-1 - Starting...
2021-12-02 21:26:11.349  INFO 29808 --- [main] com.zaxxer.hikari.HikariDataSource       : HikariPool-1 - Start completed.
2021-12-02 21:26:11.383 DEBUG 29808 --- [main] c.n.community.dao.UserMapper.insertUser  : ==>  Preparing: insert into user( username, password, salt, email, type, status, activation_code, header_url, create_time ) values(?, ?, ?, ?, ?, ?, ?, ?, ?)
2021-12-02 21:26:11.410 DEBUG 29808 --- [main] c.n.community.dao.UserMapper.insertUser  : ==> Parameters: alpha(String), 276f573cb42c632202693028b4a8c50f(String), c9471(String), alpha@qq.com(String), 0(Integer), 0(Integer), null, http://image.nowcoder.com/head/99t.png(String), 2021-12-02 21:26:11.361(Timestamp)
2021-12-02 21:26:11.415 DEBUG 29808 --- [main] c.n.community.dao.UserMapper.insertUser  : <==    Updates: 1
2021-12-02 21:26:11.427 DEBUG 29808 --- [main] c.n.c.d.D.insertDiscussPost              : ==>  Preparing: insert into discuss_post( user_id, title, content, type, status, create_time, comment_count, score ) values(?, ?, ?, ?, ?, ?, ?, ?)
2021-12-02 21:26:11.429 DEBUG 29808 --- [main] c.n.c.d.D.insertDiscussPost              : ==> Parameters: 155(Integer), Hello!(String), 新人报道(String), 0(Integer), 0(Integer), 2021-12-02 21:26:11.427(Timestamp), 0(Integer), 0.0(Double)
2021-12-02 21:26:11.433 DEBUG 29808 --- [main] c.n.c.d.D.insertDiscussPost              : <==    Updates: 1
2021-12-02 21:26:11.461  INFO 29808 --- [SpringContextShutdownHook] com.zaxxer.hikari.HikariDataSource       : HikariPool-1 - Shutdown initiated...
2021-12-02 21:26:11.466  INFO 29808 --- [SpringContextShutdownHook] com.zaxxer.hikari.HikariDataSource       : HikariPool-1 - Shutdown completed.
2021-12-02 21:34:00.260  INFO 44908 --- [restartedMain] c.n.community.CommunityApplication       : Starting CommunityApplication using Java 14.0.1 on LAPTOP-5CRCV1LI with PID 44908 (D:\Java\IdeaProjects\community\target\classes started by Real in D:\Java\IdeaProjects\community)
2021-12-02 21:34:00.260 DEBUG 44908 --- [restartedMain] c.n.community.CommunityApplication       : Running with Spring Boot v2.4.10, Spring v5.3.9
2021-12-02 21:34:00.260  INFO 44908 --- [restartedMain] c.n.community.CommunityApplication       : No active profile set, falling back to default profiles: default
2021-12-02 21:34:00.473  INFO 44908 --- [restartedMain] o.s.b.w.embedded.tomcat.TomcatWebServer  : Tomcat initialized with port(s): 8080 (http)
2021-12-02 21:34:00.474  INFO 44908 --- [restartedMain] o.apache.catalina.core.StandardService   : Starting service [Tomcat]
2021-12-02 21:34:00.474  INFO 44908 --- [restartedMain] org.apache.catalina.core.StandardEngine  : Starting Servlet engine: [Apache Tomcat/9.0.52]
2021-12-02 21:34:00.508  INFO 44908 --- [restartedMain] o.a.c.c.C.[.[localhost].[/community]     : Initializing Spring embedded WebApplicationContext
2021-12-02 21:34:00.508  INFO 44908 --- [restartedMain] w.s.c.ServletWebServerApplicationContext : Root WebApplicationContext: initialization completed in 246 ms
2021-12-02 21:34:00.635  INFO 44908 --- [restartedMain] o.s.b.a.w.s.WelcomePageHandlerMapping    : Adding welcome page template: index
2021-12-02 21:34:00.662  INFO 44908 --- [restartedMain] o.s.b.d.a.OptionalLiveReloadServer       : LiveReload server is running on port 35729
2021-12-02 21:34:00.673  INFO 44908 --- [restartedMain] o.s.b.w.embedded.tomcat.TomcatWebServer  : Tomcat started on port(s): 8080 (http) with context path '/community'
2021-12-02 21:34:00.675  INFO 44908 --- [restartedMain] c.n.community.CommunityApplication       : Started CommunityApplication in 0.441 seconds (JVM running for 3211.784)
2021-12-02 21:34:00.677  INFO 44908 --- [restartedMain] .ConditionEvaluationDeltaLoggingListener : Condition evaluation unchanged
2021-12-02 21:34:00.963  INFO 46260 --- [main] com.nowcoder.community.TransactionTests  : Starting TransactionTests using Java 14.0.1 on LAPTOP-5CRCV1LI with PID 46260 (started by Real in D:\Java\IdeaProjects\community)
2021-12-02 21:34:00.964 DEBUG 46260 --- [main] com.nowcoder.community.TransactionTests  : Running with Spring Boot v2.4.10, Spring v5.3.9
2021-12-02 21:34:00.965  INFO 46260 --- [main] com.nowcoder.community.TransactionTests  : No active profile set, falling back to default profiles: default
2021-12-02 21:34:02.406  INFO 46260 --- [main] o.s.b.a.w.s.WelcomePageHandlerMapping    : Adding welcome page template: index
2021-12-02 21:34:02.591  INFO 46260 --- [main] com.nowcoder.community.TransactionTests  : Started TransactionTests in 1.935 seconds (JVM running for 2.7)
2021-12-02 21:34:02.950  INFO 46260 --- [main] com.zaxxer.hikari.HikariDataSource       : HikariPool-1 - Starting...
2021-12-02 21:34:03.232  INFO 46260 --- [main] com.zaxxer.hikari.HikariDataSource       : HikariPool-1 - Start completed.
2021-12-02 21:34:03.260 DEBUG 46260 --- [main] c.n.community.dao.UserMapper.insertUser  : ==>  Preparing: insert into user( username, password, salt, email, type, status, activation_code, header_url, create_time ) values(?, ?, ?, ?, ?, ?, ?, ?, ?)
2021-12-02 21:34:03.286 DEBUG 46260 --- [main] c.n.community.dao.UserMapper.insertUser  : ==> Parameters: alpha(String), fececa4433ea0a9b167433b565d55f1d(String), 1d258(String), alpha@qq.com(String), 0(Integer), 0(Integer), null, http://image.nowcoder.com/head/99t.png(String), 2021-12-02 21:34:03.242(Timestamp)
2021-12-02 21:34:03.288 DEBUG 46260 --- [main] c.n.community.dao.UserMapper.insertUser  : <==    Updates: 1
2021-12-02 21:34:03.300 DEBUG 46260 --- [main] c.n.c.d.D.insertDiscussPost              : ==>  Preparing: insert into discuss_post( user_id, title, content, type, status, create_time, comment_count, score ) values(?, ?, ?, ?, ?, ?, ?, ?)
2021-12-02 21:34:03.301 DEBUG 46260 --- [main] c.n.c.d.D.insertDiscussPost              : ==> Parameters: 156(Integer), Hello!(String), 新人报道(String), 0(Integer), 0(Integer), 2021-12-02 21:34:03.299(Timestamp), 0(Integer), 0.0(Double)
2021-12-02 21:34:03.303 DEBUG 46260 --- [main] c.n.c.d.D.insertDiscussPost              : <==    Updates: 1
2021-12-02 21:34:03.324  INFO 46260 --- [SpringContextShutdownHook] com.zaxxer.hikari.HikariDataSource       : HikariPool-1 - Shutdown initiated...
2021-12-02 21:34:03.328  INFO 46260 --- [SpringContextShutdownHook] com.zaxxer.hikari.HikariDataSource       : HikariPool-1 - Shutdown completed.
2021-12-02 21:34:26.523  INFO 42980 --- [main] com.nowcoder.community.TransactionTests  : Starting TransactionTests using Java 14.0.1 on LAPTOP-5CRCV1LI with PID 42980 (started by Real in D:\Java\IdeaProjects\community)
2021-12-02 21:34:26.523 DEBUG 42980 --- [main] com.nowcoder.community.TransactionTests  : Running with Spring Boot v2.4.10, Spring v5.3.9
2021-12-02 21:34:26.524  INFO 42980 --- [main] com.nowcoder.community.TransactionTests  : No active profile set, falling back to default profiles: default
2021-12-02 21:34:28.045  INFO 42980 --- [main] o.s.b.a.w.s.WelcomePageHandlerMapping    : Adding welcome page template: index
2021-12-02 21:34:28.239  INFO 42980 --- [main] com.nowcoder.community.TransactionTests  : Started TransactionTests in 1.992 seconds (JVM running for 2.624)
2021-12-02 21:34:28.640  INFO 42980 --- [main] com.zaxxer.hikari.HikariDataSource       : HikariPool-1 - Starting...
2021-12-02 21:34:28.919  INFO 42980 --- [main] com.zaxxer.hikari.HikariDataSource       : HikariPool-1 - Start completed.
2021-12-02 21:34:28.942 DEBUG 42980 --- [main] c.n.community.dao.UserMapper.insertUser  : ==>  Preparing: insert into user( username, password, salt, email, type, status, activation_code, header_url, create_time ) values(?, ?, ?, ?, ?, ?, ?, ?, ?)
2021-12-02 21:34:28.965 DEBUG 42980 --- [main] c.n.community.dao.UserMapper.insertUser  : ==> Parameters: beta(String), 8cae514e29a6b03dc3b9ce3a96437fcd(String), 7f5f2(String), beta@qq.com(String), 0(Integer), 0(Integer), null, http://image.nowcoder.com/head/999t.png(String), 2021-12-02 21:34:28.924(Timestamp)
2021-12-02 21:34:28.967 DEBUG 42980 --- [main] c.n.community.dao.UserMapper.insertUser  : <==    Updates: 1
2021-12-02 21:34:28.978 DEBUG 42980 --- [main] c.n.c.d.D.insertDiscussPost              : ==>  Preparing: insert into discuss_post( user_id, title, content, type, status, create_time, comment_count, score ) values(?, ?, ?, ?, ?, ?, ?, ?)
2021-12-02 21:34:28.980 DEBUG 42980 --- [main] c.n.c.d.D.insertDiscussPost              : ==> Parameters: 157(Integer), 你好！(String), Hello World(String), 0(Integer), 0(Integer), 2021-12-02 21:34:28.978(Timestamp), 0(Integer), 0.0(Double)
2021-12-02 21:34:28.982 DEBUG 42980 --- [main] c.n.c.d.D.insertDiscussPost              : <==    Updates: 1
2021-12-02 21:34:29.003  INFO 42980 --- [SpringContextShutdownHook] com.zaxxer.hikari.HikariDataSource       : HikariPool-1 - Shutdown initiated...
2021-12-02 21:34:29.006  INFO 42980 --- [SpringContextShutdownHook] com.zaxxer.hikari.HikariDataSource       : HikariPool-1 - Shutdown completed.
